DEBUG - 2026-05-27 06:35:15 --> Session: Class initialized using 'CodeIgniter\Session\Handlers\FileHandler' driver.
DEBUG - 2026-05-27 06:38:14 --> Session: Class initialized using 'CodeIgniter\Session\Handlers\FileHandler' driver.
DEBUG - 2026-05-27 06:38:27 --> Session: Class initialized using 'CodeIgniter\Session\Handlers\FileHandler' driver.
INFO - 2026-05-27 06:38:37 --> CSRF token verified.
DEBUG - 2026-05-27 06:38:37 --> Session: Class initialized using 'CodeIgniter\Session\Handlers\FileHandler' driver.
DEBUG - 2026-05-27 06:38:42 --> Session: Class initialized using 'CodeIgniter\Session\Handlers\FileHandler' driver.
INFO - 2026-05-27 06:38:57 --> CSRF token verified.
DEBUG - 2026-05-27 06:38:57 --> Session: Class initialized using 'CodeIgniter\Session\Handlers\FileHandler' driver.
DEBUG - 2026-05-27 06:38:57 --> Session: Class initialized using 'CodeIgniter\Session\Handlers\FileHandler' driver.
DEBUG - 2026-05-27 06:39:14 --> Session: Class initialized using 'CodeIgniter\Session\Handlers\FileHandler' driver.
ERROR - 2026-05-27 06:39:14 --> Unknown column 'portfolio_url' in 'field list'
in SYSTEMPATH\Database\MySQLi\Connection.php on line 300.
 1 SYSTEMPATH\Database\MySQLi\Connection.php(300): mysqli->query('UPDATE `resume_header` SET `name` = \'Evar Idala Sanglitan Jr.\', `position` = \'Full-Stack Web Developer | CS Student\', `email` = \'evarsanglitanjr.320@gmail.com\', `phone` = \'09082825497\', `location` = \'Tangalan, Aklan, Philippines\', `linkedin` = \'\', `portfolio_url` = \'\', `show_photo` = 0
WHERE `resume_header`.`id` IN (\'1\')', 0)
 2 SYSTEMPATH\Database\BaseConnection.php(769): CodeIgniter\Database\MySQLi\Connection->execute('UPDATE `resume_header` SET `name` = \'Evar Idala Sanglitan Jr.\', `position` = \'Full-Stack Web Developer | CS Student\', `email` = \'evarsanglitanjr.320@gmail.com\', `phone` = \'09082825497\', `location` = \'Tangalan, Aklan, Philippines\', `linkedin` = \'\', `portfolio_url` = \'\', `show_photo` = 0
WHERE `resume_header`.`id` IN (\'1\')')
 3 SYSTEMPATH\Database\BaseConnection.php(686): CodeIgniter\Database\BaseConnection->simpleQuery('UPDATE `resume_header` SET `name` = \'Evar Idala Sanglitan Jr.\', `position` = \'Full-Stack Web Developer | CS Student\', `email` = \'evarsanglitanjr.320@gmail.com\', `phone` = \'09082825497\', `location` = \'Tangalan, Aklan, Philippines\', `linkedin` = \'\', `portfolio_url` = \'\', `show_photo` = 0
WHERE `resume_header`.`id` IN (\'1\')')
 4 SYSTEMPATH\Database\BaseBuilder.php(2521): CodeIgniter\Database\BaseConnection->query('UPDATE `resume_header` SET `name` = :name:, `position` = :position:, `email` = :email:, `phone` = :phone:, `location` = :location:, `linkedin` = :linkedin:, `portfolio_url` = :portfolio_url:, `show_photo` = :show_photo:
WHERE `resume_header`.`id` IN :resume_header.id:', [...], false)
 5 SYSTEMPATH\Model.php(407): CodeIgniter\Database\BaseBuilder->update()
 6 SYSTEMPATH\BaseModel.php(1073): CodeIgniter\Model->doUpdate([...], [...])
 7 SYSTEMPATH\Model.php(706): CodeIgniter\BaseModel->update([...], [...])
 8 APPPATH\Models\HeaderModel.php(33): CodeIgniter\Model->update('1', [...])
 9 APPPATH\Controllers\Api\HeaderController.php(12): App\Models\HeaderModel->updateHeader([...])
10 SYSTEMPATH\CodeIgniter.php(951): App\Controllers\Api\HeaderController->update()
11 SYSTEMPATH\CodeIgniter.php(497): CodeIgniter\CodeIgniter->runController(Object(App\Controllers\Api\HeaderController))
12 SYSTEMPATH\CodeIgniter.php(340): CodeIgniter\CodeIgniter->handleRequest(null, Object(Config\Cache), false)
13 SYSTEMPATH\Boot.php(417): CodeIgniter\CodeIgniter->run()
14 SYSTEMPATH\Boot.php(68): CodeIgniter\Boot::runCodeIgniter(Object(CodeIgniter\CodeIgniter))
15 FCPATH\index.php(59): CodeIgniter\Boot::bootWeb(Object(Config\Paths))
CRITICAL - 2026-05-27 06:39:14 --> CodeIgniter\Database\Exceptions\DatabaseException: Unknown column 'portfolio_url' in 'field list'
[Method: POST, Route: api/header/update]
in SYSTEMPATH\Database\BaseConnection.php on line 724.
 1 SYSTEMPATH\Database\BaseBuilder.php(2521): CodeIgniter\Database\BaseConnection->query('UPDATE `resume_header` SET `name` = :name:, `position` = :position:, `email` = :email:, `phone` = :phone:, `location` = :location:, `linkedin` = :linkedin:, `portfolio_url` = :portfolio_url:, `show_photo` = :show_photo:
WHERE `resume_header`.`id` IN :resume_header.id:', [...], false)
 2 SYSTEMPATH\Model.php(407): CodeIgniter\Database\BaseBuilder->update()
 3 SYSTEMPATH\BaseModel.php(1073): CodeIgniter\Model->doUpdate([...], [...])
 4 SYSTEMPATH\Model.php(706): CodeIgniter\BaseModel->update([...], [...])
 5 APPPATH\Models\HeaderModel.php(33): CodeIgniter\Model->update('1', [...])
 6 APPPATH\Controllers\Api\HeaderController.php(12): App\Models\HeaderModel->updateHeader([...])
 7 SYSTEMPATH\CodeIgniter.php(951): App\Controllers\Api\HeaderController->update()
 8 SYSTEMPATH\CodeIgniter.php(497): CodeIgniter\CodeIgniter->runController(Object(App\Controllers\Api\HeaderController))
 9 SYSTEMPATH\CodeIgniter.php(340): CodeIgniter\CodeIgniter->handleRequest(null, Object(Config\Cache), false)
10 SYSTEMPATH\Boot.php(417): CodeIgniter\CodeIgniter->run()
11 SYSTEMPATH\Boot.php(68): CodeIgniter\Boot::runCodeIgniter(Object(CodeIgniter\CodeIgniter))
12 FCPATH\index.php(59): CodeIgniter\Boot::bootWeb(Object(Config\Paths))
CRITICAL - 2026-05-27 06:39:14 --> [Caused by] CodeIgniter\Database\Exceptions\DatabaseException: Unknown column 'portfolio_url' in 'field list'
in SYSTEMPATH\Database\MySQLi\Connection.php on line 310.
 1 SYSTEMPATH\Database\BaseConnection.php(769): CodeIgniter\Database\MySQLi\Connection->execute('UPDATE `resume_header` SET `name` = \'Evar Idala Sanglitan Jr.\', `position` = \'Full-Stack Web Developer | CS Student\', `email` = \'evarsanglitanjr.320@gmail.com\', `phone` = \'09082825497\', `location` = \'Tangalan, Aklan, Philippines\', `linkedin` = \'\', `portfolio_url` = \'\', `show_photo` = 0
WHERE `resume_header`.`id` IN (\'1\')')
 2 SYSTEMPATH\Database\BaseConnection.php(686): CodeIgniter\Database\BaseConnection->simpleQuery('UPDATE `resume_header` SET `name` = \'Evar Idala Sanglitan Jr.\', `position` = \'Full-Stack Web Developer | CS Student\', `email` = \'evarsanglitanjr.320@gmail.com\', `phone` = \'09082825497\', `location` = \'Tangalan, Aklan, Philippines\', `linkedin` = \'\', `portfolio_url` = \'\', `show_photo` = 0
WHERE `resume_header`.`id` IN (\'1\')')
 3 SYSTEMPATH\Database\BaseBuilder.php(2521): CodeIgniter\Database\BaseConnection->query('UPDATE `resume_header` SET `name` = :name:, `position` = :position:, `email` = :email:, `phone` = :phone:, `location` = :location:, `linkedin` = :linkedin:, `portfolio_url` = :portfolio_url:, `show_photo` = :show_photo:
WHERE `resume_header`.`id` IN :resume_header.id:', [...], false)
 4 SYSTEMPATH\Model.php(407): CodeIgniter\Database\BaseBuilder->update()
 5 SYSTEMPATH\BaseModel.php(1073): CodeIgniter\Model->doUpdate([...], [...])
 6 SYSTEMPATH\Model.php(706): CodeIgniter\BaseModel->update([...], [...])
 7 APPPATH\Models\HeaderModel.php(33): CodeIgniter\Model->update('1', [...])
 8 APPPATH\Controllers\Api\HeaderController.php(12): App\Models\HeaderModel->updateHeader([...])
 9 SYSTEMPATH\CodeIgniter.php(951): App\Controllers\Api\HeaderController->update()
10 SYSTEMPATH\CodeIgniter.php(497): CodeIgniter\CodeIgniter->runController(Object(App\Controllers\Api\HeaderController))
11 SYSTEMPATH\CodeIgniter.php(340): CodeIgniter\CodeIgniter->handleRequest(null, Object(Config\Cache), false)
12 SYSTEMPATH\Boot.php(417): CodeIgniter\CodeIgniter->run()
13 SYSTEMPATH\Boot.php(68): CodeIgniter\Boot::runCodeIgniter(Object(CodeIgniter\CodeIgniter))
14 FCPATH\index.php(59): CodeIgniter\Boot::bootWeb(Object(Config\Paths))
CRITICAL - 2026-05-27 06:39:14 --> [Caused by] mysqli_sql_exception: Unknown column 'portfolio_url' in 'field list'
in SYSTEMPATH\Database\MySQLi\Connection.php on line 300.
 1 SYSTEMPATH\Database\MySQLi\Connection.php(300): mysqli->query('UPDATE `resume_header` SET `name` = \'Evar Idala Sanglitan Jr.\', `position` = \'Full-Stack Web Developer | CS Student\', `email` = \'evarsanglitanjr.320@gmail.com\', `phone` = \'09082825497\', `location` = \'Tangalan, Aklan, Philippines\', `linkedin` = \'\', `portfolio_url` = \'\', `show_photo` = 0
WHERE `resume_header`.`id` IN (\'1\')', 0)
 2 SYSTEMPATH\Database\BaseConnection.php(769): CodeIgniter\Database\MySQLi\Connection->execute('UPDATE `resume_header` SET `name` = \'Evar Idala Sanglitan Jr.\', `position` = \'Full-Stack Web Developer | CS Student\', `email` = \'evarsanglitanjr.320@gmail.com\', `phone` = \'09082825497\', `location` = \'Tangalan, Aklan, Philippines\', `linkedin` = \'\', `portfolio_url` = \'\', `show_photo` = 0
WHERE `resume_header`.`id` IN (\'1\')')
 3 SYSTEMPATH\Database\BaseConnection.php(686): CodeIgniter\Database\BaseConnection->simpleQuery('UPDATE `resume_header` SET `name` = \'Evar Idala Sanglitan Jr.\', `position` = \'Full-Stack Web Developer | CS Student\', `email` = \'evarsanglitanjr.320@gmail.com\', `phone` = \'09082825497\', `location` = \'Tangalan, Aklan, Philippines\', `linkedin` = \'\', `portfolio_url` = \'\', `show_photo` = 0
WHERE `resume_header`.`id` IN (\'1\')')
 4 SYSTEMPATH\Database\BaseBuilder.php(2521): CodeIgniter\Database\BaseConnection->query('UPDATE `resume_header` SET `name` = :name:, `position` = :position:, `email` = :email:, `phone` = :phone:, `location` = :location:, `linkedin` = :linkedin:, `portfolio_url` = :portfolio_url:, `show_photo` = :show_photo:
WHERE `resume_header`.`id` IN :resume_header.id:', [...], false)
 5 SYSTEMPATH\Model.php(407): CodeIgniter\Database\BaseBuilder->update()
 6 SYSTEMPATH\BaseModel.php(1073): CodeIgniter\Model->doUpdate([...], [...])
 7 SYSTEMPATH\Model.php(706): CodeIgniter\BaseModel->update([...], [...])
 8 APPPATH\Models\HeaderModel.php(33): CodeIgniter\Model->update('1', [...])
 9 APPPATH\Controllers\Api\HeaderController.php(12): App\Models\HeaderModel->updateHeader([...])
10 SYSTEMPATH\CodeIgniter.php(951): App\Controllers\Api\HeaderController->update()
11 SYSTEMPATH\CodeIgniter.php(497): CodeIgniter\CodeIgniter->runController(Object(App\Controllers\Api\HeaderController))
12 SYSTEMPATH\CodeIgniter.php(340): CodeIgniter\CodeIgniter->handleRequest(null, Object(Config\Cache), false)
13 SYSTEMPATH\Boot.php(417): CodeIgniter\CodeIgniter->run()
14 SYSTEMPATH\Boot.php(68): CodeIgniter\Boot::runCodeIgniter(Object(CodeIgniter\CodeIgniter))
15 FCPATH\index.php(59): CodeIgniter\Boot::bootWeb(Object(Config\Paths))
DEBUG - 2026-05-27 06:39:22 --> Session: Class initialized using 'CodeIgniter\Session\Handlers\FileHandler' driver.
ERROR - 2026-05-27 06:39:22 --> Unknown column 'portfolio_url' in 'field list'
in SYSTEMPATH\Database\MySQLi\Connection.php on line 300.
 1 SYSTEMPATH\Database\MySQLi\Connection.php(300): mysqli->query('UPDATE `resume_header` SET `name` = \'Evar Idala Sanglitan Jr.\', `position` = \'Full-Stack Web Developer | CS Student\', `email` = \'evarsanglitanjr.320@gmail.com\', `phone` = \'09082825497\', `location` = \'Tangalan, Aklan, Philippines\', `linkedin` = \'\', `portfolio_url` = \'\', `show_photo` = 0
WHERE `resume_header`.`id` IN (\'1\')', 0)
 2 SYSTEMPATH\Database\BaseConnection.php(769): CodeIgniter\Database\MySQLi\Connection->execute('UPDATE `resume_header` SET `name` = \'Evar Idala Sanglitan Jr.\', `position` = \'Full-Stack Web Developer | CS Student\', `email` = \'evarsanglitanjr.320@gmail.com\', `phone` = \'09082825497\', `location` = \'Tangalan, Aklan, Philippines\', `linkedin` = \'\', `portfolio_url` = \'\', `show_photo` = 0
WHERE `resume_header`.`id` IN (\'1\')')
 3 SYSTEMPATH\Database\BaseConnection.php(686): CodeIgniter\Database\BaseConnection->simpleQuery('UPDATE `resume_header` SET `name` = \'Evar Idala Sanglitan Jr.\', `position` = \'Full-Stack Web Developer | CS Student\', `email` = \'evarsanglitanjr.320@gmail.com\', `phone` = \'09082825497\', `location` = \'Tangalan, Aklan, Philippines\', `linkedin` = \'\', `portfolio_url` = \'\', `show_photo` = 0
WHERE `resume_header`.`id` IN (\'1\')')
 4 SYSTEMPATH\Database\BaseBuilder.php(2521): CodeIgniter\Database\BaseConnection->query('UPDATE `resume_header` SET `name` = :name:, `position` = :position:, `email` = :email:, `phone` = :phone:, `location` = :location:, `linkedin` = :linkedin:, `portfolio_url` = :portfolio_url:, `show_photo` = :show_photo:
WHERE `resume_header`.`id` IN :resume_header.id:', [...], false)
 5 SYSTEMPATH\Model.php(407): CodeIgniter\Database\BaseBuilder->update()
 6 SYSTEMPATH\BaseModel.php(1073): CodeIgniter\Model->doUpdate([...], [...])
 7 SYSTEMPATH\Model.php(706): CodeIgniter\BaseModel->update([...], [...])
 8 APPPATH\Models\HeaderModel.php(33): CodeIgniter\Model->update('1', [...])
 9 APPPATH\Controllers\Api\HeaderController.php(12): App\Models\HeaderModel->updateHeader([...])
10 SYSTEMPATH\CodeIgniter.php(951): App\Controllers\Api\HeaderController->update()
11 SYSTEMPATH\CodeIgniter.php(497): CodeIgniter\CodeIgniter->runController(Object(App\Controllers\Api\HeaderController))
12 SYSTEMPATH\CodeIgniter.php(340): CodeIgniter\CodeIgniter->handleRequest(null, Object(Config\Cache), false)
13 SYSTEMPATH\Boot.php(417): CodeIgniter\CodeIgniter->run()
14 SYSTEMPATH\Boot.php(68): CodeIgniter\Boot::runCodeIgniter(Object(CodeIgniter\CodeIgniter))
15 FCPATH\index.php(59): CodeIgniter\Boot::bootWeb(Object(Config\Paths))
CRITICAL - 2026-05-27 06:39:22 --> CodeIgniter\Database\Exceptions\DatabaseException: Unknown column 'portfolio_url' in 'field list'
[Method: POST, Route: api/header/update]
in SYSTEMPATH\Database\BaseConnection.php on line 724.
 1 SYSTEMPATH\Database\BaseBuilder.php(2521): CodeIgniter\Database\BaseConnection->query('UPDATE `resume_header` SET `name` = :name:, `position` = :position:, `email` = :email:, `phone` = :phone:, `location` = :location:, `linkedin` = :linkedin:, `portfolio_url` = :portfolio_url:, `show_photo` = :show_photo:
WHERE `resume_header`.`id` IN :resume_header.id:', [...], false)
 2 SYSTEMPATH\Model.php(407): CodeIgniter\Database\BaseBuilder->update()
 3 SYSTEMPATH\BaseModel.php(1073): CodeIgniter\Model->doUpdate([...], [...])
 4 SYSTEMPATH\Model.php(706): CodeIgniter\BaseModel->update([...], [...])
 5 APPPATH\Models\HeaderModel.php(33): CodeIgniter\Model->update('1', [...])
 6 APPPATH\Controllers\Api\HeaderController.php(12): App\Models\HeaderModel->updateHeader([...])
 7 SYSTEMPATH\CodeIgniter.php(951): App\Controllers\Api\HeaderController->update()
 8 SYSTEMPATH\CodeIgniter.php(497): CodeIgniter\CodeIgniter->runController(Object(App\Controllers\Api\HeaderController))
 9 SYSTEMPATH\CodeIgniter.php(340): CodeIgniter\CodeIgniter->handleRequest(null, Object(Config\Cache), false)
10 SYSTEMPATH\Boot.php(417): CodeIgniter\CodeIgniter->run()
11 SYSTEMPATH\Boot.php(68): CodeIgniter\Boot::runCodeIgniter(Object(CodeIgniter\CodeIgniter))
12 FCPATH\index.php(59): CodeIgniter\Boot::bootWeb(Object(Config\Paths))
CRITICAL - 2026-05-27 06:39:22 --> [Caused by] CodeIgniter\Database\Exceptions\DatabaseException: Unknown column 'portfolio_url' in 'field list'
in SYSTEMPATH\Database\MySQLi\Connection.php on line 310.
 1 SYSTEMPATH\Database\BaseConnection.php(769): CodeIgniter\Database\MySQLi\Connection->execute('UPDATE `resume_header` SET `name` = \'Evar Idala Sanglitan Jr.\', `position` = \'Full-Stack Web Developer | CS Student\', `email` = \'evarsanglitanjr.320@gmail.com\', `phone` = \'09082825497\', `location` = \'Tangalan, Aklan, Philippines\', `linkedin` = \'\', `portfolio_url` = \'\', `show_photo` = 0
WHERE `resume_header`.`id` IN (\'1\')')
 2 SYSTEMPATH\Database\BaseConnection.php(686): CodeIgniter\Database\BaseConnection->simpleQuery('UPDATE `resume_header` SET `name` = \'Evar Idala Sanglitan Jr.\', `position` = \'Full-Stack Web Developer | CS Student\', `email` = \'evarsanglitanjr.320@gmail.com\', `phone` = \'09082825497\', `location` = \'Tangalan, Aklan, Philippines\', `linkedin` = \'\', `portfolio_url` = \'\', `show_photo` = 0
WHERE `resume_header`.`id` IN (\'1\')')
 3 SYSTEMPATH\Database\BaseBuilder.php(2521): CodeIgniter\Database\BaseConnection->query('UPDATE `resume_header` SET `name` = :name:, `position` = :position:, `email` = :email:, `phone` = :phone:, `location` = :location:, `linkedin` = :linkedin:, `portfolio_url` = :portfolio_url:, `show_photo` = :show_photo:
WHERE `resume_header`.`id` IN :resume_header.id:', [...], false)
 4 SYSTEMPATH\Model.php(407): CodeIgniter\Database\BaseBuilder->update()
 5 SYSTEMPATH\BaseModel.php(1073): CodeIgniter\Model->doUpdate([...], [...])
 6 SYSTEMPATH\Model.php(706): CodeIgniter\BaseModel->update([...], [...])
 7 APPPATH\Models\HeaderModel.php(33): CodeIgniter\Model->update('1', [...])
 8 APPPATH\Controllers\Api\HeaderController.php(12): App\Models\HeaderModel->updateHeader([...])
 9 SYSTEMPATH\CodeIgniter.php(951): App\Controllers\Api\HeaderController->update()
10 SYSTEMPATH\CodeIgniter.php(497): CodeIgniter\CodeIgniter->runController(Object(App\Controllers\Api\HeaderController))
11 SYSTEMPATH\CodeIgniter.php(340): CodeIgniter\CodeIgniter->handleRequest(null, Object(Config\Cache), false)
12 SYSTEMPATH\Boot.php(417): CodeIgniter\CodeIgniter->run()
13 SYSTEMPATH\Boot.php(68): CodeIgniter\Boot::runCodeIgniter(Object(CodeIgniter\CodeIgniter))
14 FCPATH\index.php(59): CodeIgniter\Boot::bootWeb(Object(Config\Paths))
CRITICAL - 2026-05-27 06:39:22 --> [Caused by] mysqli_sql_exception: Unknown column 'portfolio_url' in 'field list'
in SYSTEMPATH\Database\MySQLi\Connection.php on line 300.
 1 SYSTEMPATH\Database\MySQLi\Connection.php(300): mysqli->query('UPDATE `resume_header` SET `name` = \'Evar Idala Sanglitan Jr.\', `position` = \'Full-Stack Web Developer | CS Student\', `email` = \'evarsanglitanjr.320@gmail.com\', `phone` = \'09082825497\', `location` = \'Tangalan, Aklan, Philippines\', `linkedin` = \'\', `portfolio_url` = \'\', `show_photo` = 0
WHERE `resume_header`.`id` IN (\'1\')', 0)
 2 SYSTEMPATH\Database\BaseConnection.php(769): CodeIgniter\Database\MySQLi\Connection->execute('UPDATE `resume_header` SET `name` = \'Evar Idala Sanglitan Jr.\', `position` = \'Full-Stack Web Developer | CS Student\', `email` = \'evarsanglitanjr.320@gmail.com\', `phone` = \'09082825497\', `location` = \'Tangalan, Aklan, Philippines\', `linkedin` = \'\', `portfolio_url` = \'\', `show_photo` = 0
WHERE `resume_header`.`id` IN (\'1\')')
 3 SYSTEMPATH\Database\BaseConnection.php(686): CodeIgniter\Database\BaseConnection->simpleQuery('UPDATE `resume_header` SET `name` = \'Evar Idala Sanglitan Jr.\', `position` = \'Full-Stack Web Developer | CS Student\', `email` = \'evarsanglitanjr.320@gmail.com\', `phone` = \'09082825497\', `location` = \'Tangalan, Aklan, Philippines\', `linkedin` = \'\', `portfolio_url` = \'\', `show_photo` = 0
WHERE `resume_header`.`id` IN (\'1\')')
 4 SYSTEMPATH\Database\BaseBuilder.php(2521): CodeIgniter\Database\BaseConnection->query('UPDATE `resume_header` SET `name` = :name:, `position` = :position:, `email` = :email:, `phone` = :phone:, `location` = :location:, `linkedin` = :linkedin:, `portfolio_url` = :portfolio_url:, `show_photo` = :show_photo:
WHERE `resume_header`.`id` IN :resume_header.id:', [...], false)
 5 SYSTEMPATH\Model.php(407): CodeIgniter\Database\BaseBuilder->update()
 6 SYSTEMPATH\BaseModel.php(1073): CodeIgniter\Model->doUpdate([...], [...])
 7 SYSTEMPATH\Model.php(706): CodeIgniter\BaseModel->update([...], [...])
 8 APPPATH\Models\HeaderModel.php(33): CodeIgniter\Model->update('1', [...])
 9 APPPATH\Controllers\Api\HeaderController.php(12): App\Models\HeaderModel->updateHeader([...])
10 SYSTEMPATH\CodeIgniter.php(951): App\Controllers\Api\HeaderController->update()
11 SYSTEMPATH\CodeIgniter.php(497): CodeIgniter\CodeIgniter->runController(Object(App\Controllers\Api\HeaderController))
12 SYSTEMPATH\CodeIgniter.php(340): CodeIgniter\CodeIgniter->handleRequest(null, Object(Config\Cache), false)
13 SYSTEMPATH\Boot.php(417): CodeIgniter\CodeIgniter->run()
14 SYSTEMPATH\Boot.php(68): CodeIgniter\Boot::runCodeIgniter(Object(CodeIgniter\CodeIgniter))
15 FCPATH\index.php(59): CodeIgniter\Boot::bootWeb(Object(Config\Paths))
DEBUG - 2026-05-27 06:39:45 --> Session: Class initialized using 'CodeIgniter\Session\Handlers\FileHandler' driver.
ERROR - 2026-05-27 06:39:45 --> Unknown column 'portfolio_url' in 'field list'
in SYSTEMPATH\Database\MySQLi\Connection.php on line 300.
 1 SYSTEMPATH\Database\MySQLi\Connection.php(300): mysqli->query('UPDATE `resume_header` SET `name` = \'Evar Idala Sanglitan Jr.\', `position` = \'Full-Stack Web Developer | CS Student\', `email` = \'evarsanglitanjr.320@gmail.com\', `phone` = \'09082825497\', `location` = \'Tangalan, Aklan, Philippines\', `linkedin` = \'\', `portfolio_url` = \'\', `show_photo` = 0
WHERE `resume_header`.`id` IN (\'1\')', 0)
 2 SYSTEMPATH\Database\BaseConnection.php(769): CodeIgniter\Database\MySQLi\Connection->execute('UPDATE `resume_header` SET `name` = \'Evar Idala Sanglitan Jr.\', `position` = \'Full-Stack Web Developer | CS Student\', `email` = \'evarsanglitanjr.320@gmail.com\', `phone` = \'09082825497\', `location` = \'Tangalan, Aklan, Philippines\', `linkedin` = \'\', `portfolio_url` = \'\', `show_photo` = 0
WHERE `resume_header`.`id` IN (\'1\')')
 3 SYSTEMPATH\Database\BaseConnection.php(686): CodeIgniter\Database\BaseConnection->simpleQuery('UPDATE `resume_header` SET `name` = \'Evar Idala Sanglitan Jr.\', `position` = \'Full-Stack Web Developer | CS Student\', `email` = \'evarsanglitanjr.320@gmail.com\', `phone` = \'09082825497\', `location` = \'Tangalan, Aklan, Philippines\', `linkedin` = \'\', `portfolio_url` = \'\', `show_photo` = 0
WHERE `resume_header`.`id` IN (\'1\')')
 4 SYSTEMPATH\Database\BaseBuilder.php(2521): CodeIgniter\Database\BaseConnection->query('UPDATE `resume_header` SET `name` = :name:, `position` = :position:, `email` = :email:, `phone` = :phone:, `location` = :location:, `linkedin` = :linkedin:, `portfolio_url` = :portfolio_url:, `show_photo` = :show_photo:
WHERE `resume_header`.`id` IN :resume_header.id:', [...], false)
 5 SYSTEMPATH\Model.php(407): CodeIgniter\Database\BaseBuilder->update()
 6 SYSTEMPATH\BaseModel.php(1073): CodeIgniter\Model->doUpdate([...], [...])
 7 SYSTEMPATH\Model.php(706): CodeIgniter\BaseModel->update([...], [...])
 8 APPPATH\Models\HeaderModel.php(33): CodeIgniter\Model->update('1', [...])
 9 APPPATH\Controllers\Api\HeaderController.php(12): App\Models\HeaderModel->updateHeader([...])
10 SYSTEMPATH\CodeIgniter.php(951): App\Controllers\Api\HeaderController->update()
11 SYSTEMPATH\CodeIgniter.php(497): CodeIgniter\CodeIgniter->runController(Object(App\Controllers\Api\HeaderController))
12 SYSTEMPATH\CodeIgniter.php(340): CodeIgniter\CodeIgniter->handleRequest(null, Object(Config\Cache), false)
13 SYSTEMPATH\Boot.php(417): CodeIgniter\CodeIgniter->run()
14 SYSTEMPATH\Boot.php(68): CodeIgniter\Boot::runCodeIgniter(Object(CodeIgniter\CodeIgniter))
15 FCPATH\index.php(59): CodeIgniter\Boot::bootWeb(Object(Config\Paths))
CRITICAL - 2026-05-27 06:39:45 --> CodeIgniter\Database\Exceptions\DatabaseException: Unknown column 'portfolio_url' in 'field list'
[Method: POST, Route: api/header/update]
in SYSTEMPATH\Database\BaseConnection.php on line 724.
 1 SYSTEMPATH\Database\BaseBuilder.php(2521): CodeIgniter\Database\BaseConnection->query('UPDATE `resume_header` SET `name` = :name:, `position` = :position:, `email` = :email:, `phone` = :phone:, `location` = :location:, `linkedin` = :linkedin:, `portfolio_url` = :portfolio_url:, `show_photo` = :show_photo:
WHERE `resume_header`.`id` IN :resume_header.id:', [...], false)
 2 SYSTEMPATH\Model.php(407): CodeIgniter\Database\BaseBuilder->update()
 3 SYSTEMPATH\BaseModel.php(1073): CodeIgniter\Model->doUpdate([...], [...])
 4 SYSTEMPATH\Model.php(706): CodeIgniter\BaseModel->update([...], [...])
 5 APPPATH\Models\HeaderModel.php(33): CodeIgniter\Model->update('1', [...])
 6 APPPATH\Controllers\Api\HeaderController.php(12): App\Models\HeaderModel->updateHeader([...])
 7 SYSTEMPATH\CodeIgniter.php(951): App\Controllers\Api\HeaderController->update()
 8 SYSTEMPATH\CodeIgniter.php(497): CodeIgniter\CodeIgniter->runController(Object(App\Controllers\Api\HeaderController))
 9 SYSTEMPATH\CodeIgniter.php(340): CodeIgniter\CodeIgniter->handleRequest(null, Object(Config\Cache), false)
10 SYSTEMPATH\Boot.php(417): CodeIgniter\CodeIgniter->run()
11 SYSTEMPATH\Boot.php(68): CodeIgniter\Boot::runCodeIgniter(Object(CodeIgniter\CodeIgniter))
12 FCPATH\index.php(59): CodeIgniter\Boot::bootWeb(Object(Config\Paths))
CRITICAL - 2026-05-27 06:39:45 --> [Caused by] CodeIgniter\Database\Exceptions\DatabaseException: Unknown column 'portfolio_url' in 'field list'
in SYSTEMPATH\Database\MySQLi\Connection.php on line 310.
 1 SYSTEMPATH\Database\BaseConnection.php(769): CodeIgniter\Database\MySQLi\Connection->execute('UPDATE `resume_header` SET `name` = \'Evar Idala Sanglitan Jr.\', `position` = \'Full-Stack Web Developer | CS Student\', `email` = \'evarsanglitanjr.320@gmail.com\', `phone` = \'09082825497\', `location` = \'Tangalan, Aklan, Philippines\', `linkedin` = \'\', `portfolio_url` = \'\', `show_photo` = 0
WHERE `resume_header`.`id` IN (\'1\')')
 2 SYSTEMPATH\Database\BaseConnection.php(686): CodeIgniter\Database\BaseConnection->simpleQuery('UPDATE `resume_header` SET `name` = \'Evar Idala Sanglitan Jr.\', `position` = \'Full-Stack Web Developer | CS Student\', `email` = \'evarsanglitanjr.320@gmail.com\', `phone` = \'09082825497\', `location` = \'Tangalan, Aklan, Philippines\', `linkedin` = \'\', `portfolio_url` = \'\', `show_photo` = 0
WHERE `resume_header`.`id` IN (\'1\')')
 3 SYSTEMPATH\Database\BaseBuilder.php(2521): CodeIgniter\Database\BaseConnection->query('UPDATE `resume_header` SET `name` = :name:, `position` = :position:, `email` = :email:, `phone` = :phone:, `location` = :location:, `linkedin` = :linkedin:, `portfolio_url` = :portfolio_url:, `show_photo` = :show_photo:
WHERE `resume_header`.`id` IN :resume_header.id:', [...], false)
 4 SYSTEMPATH\Model.php(407): CodeIgniter\Database\BaseBuilder->update()
 5 SYSTEMPATH\BaseModel.php(1073): CodeIgniter\Model->doUpdate([...], [...])
 6 SYSTEMPATH\Model.php(706): CodeIgniter\BaseModel->update([...], [...])
 7 APPPATH\Models\HeaderModel.php(33): CodeIgniter\Model->update('1', [...])
 8 APPPATH\Controllers\Api\HeaderController.php(12): App\Models\HeaderModel->updateHeader([...])
 9 SYSTEMPATH\CodeIgniter.php(951): App\Controllers\Api\HeaderController->update()
10 SYSTEMPATH\CodeIgniter.php(497): CodeIgniter\CodeIgniter->runController(Object(App\Controllers\Api\HeaderController))
11 SYSTEMPATH\CodeIgniter.php(340): CodeIgniter\CodeIgniter->handleRequest(null, Object(Config\Cache), false)
12 SYSTEMPATH\Boot.php(417): CodeIgniter\CodeIgniter->run()
13 SYSTEMPATH\Boot.php(68): CodeIgniter\Boot::runCodeIgniter(Object(CodeIgniter\CodeIgniter))
14 FCPATH\index.php(59): CodeIgniter\Boot::bootWeb(Object(Config\Paths))
CRITICAL - 2026-05-27 06:39:45 --> [Caused by] mysqli_sql_exception: Unknown column 'portfolio_url' in 'field list'
in SYSTEMPATH\Database\MySQLi\Connection.php on line 300.
 1 SYSTEMPATH\Database\MySQLi\Connection.php(300): mysqli->query('UPDATE `resume_header` SET `name` = \'Evar Idala Sanglitan Jr.\', `position` = \'Full-Stack Web Developer | CS Student\', `email` = \'evarsanglitanjr.320@gmail.com\', `phone` = \'09082825497\', `location` = \'Tangalan, Aklan, Philippines\', `linkedin` = \'\', `portfolio_url` = \'\', `show_photo` = 0
WHERE `resume_header`.`id` IN (\'1\')', 0)
 2 SYSTEMPATH\Database\BaseConnection.php(769): CodeIgniter\Database\MySQLi\Connection->execute('UPDATE `resume_header` SET `name` = \'Evar Idala Sanglitan Jr.\', `position` = \'Full-Stack Web Developer | CS Student\', `email` = \'evarsanglitanjr.320@gmail.com\', `phone` = \'09082825497\', `location` = \'Tangalan, Aklan, Philippines\', `linkedin` = \'\', `portfolio_url` = \'\', `show_photo` = 0
WHERE `resume_header`.`id` IN (\'1\')')
 3 SYSTEMPATH\Database\BaseConnection.php(686): CodeIgniter\Database\BaseConnection->simpleQuery('UPDATE `resume_header` SET `name` = \'Evar Idala Sanglitan Jr.\', `position` = \'Full-Stack Web Developer | CS Student\', `email` = \'evarsanglitanjr.320@gmail.com\', `phone` = \'09082825497\', `location` = \'Tangalan, Aklan, Philippines\', `linkedin` = \'\', `portfolio_url` = \'\', `show_photo` = 0
WHERE `resume_header`.`id` IN (\'1\')')
 4 SYSTEMPATH\Database\BaseBuilder.php(2521): CodeIgniter\Database\BaseConnection->query('UPDATE `resume_header` SET `name` = :name:, `position` = :position:, `email` = :email:, `phone` = :phone:, `location` = :location:, `linkedin` = :linkedin:, `portfolio_url` = :portfolio_url:, `show_photo` = :show_photo:
WHERE `resume_header`.`id` IN :resume_header.id:', [...], false)
 5 SYSTEMPATH\Model.php(407): CodeIgniter\Database\BaseBuilder->update()
 6 SYSTEMPATH\BaseModel.php(1073): CodeIgniter\Model->doUpdate([...], [...])
 7 SYSTEMPATH\Model.php(706): CodeIgniter\BaseModel->update([...], [...])
 8 APPPATH\Models\HeaderModel.php(33): CodeIgniter\Model->update('1', [...])
 9 APPPATH\Controllers\Api\HeaderController.php(12): App\Models\HeaderModel->updateHeader([...])
10 SYSTEMPATH\CodeIgniter.php(951): App\Controllers\Api\HeaderController->update()
11 SYSTEMPATH\CodeIgniter.php(497): CodeIgniter\CodeIgniter->runController(Object(App\Controllers\Api\HeaderController))
12 SYSTEMPATH\CodeIgniter.php(340): CodeIgniter\CodeIgniter->handleRequest(null, Object(Config\Cache), false)
13 SYSTEMPATH\Boot.php(417): CodeIgniter\CodeIgniter->run()
14 SYSTEMPATH\Boot.php(68): CodeIgniter\Boot::runCodeIgniter(Object(CodeIgniter\CodeIgniter))
15 FCPATH\index.php(59): CodeIgniter\Boot::bootWeb(Object(Config\Paths))
DEBUG - 2026-05-27 06:39:53 --> Session: Class initialized using 'CodeIgniter\Session\Handlers\FileHandler' driver.
DEBUG - 2026-05-27 06:39:57 --> Session: Class initialized using 'CodeIgniter\Session\Handlers\FileHandler' driver.
DEBUG - 2026-05-27 06:40:38 --> Session: Class initialized using 'CodeIgniter\Session\Handlers\FileHandler' driver.
DEBUG - 2026-05-27 06:41:22 --> Session: Class initialized using 'CodeIgniter\Session\Handlers\FileHandler' driver.
DEBUG - 2026-05-27 06:41:27 --> Session: Class initialized using 'CodeIgniter\Session\Handlers\FileHandler' driver.
DEBUG - 2026-05-27 07:02:16 --> Session: Class initialized using 'CodeIgniter\Session\Handlers\FileHandler' driver.
DEBUG - 2026-05-27 07:09:49 --> Session: Class initialized using 'CodeIgniter\Session\Handlers\FileHandler' driver.
DEBUG - 2026-05-27 07:09:57 --> Session: Class initialized using 'CodeIgniter\Session\Handlers\FileHandler' driver.
DEBUG - 2026-05-27 07:11:04 --> Session: Class initialized using 'CodeIgniter\Session\Handlers\FileHandler' driver.
DEBUG - 2026-05-27 07:11:34 --> Session: Class initialized using 'CodeIgniter\Session\Handlers\FileHandler' driver.
ERROR - 2026-05-27 07:11:34 --> Unknown column 'portfolio_url' in 'field list'
in SYSTEMPATH\Database\MySQLi\Connection.php on line 300.
 1 SYSTEMPATH\Database\MySQLi\Connection.php(300): mysqli->query('UPDATE `resume_header` SET `name` = \'Evar Idala Sanglitan Jr.\', `position` = \'Full-Stack Web Developer | CS Student\', `email` = \'evarsanglitanjr.320@gmail.com\', `phone` = \'09082825497\', `location` = \'Tangalan, Aklan, Philippines\', `linkedin` = \'\', `portfolio_url` = \'\', `show_photo` = 1
WHERE `resume_header`.`id` IN (\'1\')', 0)
 2 SYSTEMPATH\Database\BaseConnection.php(769): CodeIgniter\Database\MySQLi\Connection->execute('UPDATE `resume_header` SET `name` = \'Evar Idala Sanglitan Jr.\', `position` = \'Full-Stack Web Developer | CS Student\', `email` = \'evarsanglitanjr.320@gmail.com\', `phone` = \'09082825497\', `location` = \'Tangalan, Aklan, Philippines\', `linkedin` = \'\', `portfolio_url` = \'\', `show_photo` = 1
WHERE `resume_header`.`id` IN (\'1\')')
 3 SYSTEMPATH\Database\BaseConnection.php(686): CodeIgniter\Database\BaseConnection->simpleQuery('UPDATE `resume_header` SET `name` = \'Evar Idala Sanglitan Jr.\', `position` = \'Full-Stack Web Developer | CS Student\', `email` = \'evarsanglitanjr.320@gmail.com\', `phone` = \'09082825497\', `location` = \'Tangalan, Aklan, Philippines\', `linkedin` = \'\', `portfolio_url` = \'\', `show_photo` = 1
WHERE `resume_header`.`id` IN (\'1\')')
 4 SYSTEMPATH\Database\BaseBuilder.php(2521): CodeIgniter\Database\BaseConnection->query('UPDATE `resume_header` SET `name` = :name:, `position` = :position:, `email` = :email:, `phone` = :phone:, `location` = :location:, `linkedin` = :linkedin:, `portfolio_url` = :portfolio_url:, `show_photo` = :show_photo:
WHERE `resume_header`.`id` IN :resume_header.id:', [...], false)
 5 SYSTEMPATH\Model.php(407): CodeIgniter\Database\BaseBuilder->update()
 6 SYSTEMPATH\BaseModel.php(1073): CodeIgniter\Model->doUpdate([...], [...])
 7 SYSTEMPATH\Model.php(706): CodeIgniter\BaseModel->update([...], [...])
 8 APPPATH\Models\HeaderModel.php(33): CodeIgniter\Model->update('1', [...])
 9 APPPATH\Controllers\Api\HeaderController.php(12): App\Models\HeaderModel->updateHeader([...])
10 SYSTEMPATH\CodeIgniter.php(951): App\Controllers\Api\HeaderController->update()
11 SYSTEMPATH\CodeIgniter.php(497): CodeIgniter\CodeIgniter->runController(Object(App\Controllers\Api\HeaderController))
12 SYSTEMPATH\CodeIgniter.php(340): CodeIgniter\CodeIgniter->handleRequest(null, Object(Config\Cache), false)
13 SYSTEMPATH\Boot.php(417): CodeIgniter\CodeIgniter->run()
14 SYSTEMPATH\Boot.php(68): CodeIgniter\Boot::runCodeIgniter(Object(CodeIgniter\CodeIgniter))
15 FCPATH\index.php(59): CodeIgniter\Boot::bootWeb(Object(Config\Paths))
CRITICAL - 2026-05-27 07:11:34 --> CodeIgniter\Database\Exceptions\DatabaseException: Unknown column 'portfolio_url' in 'field list'
[Method: POST, Route: api/header/update]
in SYSTEMPATH\Database\BaseConnection.php on line 724.
 1 SYSTEMPATH\Database\BaseBuilder.php(2521): CodeIgniter\Database\BaseConnection->query('UPDATE `resume_header` SET `name` = :name:, `position` = :position:, `email` = :email:, `phone` = :phone:, `location` = :location:, `linkedin` = :linkedin:, `portfolio_url` = :portfolio_url:, `show_photo` = :show_photo:
WHERE `resume_header`.`id` IN :resume_header.id:', [...], false)
 2 SYSTEMPATH\Model.php(407): CodeIgniter\Database\BaseBuilder->update()
 3 SYSTEMPATH\BaseModel.php(1073): CodeIgniter\Model->doUpdate([...], [...])
 4 SYSTEMPATH\Model.php(706): CodeIgniter\BaseModel->update([...], [...])
 5 APPPATH\Models\HeaderModel.php(33): CodeIgniter\Model->update('1', [...])
 6 APPPATH\Controllers\Api\HeaderController.php(12): App\Models\HeaderModel->updateHeader([...])
 7 SYSTEMPATH\CodeIgniter.php(951): App\Controllers\Api\HeaderController->update()
 8 SYSTEMPATH\CodeIgniter.php(497): CodeIgniter\CodeIgniter->runController(Object(App\Controllers\Api\HeaderController))
 9 SYSTEMPATH\CodeIgniter.php(340): CodeIgniter\CodeIgniter->handleRequest(null, Object(Config\Cache), false)
10 SYSTEMPATH\Boot.php(417): CodeIgniter\CodeIgniter->run()
11 SYSTEMPATH\Boot.php(68): CodeIgniter\Boot::runCodeIgniter(Object(CodeIgniter\CodeIgniter))
12 FCPATH\index.php(59): CodeIgniter\Boot::bootWeb(Object(Config\Paths))
CRITICAL - 2026-05-27 07:11:34 --> [Caused by] CodeIgniter\Database\Exceptions\DatabaseException: Unknown column 'portfolio_url' in 'field list'
in SYSTEMPATH\Database\MySQLi\Connection.php on line 310.
 1 SYSTEMPATH\Database\BaseConnection.php(769): CodeIgniter\Database\MySQLi\Connection->execute('UPDATE `resume_header` SET `name` = \'Evar Idala Sanglitan Jr.\', `position` = \'Full-Stack Web Developer | CS Student\', `email` = \'evarsanglitanjr.320@gmail.com\', `phone` = \'09082825497\', `location` = \'Tangalan, Aklan, Philippines\', `linkedin` = \'\', `portfolio_url` = \'\', `show_photo` = 1
WHERE `resume_header`.`id` IN (\'1\')')
 2 SYSTEMPATH\Database\BaseConnection.php(686): CodeIgniter\Database\BaseConnection->simpleQuery('UPDATE `resume_header` SET `name` = \'Evar Idala Sanglitan Jr.\', `position` = \'Full-Stack Web Developer | CS Student\', `email` = \'evarsanglitanjr.320@gmail.com\', `phone` = \'09082825497\', `location` = \'Tangalan, Aklan, Philippines\', `linkedin` = \'\', `portfolio_url` = \'\', `show_photo` = 1
WHERE `resume_header`.`id` IN (\'1\')')
 3 SYSTEMPATH\Database\BaseBuilder.php(2521): CodeIgniter\Database\BaseConnection->query('UPDATE `resume_header` SET `name` = :name:, `position` = :position:, `email` = :email:, `phone` = :phone:, `location` = :location:, `linkedin` = :linkedin:, `portfolio_url` = :portfolio_url:, `show_photo` = :show_photo:
WHERE `resume_header`.`id` IN :resume_header.id:', [...], false)
 4 SYSTEMPATH\Model.php(407): CodeIgniter\Database\BaseBuilder->update()
 5 SYSTEMPATH\BaseModel.php(1073): CodeIgniter\Model->doUpdate([...], [...])
 6 SYSTEMPATH\Model.php(706): CodeIgniter\BaseModel->update([...], [...])
 7 APPPATH\Models\HeaderModel.php(33): CodeIgniter\Model->update('1', [...])
 8 APPPATH\Controllers\Api\HeaderController.php(12): App\Models\HeaderModel->updateHeader([...])
 9 SYSTEMPATH\CodeIgniter.php(951): App\Controllers\Api\HeaderController->update()
10 SYSTEMPATH\CodeIgniter.php(497): CodeIgniter\CodeIgniter->runController(Object(App\Controllers\Api\HeaderController))
11 SYSTEMPATH\CodeIgniter.php(340): CodeIgniter\CodeIgniter->handleRequest(null, Object(Config\Cache), false)
12 SYSTEMPATH\Boot.php(417): CodeIgniter\CodeIgniter->run()
13 SYSTEMPATH\Boot.php(68): CodeIgniter\Boot::runCodeIgniter(Object(CodeIgniter\CodeIgniter))
14 FCPATH\index.php(59): CodeIgniter\Boot::bootWeb(Object(Config\Paths))
CRITICAL - 2026-05-27 07:11:34 --> [Caused by] mysqli_sql_exception: Unknown column 'portfolio_url' in 'field list'
in SYSTEMPATH\Database\MySQLi\Connection.php on line 300.
 1 SYSTEMPATH\Database\MySQLi\Connection.php(300): mysqli->query('UPDATE `resume_header` SET `name` = \'Evar Idala Sanglitan Jr.\', `position` = \'Full-Stack Web Developer | CS Student\', `email` = \'evarsanglitanjr.320@gmail.com\', `phone` = \'09082825497\', `location` = \'Tangalan, Aklan, Philippines\', `linkedin` = \'\', `portfolio_url` = \'\', `show_photo` = 1
WHERE `resume_header`.`id` IN (\'1\')', 0)
 2 SYSTEMPATH\Database\BaseConnection.php(769): CodeIgniter\Database\MySQLi\Connection->execute('UPDATE `resume_header` SET `name` = \'Evar Idala Sanglitan Jr.\', `position` = \'Full-Stack Web Developer | CS Student\', `email` = \'evarsanglitanjr.320@gmail.com\', `phone` = \'09082825497\', `location` = \'Tangalan, Aklan, Philippines\', `linkedin` = \'\', `portfolio_url` = \'\', `show_photo` = 1
WHERE `resume_header`.`id` IN (\'1\')')
 3 SYSTEMPATH\Database\BaseConnection.php(686): CodeIgniter\Database\BaseConnection->simpleQuery('UPDATE `resume_header` SET `name` = \'Evar Idala Sanglitan Jr.\', `position` = \'Full-Stack Web Developer | CS Student\', `email` = \'evarsanglitanjr.320@gmail.com\', `phone` = \'09082825497\', `location` = \'Tangalan, Aklan, Philippines\', `linkedin` = \'\', `portfolio_url` = \'\', `show_photo` = 1
WHERE `resume_header`.`id` IN (\'1\')')
 4 SYSTEMPATH\Database\BaseBuilder.php(2521): CodeIgniter\Database\BaseConnection->query('UPDATE `resume_header` SET `name` = :name:, `position` = :position:, `email` = :email:, `phone` = :phone:, `location` = :location:, `linkedin` = :linkedin:, `portfolio_url` = :portfolio_url:, `show_photo` = :show_photo:
WHERE `resume_header`.`id` IN :resume_header.id:', [...], false)
 5 SYSTEMPATH\Model.php(407): CodeIgniter\Database\BaseBuilder->update()
 6 SYSTEMPATH\BaseModel.php(1073): CodeIgniter\Model->doUpdate([...], [...])
 7 SYSTEMPATH\Model.php(706): CodeIgniter\BaseModel->update([...], [...])
 8 APPPATH\Models\HeaderModel.php(33): CodeIgniter\Model->update('1', [...])
 9 APPPATH\Controllers\Api\HeaderController.php(12): App\Models\HeaderModel->updateHeader([...])
10 SYSTEMPATH\CodeIgniter.php(951): App\Controllers\Api\HeaderController->update()
11 SYSTEMPATH\CodeIgniter.php(497): CodeIgniter\CodeIgniter->runController(Object(App\Controllers\Api\HeaderController))
12 SYSTEMPATH\CodeIgniter.php(340): CodeIgniter\CodeIgniter->handleRequest(null, Object(Config\Cache), false)
13 SYSTEMPATH\Boot.php(417): CodeIgniter\CodeIgniter->run()
14 SYSTEMPATH\Boot.php(68): CodeIgniter\Boot::runCodeIgniter(Object(CodeIgniter\CodeIgniter))
15 FCPATH\index.php(59): CodeIgniter\Boot::bootWeb(Object(Config\Paths))
DEBUG - 2026-05-27 07:11:57 --> Session: Class initialized using 'CodeIgniter\Session\Handlers\FileHandler' driver.
DEBUG - 2026-05-27 07:12:58 --> Session: Class initialized using 'CodeIgniter\Session\Handlers\FileHandler' driver.
