DEBUG - 2026-06-05 06:49:45 --> Session: Class initialized using 'CodeIgniter\Session\Handlers\FileHandler' driver.
DEBUG - 2026-06-05 06:49:46 --> Session: Class initialized using 'CodeIgniter\Session\Handlers\FileHandler' driver.
INFO - 2026-06-05 06:49:52 --> CSRF token verified.
DEBUG - 2026-06-05 06:49:52 --> Session: Class initialized using 'CodeIgniter\Session\Handlers\FileHandler' driver.
DEBUG - 2026-06-05 06:49:52 --> Session: Class initialized using 'CodeIgniter\Session\Handlers\FileHandler' driver.
DEBUG - 2026-06-05 06:50:23 --> Session: Class initialized using 'CodeIgniter\Session\Handlers\FileHandler' driver.
DEBUG - 2026-06-05 06:50:25 --> Session: Class initialized using 'CodeIgniter\Session\Handlers\FileHandler' driver.
DEBUG - 2026-06-05 06:50:29 --> Session: Class initialized using 'CodeIgniter\Session\Handlers\FileHandler' driver.
DEBUG - 2026-06-05 06:52:07 --> Session: Class initialized using 'CodeIgniter\Session\Handlers\FileHandler' driver.
DEBUG - 2026-06-05 06:52:38 --> Session: Class initialized using 'CodeIgniter\Session\Handlers\FileHandler' driver.
DEBUG - 2026-06-05 06:52:58 --> Session: Class initialized using 'CodeIgniter\Session\Handlers\FileHandler' driver.
DEBUG - 2026-06-05 06:53:28 --> Session: Class initialized using 'CodeIgniter\Session\Handlers\FileHandler' driver.
DEBUG - 2026-06-05 06:53:57 --> Session: Class initialized using 'CodeIgniter\Session\Handlers\FileHandler' driver.
DEBUG - 2026-06-05 06:54:26 --> Session: Class initialized using 'CodeIgniter\Session\Handlers\FileHandler' driver.
DEBUG - 2026-06-05 06:54:42 --> Session: Class initialized using 'CodeIgniter\Session\Handlers\FileHandler' driver.
DEBUG - 2026-06-05 06:55:10 --> Session: Class initialized using 'CodeIgniter\Session\Handlers\FileHandler' driver.
DEBUG - 2026-06-05 06:55:29 --> Session: Class initialized using 'CodeIgniter\Session\Handlers\FileHandler' driver.
DEBUG - 2026-06-05 06:56:22 --> Session: Class initialized using 'CodeIgniter\Session\Handlers\FileHandler' driver.
DEBUG - 2026-06-05 06:56:24 --> Session: Class initialized using 'CodeIgniter\Session\Handlers\FileHandler' driver.
DEBUG - 2026-06-05 06:56:35 --> Session: Class initialized using 'CodeIgniter\Session\Handlers\FileHandler' driver.
DEBUG - 2026-06-05 06:56:38 --> Session: Class initialized using 'CodeIgniter\Session\Handlers\FileHandler' driver.
DEBUG - 2026-06-05 06:56:59 --> Session: Class initialized using 'CodeIgniter\Session\Handlers\FileHandler' driver.
DEBUG - 2026-06-05 06:57:25 --> Session: Class initialized using 'CodeIgniter\Session\Handlers\FileHandler' driver.
DEBUG - 2026-06-05 06:57:33 --> Session: Class initialized using 'CodeIgniter\Session\Handlers\FileHandler' driver.
DEBUG - 2026-06-05 06:57:34 --> Session: Class initialized using 'CodeIgniter\Session\Handlers\FileHandler' driver.
DEBUG - 2026-06-05 06:57:42 --> Session: Class initialized using 'CodeIgniter\Session\Handlers\FileHandler' driver.
DEBUG - 2026-06-05 06:57:44 --> Session: Class initialized using 'CodeIgniter\Session\Handlers\FileHandler' driver.
DEBUG - 2026-06-05 06:57:59 --> Session: Class initialized using 'CodeIgniter\Session\Handlers\FileHandler' driver.
DEBUG - 2026-06-05 06:58:16 --> Session: Class initialized using 'CodeIgniter\Session\Handlers\FileHandler' driver.
DEBUG - 2026-06-05 06:58:36 --> Session: Class initialized using 'CodeIgniter\Session\Handlers\FileHandler' driver.
DEBUG - 2026-06-05 06:59:40 --> Session: Class initialized using 'CodeIgniter\Session\Handlers\FileHandler' driver.
DEBUG - 2026-06-05 07:00:07 --> Session: Class initialized using 'CodeIgniter\Session\Handlers\FileHandler' driver.
DEBUG - 2026-06-05 07:00:09 --> Session: Class initialized using 'CodeIgniter\Session\Handlers\FileHandler' driver.
DEBUG - 2026-06-05 07:00:25 --> Session: Class initialized using 'CodeIgniter\Session\Handlers\FileHandler' driver.
DEBUG - 2026-06-05 07:00:33 --> Session: Class initialized using 'CodeIgniter\Session\Handlers\FileHandler' driver.
DEBUG - 2026-06-05 07:00:59 --> Session: Class initialized using 'CodeIgniter\Session\Handlers\FileHandler' driver.
DEBUG - 2026-06-05 07:01:12 --> Session: Class initialized using 'CodeIgniter\Session\Handlers\FileHandler' driver.
DEBUG - 2026-06-05 07:01:23 --> Session: Class initialized using 'CodeIgniter\Session\Handlers\FileHandler' driver.
DEBUG - 2026-06-05 07:01:57 --> Session: Class initialized using 'CodeIgniter\Session\Handlers\FileHandler' driver.
DEBUG - 2026-06-05 07:01:59 --> Session: Class initialized using 'CodeIgniter\Session\Handlers\FileHandler' driver.
DEBUG - 2026-06-05 07:02:11 --> Session: Class initialized using 'CodeIgniter\Session\Handlers\FileHandler' driver.
DEBUG - 2026-06-05 07:02:34 --> Session: Class initialized using 'CodeIgniter\Session\Handlers\FileHandler' driver.
ERROR - 2026-06-05 07:02:34 --> Unknown column 'portfolio_url' in 'field list'
in SYSTEMPATH\Database\MySQLi\Connection.php on line 300.
 1 SYSTEMPATH\Database\MySQLi\Connection.php(300): mysqli->query('UPDATE `resume_header` SET `name` = \'Evar Sanglitan Jr.\', `position` = \'Full-Stack Web Developer | CS Student\', `email` = \'evarsanglitanjr.320@gmail.com\', `phone` = \'09082825497\', `location` = \'Tangalan, Aklan, Philippines\', `linkedin` = \'\', `portfolio_url` = \'\', `show_photo` = 1
WHERE `resume_header`.`id` IN (\'1\')', 0)
 2 SYSTEMPATH\Database\BaseConnection.php(769): CodeIgniter\Database\MySQLi\Connection->execute('UPDATE `resume_header` SET `name` = \'Evar Sanglitan Jr.\', `position` = \'Full-Stack Web Developer | CS Student\', `email` = \'evarsanglitanjr.320@gmail.com\', `phone` = \'09082825497\', `location` = \'Tangalan, Aklan, Philippines\', `linkedin` = \'\', `portfolio_url` = \'\', `show_photo` = 1
WHERE `resume_header`.`id` IN (\'1\')')
 3 SYSTEMPATH\Database\BaseConnection.php(686): CodeIgniter\Database\BaseConnection->simpleQuery('UPDATE `resume_header` SET `name` = \'Evar Sanglitan Jr.\', `position` = \'Full-Stack Web Developer | CS Student\', `email` = \'evarsanglitanjr.320@gmail.com\', `phone` = \'09082825497\', `location` = \'Tangalan, Aklan, Philippines\', `linkedin` = \'\', `portfolio_url` = \'\', `show_photo` = 1
WHERE `resume_header`.`id` IN (\'1\')')
 4 SYSTEMPATH\Database\BaseBuilder.php(2521): CodeIgniter\Database\BaseConnection->query('UPDATE `resume_header` SET `name` = :name:, `position` = :position:, `email` = :email:, `phone` = :phone:, `location` = :location:, `linkedin` = :linkedin:, `portfolio_url` = :portfolio_url:, `show_photo` = :show_photo:
WHERE `resume_header`.`id` IN :resume_header.id:', [...], false)
 5 SYSTEMPATH\Model.php(407): CodeIgniter\Database\BaseBuilder->update()
 6 SYSTEMPATH\BaseModel.php(1073): CodeIgniter\Model->doUpdate([...], [...])
 7 SYSTEMPATH\Model.php(706): CodeIgniter\BaseModel->update([...], [...])
 8 APPPATH\Models\HeaderModel.php(33): CodeIgniter\Model->update('1', [...])
 9 APPPATH\Controllers\Api\HeaderController.php(12): App\Models\HeaderModel->updateHeader([...])
10 SYSTEMPATH\CodeIgniter.php(951): App\Controllers\Api\HeaderController->update()
11 SYSTEMPATH\CodeIgniter.php(497): CodeIgniter\CodeIgniter->runController(Object(App\Controllers\Api\HeaderController))
12 SYSTEMPATH\CodeIgniter.php(340): CodeIgniter\CodeIgniter->handleRequest(null, Object(Config\Cache), false)
13 SYSTEMPATH\Boot.php(417): CodeIgniter\CodeIgniter->run()
14 SYSTEMPATH\Boot.php(68): CodeIgniter\Boot::runCodeIgniter(Object(CodeIgniter\CodeIgniter))
15 FCPATH\index.php(59): CodeIgniter\Boot::bootWeb(Object(Config\Paths))
CRITICAL - 2026-06-05 07:02:34 --> CodeIgniter\Database\Exceptions\DatabaseException: Unknown column 'portfolio_url' in 'field list'
[Method: POST, Route: api/header/update]
in SYSTEMPATH\Database\BaseConnection.php on line 724.
 1 SYSTEMPATH\Database\BaseBuilder.php(2521): CodeIgniter\Database\BaseConnection->query('UPDATE `resume_header` SET `name` = :name:, `position` = :position:, `email` = :email:, `phone` = :phone:, `location` = :location:, `linkedin` = :linkedin:, `portfolio_url` = :portfolio_url:, `show_photo` = :show_photo:
WHERE `resume_header`.`id` IN :resume_header.id:', [...], false)
 2 SYSTEMPATH\Model.php(407): CodeIgniter\Database\BaseBuilder->update()
 3 SYSTEMPATH\BaseModel.php(1073): CodeIgniter\Model->doUpdate([...], [...])
 4 SYSTEMPATH\Model.php(706): CodeIgniter\BaseModel->update([...], [...])
 5 APPPATH\Models\HeaderModel.php(33): CodeIgniter\Model->update('1', [...])
 6 APPPATH\Controllers\Api\HeaderController.php(12): App\Models\HeaderModel->updateHeader([...])
 7 SYSTEMPATH\CodeIgniter.php(951): App\Controllers\Api\HeaderController->update()
 8 SYSTEMPATH\CodeIgniter.php(497): CodeIgniter\CodeIgniter->runController(Object(App\Controllers\Api\HeaderController))
 9 SYSTEMPATH\CodeIgniter.php(340): CodeIgniter\CodeIgniter->handleRequest(null, Object(Config\Cache), false)
10 SYSTEMPATH\Boot.php(417): CodeIgniter\CodeIgniter->run()
11 SYSTEMPATH\Boot.php(68): CodeIgniter\Boot::runCodeIgniter(Object(CodeIgniter\CodeIgniter))
12 FCPATH\index.php(59): CodeIgniter\Boot::bootWeb(Object(Config\Paths))
CRITICAL - 2026-06-05 07:02:34 --> [Caused by] CodeIgniter\Database\Exceptions\DatabaseException: Unknown column 'portfolio_url' in 'field list'
in SYSTEMPATH\Database\MySQLi\Connection.php on line 310.
 1 SYSTEMPATH\Database\BaseConnection.php(769): CodeIgniter\Database\MySQLi\Connection->execute('UPDATE `resume_header` SET `name` = \'Evar Sanglitan Jr.\', `position` = \'Full-Stack Web Developer | CS Student\', `email` = \'evarsanglitanjr.320@gmail.com\', `phone` = \'09082825497\', `location` = \'Tangalan, Aklan, Philippines\', `linkedin` = \'\', `portfolio_url` = \'\', `show_photo` = 1
WHERE `resume_header`.`id` IN (\'1\')')
 2 SYSTEMPATH\Database\BaseConnection.php(686): CodeIgniter\Database\BaseConnection->simpleQuery('UPDATE `resume_header` SET `name` = \'Evar Sanglitan Jr.\', `position` = \'Full-Stack Web Developer | CS Student\', `email` = \'evarsanglitanjr.320@gmail.com\', `phone` = \'09082825497\', `location` = \'Tangalan, Aklan, Philippines\', `linkedin` = \'\', `portfolio_url` = \'\', `show_photo` = 1
WHERE `resume_header`.`id` IN (\'1\')')
 3 SYSTEMPATH\Database\BaseBuilder.php(2521): CodeIgniter\Database\BaseConnection->query('UPDATE `resume_header` SET `name` = :name:, `position` = :position:, `email` = :email:, `phone` = :phone:, `location` = :location:, `linkedin` = :linkedin:, `portfolio_url` = :portfolio_url:, `show_photo` = :show_photo:
WHERE `resume_header`.`id` IN :resume_header.id:', [...], false)
 4 SYSTEMPATH\Model.php(407): CodeIgniter\Database\BaseBuilder->update()
 5 SYSTEMPATH\BaseModel.php(1073): CodeIgniter\Model->doUpdate([...], [...])
 6 SYSTEMPATH\Model.php(706): CodeIgniter\BaseModel->update([...], [...])
 7 APPPATH\Models\HeaderModel.php(33): CodeIgniter\Model->update('1', [...])
 8 APPPATH\Controllers\Api\HeaderController.php(12): App\Models\HeaderModel->updateHeader([...])
 9 SYSTEMPATH\CodeIgniter.php(951): App\Controllers\Api\HeaderController->update()
10 SYSTEMPATH\CodeIgniter.php(497): CodeIgniter\CodeIgniter->runController(Object(App\Controllers\Api\HeaderController))
11 SYSTEMPATH\CodeIgniter.php(340): CodeIgniter\CodeIgniter->handleRequest(null, Object(Config\Cache), false)
12 SYSTEMPATH\Boot.php(417): CodeIgniter\CodeIgniter->run()
13 SYSTEMPATH\Boot.php(68): CodeIgniter\Boot::runCodeIgniter(Object(CodeIgniter\CodeIgniter))
14 FCPATH\index.php(59): CodeIgniter\Boot::bootWeb(Object(Config\Paths))
CRITICAL - 2026-06-05 07:02:34 --> [Caused by] mysqli_sql_exception: Unknown column 'portfolio_url' in 'field list'
in SYSTEMPATH\Database\MySQLi\Connection.php on line 300.
 1 SYSTEMPATH\Database\MySQLi\Connection.php(300): mysqli->query('UPDATE `resume_header` SET `name` = \'Evar Sanglitan Jr.\', `position` = \'Full-Stack Web Developer | CS Student\', `email` = \'evarsanglitanjr.320@gmail.com\', `phone` = \'09082825497\', `location` = \'Tangalan, Aklan, Philippines\', `linkedin` = \'\', `portfolio_url` = \'\', `show_photo` = 1
WHERE `resume_header`.`id` IN (\'1\')', 0)
 2 SYSTEMPATH\Database\BaseConnection.php(769): CodeIgniter\Database\MySQLi\Connection->execute('UPDATE `resume_header` SET `name` = \'Evar Sanglitan Jr.\', `position` = \'Full-Stack Web Developer | CS Student\', `email` = \'evarsanglitanjr.320@gmail.com\', `phone` = \'09082825497\', `location` = \'Tangalan, Aklan, Philippines\', `linkedin` = \'\', `portfolio_url` = \'\', `show_photo` = 1
WHERE `resume_header`.`id` IN (\'1\')')
 3 SYSTEMPATH\Database\BaseConnection.php(686): CodeIgniter\Database\BaseConnection->simpleQuery('UPDATE `resume_header` SET `name` = \'Evar Sanglitan Jr.\', `position` = \'Full-Stack Web Developer | CS Student\', `email` = \'evarsanglitanjr.320@gmail.com\', `phone` = \'09082825497\', `location` = \'Tangalan, Aklan, Philippines\', `linkedin` = \'\', `portfolio_url` = \'\', `show_photo` = 1
WHERE `resume_header`.`id` IN (\'1\')')
 4 SYSTEMPATH\Database\BaseBuilder.php(2521): CodeIgniter\Database\BaseConnection->query('UPDATE `resume_header` SET `name` = :name:, `position` = :position:, `email` = :email:, `phone` = :phone:, `location` = :location:, `linkedin` = :linkedin:, `portfolio_url` = :portfolio_url:, `show_photo` = :show_photo:
WHERE `resume_header`.`id` IN :resume_header.id:', [...], false)
 5 SYSTEMPATH\Model.php(407): CodeIgniter\Database\BaseBuilder->update()
 6 SYSTEMPATH\BaseModel.php(1073): CodeIgniter\Model->doUpdate([...], [...])
 7 SYSTEMPATH\Model.php(706): CodeIgniter\BaseModel->update([...], [...])
 8 APPPATH\Models\HeaderModel.php(33): CodeIgniter\Model->update('1', [...])
 9 APPPATH\Controllers\Api\HeaderController.php(12): App\Models\HeaderModel->updateHeader([...])
10 SYSTEMPATH\CodeIgniter.php(951): App\Controllers\Api\HeaderController->update()
11 SYSTEMPATH\CodeIgniter.php(497): CodeIgniter\CodeIgniter->runController(Object(App\Controllers\Api\HeaderController))
12 SYSTEMPATH\CodeIgniter.php(340): CodeIgniter\CodeIgniter->handleRequest(null, Object(Config\Cache), false)
13 SYSTEMPATH\Boot.php(417): CodeIgniter\CodeIgniter->run()
14 SYSTEMPATH\Boot.php(68): CodeIgniter\Boot::runCodeIgniter(Object(CodeIgniter\CodeIgniter))
15 FCPATH\index.php(59): CodeIgniter\Boot::bootWeb(Object(Config\Paths))
DEBUG - 2026-06-05 07:02:46 --> Session: Class initialized using 'CodeIgniter\Session\Handlers\FileHandler' driver.
DEBUG - 2026-06-05 07:02:47 --> Session: Class initialized using 'CodeIgniter\Session\Handlers\FileHandler' driver.
DEBUG - 2026-06-05 07:02:57 --> Session: Class initialized using 'CodeIgniter\Session\Handlers\FileHandler' driver.
DEBUG - 2026-06-05 07:02:57 --> Session: Class initialized using 'CodeIgniter\Session\Handlers\FileHandler' driver.
DEBUG - 2026-06-05 07:03:06 --> Session: Class initialized using 'CodeIgniter\Session\Handlers\FileHandler' driver.
DEBUG - 2026-06-05 07:03:55 --> Session: Class initialized using 'CodeIgniter\Session\Handlers\FileHandler' driver.
DEBUG - 2026-06-05 07:04:07 --> Session: Class initialized using 'CodeIgniter\Session\Handlers\FileHandler' driver.
INFO - 2026-06-05 07:04:15 --> CSRF token verified.
DEBUG - 2026-06-05 07:04:15 --> Session: Class initialized using 'CodeIgniter\Session\Handlers\FileHandler' driver.
DEBUG - 2026-06-05 07:04:16 --> Session: Class initialized using 'CodeIgniter\Session\Handlers\FileHandler' driver.
DEBUG - 2026-06-05 07:06:31 --> Session: Class initialized using 'CodeIgniter\Session\Handlers\FileHandler' driver.
DEBUG - 2026-06-05 07:07:23 --> Session: Class initialized using 'CodeIgniter\Session\Handlers\FileHandler' driver.
DEBUG - 2026-06-05 07:07:24 --> Session: Class initialized using 'CodeIgniter\Session\Handlers\FileHandler' driver.
DEBUG - 2026-06-05 07:07:24 --> Session: Class initialized using 'CodeIgniter\Session\Handlers\FileHandler' driver.
DEBUG - 2026-06-05 07:07:24 --> Session: Class initialized using 'CodeIgniter\Session\Handlers\FileHandler' driver.
DEBUG - 2026-06-05 07:07:24 --> Session: Class initialized using 'CodeIgniter\Session\Handlers\FileHandler' driver.
DEBUG - 2026-06-05 07:07:24 --> Session: Class initialized using 'CodeIgniter\Session\Handlers\FileHandler' driver.
DEBUG - 2026-06-05 07:14:00 --> Session: Class initialized using 'CodeIgniter\Session\Handlers\FileHandler' driver.
ERROR - 2026-06-05 07:14:00 --> Unknown column 'portfolio_url' in 'field list'
in SYSTEMPATH\Database\MySQLi\Connection.php on line 300.
 1 SYSTEMPATH\Database\MySQLi\Connection.php(300): mysqli->query('UPDATE `resume_header` SET `name` = \'Evar Sanglitan Jr.\', `position` = \'Associate Software Engineer | Computer Science Graduate\', `email` = \'evarsanglitanjr.320@gmail.com\', `phone` = \'09082825497\', `location` = \'Tangalan, Aklan, Philippines\', `linkedin` = \'https://www.linkedin.com/in/evar-sanglitan-jr-998284299/?lipi=urn%3Ali%3Apage%3Ad_flagship3_profile_view_base_contact_details%3BmQ0F7wlwQEaiVYplM4XFig%3D%3D\', `portfolio_url` = \'https://github.com/EvarJr\', `show_photo` = 0
WHERE `resume_header`.`id` IN (\'1\')', 0)
 2 SYSTEMPATH\Database\BaseConnection.php(769): CodeIgniter\Database\MySQLi\Connection->execute('UPDATE `resume_header` SET `name` = \'Evar Sanglitan Jr.\', `position` = \'Associate Software Engineer | Computer Science Graduate\', `email` = \'evarsanglitanjr.320@gmail.com\', `phone` = \'09082825497\', `location` = \'Tangalan, Aklan, Philippines\', `linkedin` = \'https://www.linkedin.com/in/evar-sanglitan-jr-998284299/?lipi=urn%3Ali%3Apage%3Ad_flagship3_profile_view_base_contact_details%3BmQ0F7wlwQEaiVYplM4XFig%3D%3D\', `portfolio_url` = \'https://github.com/EvarJr\', `show_photo` = 0
WHERE `resume_header`.`id` IN (\'1\')')
 3 SYSTEMPATH\Database\BaseConnection.php(686): CodeIgniter\Database\BaseConnection->simpleQuery('UPDATE `resume_header` SET `name` = \'Evar Sanglitan Jr.\', `position` = \'Associate Software Engineer | Computer Science Graduate\', `email` = \'evarsanglitanjr.320@gmail.com\', `phone` = \'09082825497\', `location` = \'Tangalan, Aklan, Philippines\', `linkedin` = \'https://www.linkedin.com/in/evar-sanglitan-jr-998284299/?lipi=urn%3Ali%3Apage%3Ad_flagship3_profile_view_base_contact_details%3BmQ0F7wlwQEaiVYplM4XFig%3D%3D\', `portfolio_url` = \'https://github.com/EvarJr\', `show_photo` = 0
WHERE `resume_header`.`id` IN (\'1\')')
 4 SYSTEMPATH\Database\BaseBuilder.php(2521): CodeIgniter\Database\BaseConnection->query('UPDATE `resume_header` SET `name` = :name:, `position` = :position:, `email` = :email:, `phone` = :phone:, `location` = :location:, `linkedin` = :linkedin:, `portfolio_url` = :portfolio_url:, `show_photo` = :show_photo:
WHERE `resume_header`.`id` IN :resume_header.id:', [...], false)
 5 SYSTEMPATH\Model.php(407): CodeIgniter\Database\BaseBuilder->update()
 6 SYSTEMPATH\BaseModel.php(1073): CodeIgniter\Model->doUpdate([...], [...])
 7 SYSTEMPATH\Model.php(706): CodeIgniter\BaseModel->update([...], [...])
 8 APPPATH\Models\HeaderModel.php(33): CodeIgniter\Model->update('1', [...])
 9 APPPATH\Controllers\Api\HeaderController.php(12): App\Models\HeaderModel->updateHeader([...])
10 SYSTEMPATH\CodeIgniter.php(951): App\Controllers\Api\HeaderController->update()
11 SYSTEMPATH\CodeIgniter.php(497): CodeIgniter\CodeIgniter->runController(Object(App\Controllers\Api\HeaderController))
12 SYSTEMPATH\CodeIgniter.php(340): CodeIgniter\CodeIgniter->handleRequest(null, Object(Config\Cache), false)
13 SYSTEMPATH\Boot.php(417): CodeIgniter\CodeIgniter->run()
14 SYSTEMPATH\Boot.php(68): CodeIgniter\Boot::runCodeIgniter(Object(CodeIgniter\CodeIgniter))
15 FCPATH\index.php(59): CodeIgniter\Boot::bootWeb(Object(Config\Paths))
CRITICAL - 2026-06-05 07:14:00 --> CodeIgniter\Database\Exceptions\DatabaseException: Unknown column 'portfolio_url' in 'field list'
[Method: POST, Route: api/header/update]
in SYSTEMPATH\Database\BaseConnection.php on line 724.
 1 SYSTEMPATH\Database\BaseBuilder.php(2521): CodeIgniter\Database\BaseConnection->query('UPDATE `resume_header` SET `name` = :name:, `position` = :position:, `email` = :email:, `phone` = :phone:, `location` = :location:, `linkedin` = :linkedin:, `portfolio_url` = :portfolio_url:, `show_photo` = :show_photo:
WHERE `resume_header`.`id` IN :resume_header.id:', [...], false)
 2 SYSTEMPATH\Model.php(407): CodeIgniter\Database\BaseBuilder->update()
 3 SYSTEMPATH\BaseModel.php(1073): CodeIgniter\Model->doUpdate([...], [...])
 4 SYSTEMPATH\Model.php(706): CodeIgniter\BaseModel->update([...], [...])
 5 APPPATH\Models\HeaderModel.php(33): CodeIgniter\Model->update('1', [...])
 6 APPPATH\Controllers\Api\HeaderController.php(12): App\Models\HeaderModel->updateHeader([...])
 7 SYSTEMPATH\CodeIgniter.php(951): App\Controllers\Api\HeaderController->update()
 8 SYSTEMPATH\CodeIgniter.php(497): CodeIgniter\CodeIgniter->runController(Object(App\Controllers\Api\HeaderController))
 9 SYSTEMPATH\CodeIgniter.php(340): CodeIgniter\CodeIgniter->handleRequest(null, Object(Config\Cache), false)
10 SYSTEMPATH\Boot.php(417): CodeIgniter\CodeIgniter->run()
11 SYSTEMPATH\Boot.php(68): CodeIgniter\Boot::runCodeIgniter(Object(CodeIgniter\CodeIgniter))
12 FCPATH\index.php(59): CodeIgniter\Boot::bootWeb(Object(Config\Paths))
CRITICAL - 2026-06-05 07:14:00 --> [Caused by] CodeIgniter\Database\Exceptions\DatabaseException: Unknown column 'portfolio_url' in 'field list'
in SYSTEMPATH\Database\MySQLi\Connection.php on line 310.
 1 SYSTEMPATH\Database\BaseConnection.php(769): CodeIgniter\Database\MySQLi\Connection->execute('UPDATE `resume_header` SET `name` = \'Evar Sanglitan Jr.\', `position` = \'Associate Software Engineer | Computer Science Graduate\', `email` = \'evarsanglitanjr.320@gmail.com\', `phone` = \'09082825497\', `location` = \'Tangalan, Aklan, Philippines\', `linkedin` = \'https://www.linkedin.com/in/evar-sanglitan-jr-998284299/?lipi=urn%3Ali%3Apage%3Ad_flagship3_profile_view_base_contact_details%3BmQ0F7wlwQEaiVYplM4XFig%3D%3D\', `portfolio_url` = \'https://github.com/EvarJr\', `show_photo` = 0
WHERE `resume_header`.`id` IN (\'1\')')
 2 SYSTEMPATH\Database\BaseConnection.php(686): CodeIgniter\Database\BaseConnection->simpleQuery('UPDATE `resume_header` SET `name` = \'Evar Sanglitan Jr.\', `position` = \'Associate Software Engineer | Computer Science Graduate\', `email` = \'evarsanglitanjr.320@gmail.com\', `phone` = \'09082825497\', `location` = \'Tangalan, Aklan, Philippines\', `linkedin` = \'https://www.linkedin.com/in/evar-sanglitan-jr-998284299/?lipi=urn%3Ali%3Apage%3Ad_flagship3_profile_view_base_contact_details%3BmQ0F7wlwQEaiVYplM4XFig%3D%3D\', `portfolio_url` = \'https://github.com/EvarJr\', `show_photo` = 0
WHERE `resume_header`.`id` IN (\'1\')')
 3 SYSTEMPATH\Database\BaseBuilder.php(2521): CodeIgniter\Database\BaseConnection->query('UPDATE `resume_header` SET `name` = :name:, `position` = :position:, `email` = :email:, `phone` = :phone:, `location` = :location:, `linkedin` = :linkedin:, `portfolio_url` = :portfolio_url:, `show_photo` = :show_photo:
WHERE `resume_header`.`id` IN :resume_header.id:', [...], false)
 4 SYSTEMPATH\Model.php(407): CodeIgniter\Database\BaseBuilder->update()
 5 SYSTEMPATH\BaseModel.php(1073): CodeIgniter\Model->doUpdate([...], [...])
 6 SYSTEMPATH\Model.php(706): CodeIgniter\BaseModel->update([...], [...])
 7 APPPATH\Models\HeaderModel.php(33): CodeIgniter\Model->update('1', [...])
 8 APPPATH\Controllers\Api\HeaderController.php(12): App\Models\HeaderModel->updateHeader([...])
 9 SYSTEMPATH\CodeIgniter.php(951): App\Controllers\Api\HeaderController->update()
10 SYSTEMPATH\CodeIgniter.php(497): CodeIgniter\CodeIgniter->runController(Object(App\Controllers\Api\HeaderController))
11 SYSTEMPATH\CodeIgniter.php(340): CodeIgniter\CodeIgniter->handleRequest(null, Object(Config\Cache), false)
12 SYSTEMPATH\Boot.php(417): CodeIgniter\CodeIgniter->run()
13 SYSTEMPATH\Boot.php(68): CodeIgniter\Boot::runCodeIgniter(Object(CodeIgniter\CodeIgniter))
14 FCPATH\index.php(59): CodeIgniter\Boot::bootWeb(Object(Config\Paths))
CRITICAL - 2026-06-05 07:14:00 --> [Caused by] mysqli_sql_exception: Unknown column 'portfolio_url' in 'field list'
in SYSTEMPATH\Database\MySQLi\Connection.php on line 300.
 1 SYSTEMPATH\Database\MySQLi\Connection.php(300): mysqli->query('UPDATE `resume_header` SET `name` = \'Evar Sanglitan Jr.\', `position` = \'Associate Software Engineer | Computer Science Graduate\', `email` = \'evarsanglitanjr.320@gmail.com\', `phone` = \'09082825497\', `location` = \'Tangalan, Aklan, Philippines\', `linkedin` = \'https://www.linkedin.com/in/evar-sanglitan-jr-998284299/?lipi=urn%3Ali%3Apage%3Ad_flagship3_profile_view_base_contact_details%3BmQ0F7wlwQEaiVYplM4XFig%3D%3D\', `portfolio_url` = \'https://github.com/EvarJr\', `show_photo` = 0
WHERE `resume_header`.`id` IN (\'1\')', 0)
 2 SYSTEMPATH\Database\BaseConnection.php(769): CodeIgniter\Database\MySQLi\Connection->execute('UPDATE `resume_header` SET `name` = \'Evar Sanglitan Jr.\', `position` = \'Associate Software Engineer | Computer Science Graduate\', `email` = \'evarsanglitanjr.320@gmail.com\', `phone` = \'09082825497\', `location` = \'Tangalan, Aklan, Philippines\', `linkedin` = \'https://www.linkedin.com/in/evar-sanglitan-jr-998284299/?lipi=urn%3Ali%3Apage%3Ad_flagship3_profile_view_base_contact_details%3BmQ0F7wlwQEaiVYplM4XFig%3D%3D\', `portfolio_url` = \'https://github.com/EvarJr\', `show_photo` = 0
WHERE `resume_header`.`id` IN (\'1\')')
 3 SYSTEMPATH\Database\BaseConnection.php(686): CodeIgniter\Database\BaseConnection->simpleQuery('UPDATE `resume_header` SET `name` = \'Evar Sanglitan Jr.\', `position` = \'Associate Software Engineer | Computer Science Graduate\', `email` = \'evarsanglitanjr.320@gmail.com\', `phone` = \'09082825497\', `location` = \'Tangalan, Aklan, Philippines\', `linkedin` = \'https://www.linkedin.com/in/evar-sanglitan-jr-998284299/?lipi=urn%3Ali%3Apage%3Ad_flagship3_profile_view_base_contact_details%3BmQ0F7wlwQEaiVYplM4XFig%3D%3D\', `portfolio_url` = \'https://github.com/EvarJr\', `show_photo` = 0
WHERE `resume_header`.`id` IN (\'1\')')
 4 SYSTEMPATH\Database\BaseBuilder.php(2521): CodeIgniter\Database\BaseConnection->query('UPDATE `resume_header` SET `name` = :name:, `position` = :position:, `email` = :email:, `phone` = :phone:, `location` = :location:, `linkedin` = :linkedin:, `portfolio_url` = :portfolio_url:, `show_photo` = :show_photo:
WHERE `resume_header`.`id` IN :resume_header.id:', [...], false)
 5 SYSTEMPATH\Model.php(407): CodeIgniter\Database\BaseBuilder->update()
 6 SYSTEMPATH\BaseModel.php(1073): CodeIgniter\Model->doUpdate([...], [...])
 7 SYSTEMPATH\Model.php(706): CodeIgniter\BaseModel->update([...], [...])
 8 APPPATH\Models\HeaderModel.php(33): CodeIgniter\Model->update('1', [...])
 9 APPPATH\Controllers\Api\HeaderController.php(12): App\Models\HeaderModel->updateHeader([...])
10 SYSTEMPATH\CodeIgniter.php(951): App\Controllers\Api\HeaderController->update()
11 SYSTEMPATH\CodeIgniter.php(497): CodeIgniter\CodeIgniter->runController(Object(App\Controllers\Api\HeaderController))
12 SYSTEMPATH\CodeIgniter.php(340): CodeIgniter\CodeIgniter->handleRequest(null, Object(Config\Cache), false)
13 SYSTEMPATH\Boot.php(417): CodeIgniter\CodeIgniter->run()
14 SYSTEMPATH\Boot.php(68): CodeIgniter\Boot::runCodeIgniter(Object(CodeIgniter\CodeIgniter))
15 FCPATH\index.php(59): CodeIgniter\Boot::bootWeb(Object(Config\Paths))
DEBUG - 2026-06-05 07:14:12 --> Session: Class initialized using 'CodeIgniter\Session\Handlers\FileHandler' driver.
DEBUG - 2026-06-05 07:14:13 --> Session: Class initialized using 'CodeIgniter\Session\Handlers\FileHandler' driver.
DEBUG - 2026-06-05 07:14:17 --> Session: Class initialized using 'CodeIgniter\Session\Handlers\FileHandler' driver.
DEBUG - 2026-06-05 07:14:21 --> Session: Class initialized using 'CodeIgniter\Session\Handlers\FileHandler' driver.
DEBUG - 2026-06-05 07:14:28 --> Session: Class initialized using 'CodeIgniter\Session\Handlers\FileHandler' driver.
DEBUG - 2026-06-05 07:56:22 --> Session: Class initialized using 'CodeIgniter\Session\Handlers\FileHandler' driver.
INFO - 2026-06-05 07:56:27 --> CSRF token verified.
DEBUG - 2026-06-05 07:56:27 --> Session: Class initialized using 'CodeIgniter\Session\Handlers\FileHandler' driver.
DEBUG - 2026-06-05 07:56:27 --> Session: Class initialized using 'CodeIgniter\Session\Handlers\FileHandler' driver.
DEBUG - 2026-06-05 07:56:43 --> Session: Class initialized using 'CodeIgniter\Session\Handlers\FileHandler' driver.
DEBUG - 2026-06-05 07:56:44 --> Session: Class initialized using 'CodeIgniter\Session\Handlers\FileHandler' driver.
DEBUG - 2026-06-05 07:56:59 --> Session: Class initialized using 'CodeIgniter\Session\Handlers\FileHandler' driver.
DEBUG - 2026-06-05 07:58:23 --> Session: Class initialized using 'CodeIgniter\Session\Handlers\FileHandler' driver.
ERROR - 2026-06-05 07:58:23 --> Unknown column 'portfolio_url' in 'field list'
in SYSTEMPATH\Database\MySQLi\Connection.php on line 300.
 1 SYSTEMPATH\Database\MySQLi\Connection.php(300): mysqli->query('UPDATE `resume_header` SET `name` = \'Evar Sanglitan Jr.\', `position` = \'Software Developer | Former Project LODI Intern | DOST JLSS Scholar\', `email` = \'evarsanglitanjr.320@gmail.com\', `phone` = \'09082825497\', `location` = \'Tangalan, Aklan, Philippines\', `linkedin` = \'https://www.linkedin.com/in/evar-sanglitan-jr-998284299/?lipi=urn%3Ali%3Apage%3Ad_flagship3_profile_view_base_contact_details%3BmQ0F7wlwQEaiVYplM4XFig%3D%3D\', `portfolio_url` = \'\', `show_photo` = 1
WHERE `resume_header`.`id` IN (\'1\')', 0)
 2 SYSTEMPATH\Database\BaseConnection.php(769): CodeIgniter\Database\MySQLi\Connection->execute('UPDATE `resume_header` SET `name` = \'Evar Sanglitan Jr.\', `position` = \'Software Developer | Former Project LODI Intern | DOST JLSS Scholar\', `email` = \'evarsanglitanjr.320@gmail.com\', `phone` = \'09082825497\', `location` = \'Tangalan, Aklan, Philippines\', `linkedin` = \'https://www.linkedin.com/in/evar-sanglitan-jr-998284299/?lipi=urn%3Ali%3Apage%3Ad_flagship3_profile_view_base_contact_details%3BmQ0F7wlwQEaiVYplM4XFig%3D%3D\', `portfolio_url` = \'\', `show_photo` = 1
WHERE `resume_header`.`id` IN (\'1\')')
 3 SYSTEMPATH\Database\BaseConnection.php(686): CodeIgniter\Database\BaseConnection->simpleQuery('UPDATE `resume_header` SET `name` = \'Evar Sanglitan Jr.\', `position` = \'Software Developer | Former Project LODI Intern | DOST JLSS Scholar\', `email` = \'evarsanglitanjr.320@gmail.com\', `phone` = \'09082825497\', `location` = \'Tangalan, Aklan, Philippines\', `linkedin` = \'https://www.linkedin.com/in/evar-sanglitan-jr-998284299/?lipi=urn%3Ali%3Apage%3Ad_flagship3_profile_view_base_contact_details%3BmQ0F7wlwQEaiVYplM4XFig%3D%3D\', `portfolio_url` = \'\', `show_photo` = 1
WHERE `resume_header`.`id` IN (\'1\')')
 4 SYSTEMPATH\Database\BaseBuilder.php(2521): CodeIgniter\Database\BaseConnection->query('UPDATE `resume_header` SET `name` = :name:, `position` = :position:, `email` = :email:, `phone` = :phone:, `location` = :location:, `linkedin` = :linkedin:, `portfolio_url` = :portfolio_url:, `show_photo` = :show_photo:
WHERE `resume_header`.`id` IN :resume_header.id:', [...], false)
 5 SYSTEMPATH\Model.php(407): CodeIgniter\Database\BaseBuilder->update()
 6 SYSTEMPATH\BaseModel.php(1073): CodeIgniter\Model->doUpdate([...], [...])
 7 SYSTEMPATH\Model.php(706): CodeIgniter\BaseModel->update([...], [...])
 8 APPPATH\Models\HeaderModel.php(33): CodeIgniter\Model->update('1', [...])
 9 APPPATH\Controllers\Api\HeaderController.php(12): App\Models\HeaderModel->updateHeader([...])
10 SYSTEMPATH\CodeIgniter.php(951): App\Controllers\Api\HeaderController->update()
11 SYSTEMPATH\CodeIgniter.php(497): CodeIgniter\CodeIgniter->runController(Object(App\Controllers\Api\HeaderController))
12 SYSTEMPATH\CodeIgniter.php(340): CodeIgniter\CodeIgniter->handleRequest(null, Object(Config\Cache), false)
13 SYSTEMPATH\Boot.php(417): CodeIgniter\CodeIgniter->run()
14 SYSTEMPATH\Boot.php(68): CodeIgniter\Boot::runCodeIgniter(Object(CodeIgniter\CodeIgniter))
15 FCPATH\index.php(59): CodeIgniter\Boot::bootWeb(Object(Config\Paths))
CRITICAL - 2026-06-05 07:58:23 --> CodeIgniter\Database\Exceptions\DatabaseException: Unknown column 'portfolio_url' in 'field list'
[Method: POST, Route: api/header/update]
in SYSTEMPATH\Database\BaseConnection.php on line 724.
 1 SYSTEMPATH\Database\BaseBuilder.php(2521): CodeIgniter\Database\BaseConnection->query('UPDATE `resume_header` SET `name` = :name:, `position` = :position:, `email` = :email:, `phone` = :phone:, `location` = :location:, `linkedin` = :linkedin:, `portfolio_url` = :portfolio_url:, `show_photo` = :show_photo:
WHERE `resume_header`.`id` IN :resume_header.id:', [...], false)
 2 SYSTEMPATH\Model.php(407): CodeIgniter\Database\BaseBuilder->update()
 3 SYSTEMPATH\BaseModel.php(1073): CodeIgniter\Model->doUpdate([...], [...])
 4 SYSTEMPATH\Model.php(706): CodeIgniter\BaseModel->update([...], [...])
 5 APPPATH\Models\HeaderModel.php(33): CodeIgniter\Model->update('1', [...])
 6 APPPATH\Controllers\Api\HeaderController.php(12): App\Models\HeaderModel->updateHeader([...])
 7 SYSTEMPATH\CodeIgniter.php(951): App\Controllers\Api\HeaderController->update()
 8 SYSTEMPATH\CodeIgniter.php(497): CodeIgniter\CodeIgniter->runController(Object(App\Controllers\Api\HeaderController))
 9 SYSTEMPATH\CodeIgniter.php(340): CodeIgniter\CodeIgniter->handleRequest(null, Object(Config\Cache), false)
10 SYSTEMPATH\Boot.php(417): CodeIgniter\CodeIgniter->run()
11 SYSTEMPATH\Boot.php(68): CodeIgniter\Boot::runCodeIgniter(Object(CodeIgniter\CodeIgniter))
12 FCPATH\index.php(59): CodeIgniter\Boot::bootWeb(Object(Config\Paths))
CRITICAL - 2026-06-05 07:58:23 --> [Caused by] CodeIgniter\Database\Exceptions\DatabaseException: Unknown column 'portfolio_url' in 'field list'
in SYSTEMPATH\Database\MySQLi\Connection.php on line 310.
 1 SYSTEMPATH\Database\BaseConnection.php(769): CodeIgniter\Database\MySQLi\Connection->execute('UPDATE `resume_header` SET `name` = \'Evar Sanglitan Jr.\', `position` = \'Software Developer | Former Project LODI Intern | DOST JLSS Scholar\', `email` = \'evarsanglitanjr.320@gmail.com\', `phone` = \'09082825497\', `location` = \'Tangalan, Aklan, Philippines\', `linkedin` = \'https://www.linkedin.com/in/evar-sanglitan-jr-998284299/?lipi=urn%3Ali%3Apage%3Ad_flagship3_profile_view_base_contact_details%3BmQ0F7wlwQEaiVYplM4XFig%3D%3D\', `portfolio_url` = \'\', `show_photo` = 1
WHERE `resume_header`.`id` IN (\'1\')')
 2 SYSTEMPATH\Database\BaseConnection.php(686): CodeIgniter\Database\BaseConnection->simpleQuery('UPDATE `resume_header` SET `name` = \'Evar Sanglitan Jr.\', `position` = \'Software Developer | Former Project LODI Intern | DOST JLSS Scholar\', `email` = \'evarsanglitanjr.320@gmail.com\', `phone` = \'09082825497\', `location` = \'Tangalan, Aklan, Philippines\', `linkedin` = \'https://www.linkedin.com/in/evar-sanglitan-jr-998284299/?lipi=urn%3Ali%3Apage%3Ad_flagship3_profile_view_base_contact_details%3BmQ0F7wlwQEaiVYplM4XFig%3D%3D\', `portfolio_url` = \'\', `show_photo` = 1
WHERE `resume_header`.`id` IN (\'1\')')
 3 SYSTEMPATH\Database\BaseBuilder.php(2521): CodeIgniter\Database\BaseConnection->query('UPDATE `resume_header` SET `name` = :name:, `position` = :position:, `email` = :email:, `phone` = :phone:, `location` = :location:, `linkedin` = :linkedin:, `portfolio_url` = :portfolio_url:, `show_photo` = :show_photo:
WHERE `resume_header`.`id` IN :resume_header.id:', [...], false)
 4 SYSTEMPATH\Model.php(407): CodeIgniter\Database\BaseBuilder->update()
 5 SYSTEMPATH\BaseModel.php(1073): CodeIgniter\Model->doUpdate([...], [...])
 6 SYSTEMPATH\Model.php(706): CodeIgniter\BaseModel->update([...], [...])
 7 APPPATH\Models\HeaderModel.php(33): CodeIgniter\Model->update('1', [...])
 8 APPPATH\Controllers\Api\HeaderController.php(12): App\Models\HeaderModel->updateHeader([...])
 9 SYSTEMPATH\CodeIgniter.php(951): App\Controllers\Api\HeaderController->update()
10 SYSTEMPATH\CodeIgniter.php(497): CodeIgniter\CodeIgniter->runController(Object(App\Controllers\Api\HeaderController))
11 SYSTEMPATH\CodeIgniter.php(340): CodeIgniter\CodeIgniter->handleRequest(null, Object(Config\Cache), false)
12 SYSTEMPATH\Boot.php(417): CodeIgniter\CodeIgniter->run()
13 SYSTEMPATH\Boot.php(68): CodeIgniter\Boot::runCodeIgniter(Object(CodeIgniter\CodeIgniter))
14 FCPATH\index.php(59): CodeIgniter\Boot::bootWeb(Object(Config\Paths))
CRITICAL - 2026-06-05 07:58:23 --> [Caused by] mysqli_sql_exception: Unknown column 'portfolio_url' in 'field list'
in SYSTEMPATH\Database\MySQLi\Connection.php on line 300.
 1 SYSTEMPATH\Database\MySQLi\Connection.php(300): mysqli->query('UPDATE `resume_header` SET `name` = \'Evar Sanglitan Jr.\', `position` = \'Software Developer | Former Project LODI Intern | DOST JLSS Scholar\', `email` = \'evarsanglitanjr.320@gmail.com\', `phone` = \'09082825497\', `location` = \'Tangalan, Aklan, Philippines\', `linkedin` = \'https://www.linkedin.com/in/evar-sanglitan-jr-998284299/?lipi=urn%3Ali%3Apage%3Ad_flagship3_profile_view_base_contact_details%3BmQ0F7wlwQEaiVYplM4XFig%3D%3D\', `portfolio_url` = \'\', `show_photo` = 1
WHERE `resume_header`.`id` IN (\'1\')', 0)
 2 SYSTEMPATH\Database\BaseConnection.php(769): CodeIgniter\Database\MySQLi\Connection->execute('UPDATE `resume_header` SET `name` = \'Evar Sanglitan Jr.\', `position` = \'Software Developer | Former Project LODI Intern | DOST JLSS Scholar\', `email` = \'evarsanglitanjr.320@gmail.com\', `phone` = \'09082825497\', `location` = \'Tangalan, Aklan, Philippines\', `linkedin` = \'https://www.linkedin.com/in/evar-sanglitan-jr-998284299/?lipi=urn%3Ali%3Apage%3Ad_flagship3_profile_view_base_contact_details%3BmQ0F7wlwQEaiVYplM4XFig%3D%3D\', `portfolio_url` = \'\', `show_photo` = 1
WHERE `resume_header`.`id` IN (\'1\')')
 3 SYSTEMPATH\Database\BaseConnection.php(686): CodeIgniter\Database\BaseConnection->simpleQuery('UPDATE `resume_header` SET `name` = \'Evar Sanglitan Jr.\', `position` = \'Software Developer | Former Project LODI Intern | DOST JLSS Scholar\', `email` = \'evarsanglitanjr.320@gmail.com\', `phone` = \'09082825497\', `location` = \'Tangalan, Aklan, Philippines\', `linkedin` = \'https://www.linkedin.com/in/evar-sanglitan-jr-998284299/?lipi=urn%3Ali%3Apage%3Ad_flagship3_profile_view_base_contact_details%3BmQ0F7wlwQEaiVYplM4XFig%3D%3D\', `portfolio_url` = \'\', `show_photo` = 1
WHERE `resume_header`.`id` IN (\'1\')')
 4 SYSTEMPATH\Database\BaseBuilder.php(2521): CodeIgniter\Database\BaseConnection->query('UPDATE `resume_header` SET `name` = :name:, `position` = :position:, `email` = :email:, `phone` = :phone:, `location` = :location:, `linkedin` = :linkedin:, `portfolio_url` = :portfolio_url:, `show_photo` = :show_photo:
WHERE `resume_header`.`id` IN :resume_header.id:', [...], false)
 5 SYSTEMPATH\Model.php(407): CodeIgniter\Database\BaseBuilder->update()
 6 SYSTEMPATH\BaseModel.php(1073): CodeIgniter\Model->doUpdate([...], [...])
 7 SYSTEMPATH\Model.php(706): CodeIgniter\BaseModel->update([...], [...])
 8 APPPATH\Models\HeaderModel.php(33): CodeIgniter\Model->update('1', [...])
 9 APPPATH\Controllers\Api\HeaderController.php(12): App\Models\HeaderModel->updateHeader([...])
10 SYSTEMPATH\CodeIgniter.php(951): App\Controllers\Api\HeaderController->update()
11 SYSTEMPATH\CodeIgniter.php(497): CodeIgniter\CodeIgniter->runController(Object(App\Controllers\Api\HeaderController))
12 SYSTEMPATH\CodeIgniter.php(340): CodeIgniter\CodeIgniter->handleRequest(null, Object(Config\Cache), false)
13 SYSTEMPATH\Boot.php(417): CodeIgniter\CodeIgniter->run()
14 SYSTEMPATH\Boot.php(68): CodeIgniter\Boot::runCodeIgniter(Object(CodeIgniter\CodeIgniter))
15 FCPATH\index.php(59): CodeIgniter\Boot::bootWeb(Object(Config\Paths))
DEBUG - 2026-06-05 07:58:26 --> Session: Class initialized using 'CodeIgniter\Session\Handlers\FileHandler' driver.
ERROR - 2026-06-05 07:58:26 --> Unknown column 'portfolio_url' in 'field list'
in SYSTEMPATH\Database\MySQLi\Connection.php on line 300.
 1 SYSTEMPATH\Database\MySQLi\Connection.php(300): mysqli->query('UPDATE `resume_header` SET `name` = \'Evar Sanglitan Jr.\', `position` = \'Software Developer | Former Project LODI Intern | DOST JLSS Scholar\', `email` = \'evarsanglitanjr.320@gmail.com\', `phone` = \'09082825497\', `location` = \'Tangalan, Aklan, Philippines\', `linkedin` = \'https://www.linkedin.com/in/evar-sanglitan-jr-998284299/?lipi=urn%3Ali%3Apage%3Ad_flagship3_profile_view_base_contact_details%3BmQ0F7wlwQEaiVYplM4XFig%3D%3D\', `portfolio_url` = \'\', `show_photo` = 0
WHERE `resume_header`.`id` IN (\'1\')', 0)
 2 SYSTEMPATH\Database\BaseConnection.php(769): CodeIgniter\Database\MySQLi\Connection->execute('UPDATE `resume_header` SET `name` = \'Evar Sanglitan Jr.\', `position` = \'Software Developer | Former Project LODI Intern | DOST JLSS Scholar\', `email` = \'evarsanglitanjr.320@gmail.com\', `phone` = \'09082825497\', `location` = \'Tangalan, Aklan, Philippines\', `linkedin` = \'https://www.linkedin.com/in/evar-sanglitan-jr-998284299/?lipi=urn%3Ali%3Apage%3Ad_flagship3_profile_view_base_contact_details%3BmQ0F7wlwQEaiVYplM4XFig%3D%3D\', `portfolio_url` = \'\', `show_photo` = 0
WHERE `resume_header`.`id` IN (\'1\')')
 3 SYSTEMPATH\Database\BaseConnection.php(686): CodeIgniter\Database\BaseConnection->simpleQuery('UPDATE `resume_header` SET `name` = \'Evar Sanglitan Jr.\', `position` = \'Software Developer | Former Project LODI Intern | DOST JLSS Scholar\', `email` = \'evarsanglitanjr.320@gmail.com\', `phone` = \'09082825497\', `location` = \'Tangalan, Aklan, Philippines\', `linkedin` = \'https://www.linkedin.com/in/evar-sanglitan-jr-998284299/?lipi=urn%3Ali%3Apage%3Ad_flagship3_profile_view_base_contact_details%3BmQ0F7wlwQEaiVYplM4XFig%3D%3D\', `portfolio_url` = \'\', `show_photo` = 0
WHERE `resume_header`.`id` IN (\'1\')')
 4 SYSTEMPATH\Database\BaseBuilder.php(2521): CodeIgniter\Database\BaseConnection->query('UPDATE `resume_header` SET `name` = :name:, `position` = :position:, `email` = :email:, `phone` = :phone:, `location` = :location:, `linkedin` = :linkedin:, `portfolio_url` = :portfolio_url:, `show_photo` = :show_photo:
WHERE `resume_header`.`id` IN :resume_header.id:', [...], false)
 5 SYSTEMPATH\Model.php(407): CodeIgniter\Database\BaseBuilder->update()
 6 SYSTEMPATH\BaseModel.php(1073): CodeIgniter\Model->doUpdate([...], [...])
 7 SYSTEMPATH\Model.php(706): CodeIgniter\BaseModel->update([...], [...])
 8 APPPATH\Models\HeaderModel.php(33): CodeIgniter\Model->update('1', [...])
 9 APPPATH\Controllers\Api\HeaderController.php(12): App\Models\HeaderModel->updateHeader([...])
10 SYSTEMPATH\CodeIgniter.php(951): App\Controllers\Api\HeaderController->update()
11 SYSTEMPATH\CodeIgniter.php(497): CodeIgniter\CodeIgniter->runController(Object(App\Controllers\Api\HeaderController))
12 SYSTEMPATH\CodeIgniter.php(340): CodeIgniter\CodeIgniter->handleRequest(null, Object(Config\Cache), false)
13 SYSTEMPATH\Boot.php(417): CodeIgniter\CodeIgniter->run()
14 SYSTEMPATH\Boot.php(68): CodeIgniter\Boot::runCodeIgniter(Object(CodeIgniter\CodeIgniter))
15 FCPATH\index.php(59): CodeIgniter\Boot::bootWeb(Object(Config\Paths))
CRITICAL - 2026-06-05 07:58:26 --> CodeIgniter\Database\Exceptions\DatabaseException: Unknown column 'portfolio_url' in 'field list'
[Method: POST, Route: api/header/update]
in SYSTEMPATH\Database\BaseConnection.php on line 724.
 1 SYSTEMPATH\Database\BaseBuilder.php(2521): CodeIgniter\Database\BaseConnection->query('UPDATE `resume_header` SET `name` = :name:, `position` = :position:, `email` = :email:, `phone` = :phone:, `location` = :location:, `linkedin` = :linkedin:, `portfolio_url` = :portfolio_url:, `show_photo` = :show_photo:
WHERE `resume_header`.`id` IN :resume_header.id:', [...], false)
 2 SYSTEMPATH\Model.php(407): CodeIgniter\Database\BaseBuilder->update()
 3 SYSTEMPATH\BaseModel.php(1073): CodeIgniter\Model->doUpdate([...], [...])
 4 SYSTEMPATH\Model.php(706): CodeIgniter\BaseModel->update([...], [...])
 5 APPPATH\Models\HeaderModel.php(33): CodeIgniter\Model->update('1', [...])
 6 APPPATH\Controllers\Api\HeaderController.php(12): App\Models\HeaderModel->updateHeader([...])
 7 SYSTEMPATH\CodeIgniter.php(951): App\Controllers\Api\HeaderController->update()
 8 SYSTEMPATH\CodeIgniter.php(497): CodeIgniter\CodeIgniter->runController(Object(App\Controllers\Api\HeaderController))
 9 SYSTEMPATH\CodeIgniter.php(340): CodeIgniter\CodeIgniter->handleRequest(null, Object(Config\Cache), false)
10 SYSTEMPATH\Boot.php(417): CodeIgniter\CodeIgniter->run()
11 SYSTEMPATH\Boot.php(68): CodeIgniter\Boot::runCodeIgniter(Object(CodeIgniter\CodeIgniter))
12 FCPATH\index.php(59): CodeIgniter\Boot::bootWeb(Object(Config\Paths))
CRITICAL - 2026-06-05 07:58:26 --> [Caused by] CodeIgniter\Database\Exceptions\DatabaseException: Unknown column 'portfolio_url' in 'field list'
in SYSTEMPATH\Database\MySQLi\Connection.php on line 310.
 1 SYSTEMPATH\Database\BaseConnection.php(769): CodeIgniter\Database\MySQLi\Connection->execute('UPDATE `resume_header` SET `name` = \'Evar Sanglitan Jr.\', `position` = \'Software Developer | Former Project LODI Intern | DOST JLSS Scholar\', `email` = \'evarsanglitanjr.320@gmail.com\', `phone` = \'09082825497\', `location` = \'Tangalan, Aklan, Philippines\', `linkedin` = \'https://www.linkedin.com/in/evar-sanglitan-jr-998284299/?lipi=urn%3Ali%3Apage%3Ad_flagship3_profile_view_base_contact_details%3BmQ0F7wlwQEaiVYplM4XFig%3D%3D\', `portfolio_url` = \'\', `show_photo` = 0
WHERE `resume_header`.`id` IN (\'1\')')
 2 SYSTEMPATH\Database\BaseConnection.php(686): CodeIgniter\Database\BaseConnection->simpleQuery('UPDATE `resume_header` SET `name` = \'Evar Sanglitan Jr.\', `position` = \'Software Developer | Former Project LODI Intern | DOST JLSS Scholar\', `email` = \'evarsanglitanjr.320@gmail.com\', `phone` = \'09082825497\', `location` = \'Tangalan, Aklan, Philippines\', `linkedin` = \'https://www.linkedin.com/in/evar-sanglitan-jr-998284299/?lipi=urn%3Ali%3Apage%3Ad_flagship3_profile_view_base_contact_details%3BmQ0F7wlwQEaiVYplM4XFig%3D%3D\', `portfolio_url` = \'\', `show_photo` = 0
WHERE `resume_header`.`id` IN (\'1\')')
 3 SYSTEMPATH\Database\BaseBuilder.php(2521): CodeIgniter\Database\BaseConnection->query('UPDATE `resume_header` SET `name` = :name:, `position` = :position:, `email` = :email:, `phone` = :phone:, `location` = :location:, `linkedin` = :linkedin:, `portfolio_url` = :portfolio_url:, `show_photo` = :show_photo:
WHERE `resume_header`.`id` IN :resume_header.id:', [...], false)
 4 SYSTEMPATH\Model.php(407): CodeIgniter\Database\BaseBuilder->update()
 5 SYSTEMPATH\BaseModel.php(1073): CodeIgniter\Model->doUpdate([...], [...])
 6 SYSTEMPATH\Model.php(706): CodeIgniter\BaseModel->update([...], [...])
 7 APPPATH\Models\HeaderModel.php(33): CodeIgniter\Model->update('1', [...])
 8 APPPATH\Controllers\Api\HeaderController.php(12): App\Models\HeaderModel->updateHeader([...])
 9 SYSTEMPATH\CodeIgniter.php(951): App\Controllers\Api\HeaderController->update()
10 SYSTEMPATH\CodeIgniter.php(497): CodeIgniter\CodeIgniter->runController(Object(App\Controllers\Api\HeaderController))
11 SYSTEMPATH\CodeIgniter.php(340): CodeIgniter\CodeIgniter->handleRequest(null, Object(Config\Cache), false)
12 SYSTEMPATH\Boot.php(417): CodeIgniter\CodeIgniter->run()
13 SYSTEMPATH\Boot.php(68): CodeIgniter\Boot::runCodeIgniter(Object(CodeIgniter\CodeIgniter))
14 FCPATH\index.php(59): CodeIgniter\Boot::bootWeb(Object(Config\Paths))
CRITICAL - 2026-06-05 07:58:26 --> [Caused by] mysqli_sql_exception: Unknown column 'portfolio_url' in 'field list'
in SYSTEMPATH\Database\MySQLi\Connection.php on line 300.
 1 SYSTEMPATH\Database\MySQLi\Connection.php(300): mysqli->query('UPDATE `resume_header` SET `name` = \'Evar Sanglitan Jr.\', `position` = \'Software Developer | Former Project LODI Intern | DOST JLSS Scholar\', `email` = \'evarsanglitanjr.320@gmail.com\', `phone` = \'09082825497\', `location` = \'Tangalan, Aklan, Philippines\', `linkedin` = \'https://www.linkedin.com/in/evar-sanglitan-jr-998284299/?lipi=urn%3Ali%3Apage%3Ad_flagship3_profile_view_base_contact_details%3BmQ0F7wlwQEaiVYplM4XFig%3D%3D\', `portfolio_url` = \'\', `show_photo` = 0
WHERE `resume_header`.`id` IN (\'1\')', 0)
 2 SYSTEMPATH\Database\BaseConnection.php(769): CodeIgniter\Database\MySQLi\Connection->execute('UPDATE `resume_header` SET `name` = \'Evar Sanglitan Jr.\', `position` = \'Software Developer | Former Project LODI Intern | DOST JLSS Scholar\', `email` = \'evarsanglitanjr.320@gmail.com\', `phone` = \'09082825497\', `location` = \'Tangalan, Aklan, Philippines\', `linkedin` = \'https://www.linkedin.com/in/evar-sanglitan-jr-998284299/?lipi=urn%3Ali%3Apage%3Ad_flagship3_profile_view_base_contact_details%3BmQ0F7wlwQEaiVYplM4XFig%3D%3D\', `portfolio_url` = \'\', `show_photo` = 0
WHERE `resume_header`.`id` IN (\'1\')')
 3 SYSTEMPATH\Database\BaseConnection.php(686): CodeIgniter\Database\BaseConnection->simpleQuery('UPDATE `resume_header` SET `name` = \'Evar Sanglitan Jr.\', `position` = \'Software Developer | Former Project LODI Intern | DOST JLSS Scholar\', `email` = \'evarsanglitanjr.320@gmail.com\', `phone` = \'09082825497\', `location` = \'Tangalan, Aklan, Philippines\', `linkedin` = \'https://www.linkedin.com/in/evar-sanglitan-jr-998284299/?lipi=urn%3Ali%3Apage%3Ad_flagship3_profile_view_base_contact_details%3BmQ0F7wlwQEaiVYplM4XFig%3D%3D\', `portfolio_url` = \'\', `show_photo` = 0
WHERE `resume_header`.`id` IN (\'1\')')
 4 SYSTEMPATH\Database\BaseBuilder.php(2521): CodeIgniter\Database\BaseConnection->query('UPDATE `resume_header` SET `name` = :name:, `position` = :position:, `email` = :email:, `phone` = :phone:, `location` = :location:, `linkedin` = :linkedin:, `portfolio_url` = :portfolio_url:, `show_photo` = :show_photo:
WHERE `resume_header`.`id` IN :resume_header.id:', [...], false)
 5 SYSTEMPATH\Model.php(407): CodeIgniter\Database\BaseBuilder->update()
 6 SYSTEMPATH\BaseModel.php(1073): CodeIgniter\Model->doUpdate([...], [...])
 7 SYSTEMPATH\Model.php(706): CodeIgniter\BaseModel->update([...], [...])
 8 APPPATH\Models\HeaderModel.php(33): CodeIgniter\Model->update('1', [...])
 9 APPPATH\Controllers\Api\HeaderController.php(12): App\Models\HeaderModel->updateHeader([...])
10 SYSTEMPATH\CodeIgniter.php(951): App\Controllers\Api\HeaderController->update()
11 SYSTEMPATH\CodeIgniter.php(497): CodeIgniter\CodeIgniter->runController(Object(App\Controllers\Api\HeaderController))
12 SYSTEMPATH\CodeIgniter.php(340): CodeIgniter\CodeIgniter->handleRequest(null, Object(Config\Cache), false)
13 SYSTEMPATH\Boot.php(417): CodeIgniter\CodeIgniter->run()
14 SYSTEMPATH\Boot.php(68): CodeIgniter\Boot::runCodeIgniter(Object(CodeIgniter\CodeIgniter))
15 FCPATH\index.php(59): CodeIgniter\Boot::bootWeb(Object(Config\Paths))
DEBUG - 2026-06-05 07:59:12 --> Session: Class initialized using 'CodeIgniter\Session\Handlers\FileHandler' driver.
DEBUG - 2026-06-05 08:00:15 --> Session: Class initialized using 'CodeIgniter\Session\Handlers\FileHandler' driver.
DEBUG - 2026-06-05 08:00:16 --> Session: Class initialized using 'CodeIgniter\Session\Handlers\FileHandler' driver.
DEBUG - 2026-06-05 08:00:39 --> Session: Class initialized using 'CodeIgniter\Session\Handlers\FileHandler' driver.
DEBUG - 2026-06-05 08:02:10 --> Session: Class initialized using 'CodeIgniter\Session\Handlers\FileHandler' driver.
DEBUG - 2026-06-05 08:03:45 --> Session: Class initialized using 'CodeIgniter\Session\Handlers\FileHandler' driver.
DEBUG - 2026-06-05 08:04:11 --> Session: Class initialized using 'CodeIgniter\Session\Handlers\FileHandler' driver.
DEBUG - 2026-06-05 08:04:12 --> Session: Class initialized using 'CodeIgniter\Session\Handlers\FileHandler' driver.
DEBUG - 2026-06-05 08:04:12 --> Session: Class initialized using 'CodeIgniter\Session\Handlers\FileHandler' driver.
DEBUG - 2026-06-05 08:04:12 --> Session: Class initialized using 'CodeIgniter\Session\Handlers\FileHandler' driver.
DEBUG - 2026-06-05 08:04:12 --> Session: Class initialized using 'CodeIgniter\Session\Handlers\FileHandler' driver.
DEBUG - 2026-06-05 08:05:57 --> Session: Class initialized using 'CodeIgniter\Session\Handlers\FileHandler' driver.
DEBUG - 2026-06-05 08:05:57 --> Session: Class initialized using 'CodeIgniter\Session\Handlers\FileHandler' driver.
DEBUG - 2026-06-05 08:05:57 --> Session: Class initialized using 'CodeIgniter\Session\Handlers\FileHandler' driver.
DEBUG - 2026-06-05 08:05:57 --> Session: Class initialized using 'CodeIgniter\Session\Handlers\FileHandler' driver.
DEBUG - 2026-06-05 08:05:57 --> Session: Class initialized using 'CodeIgniter\Session\Handlers\FileHandler' driver.
DEBUG - 2026-06-05 08:05:57 --> Session: Class initialized using 'CodeIgniter\Session\Handlers\FileHandler' driver.
DEBUG - 2026-06-05 08:06:27 --> Session: Class initialized using 'CodeIgniter\Session\Handlers\FileHandler' driver.
DEBUG - 2026-06-05 08:06:27 --> Session: Class initialized using 'CodeIgniter\Session\Handlers\FileHandler' driver.
DEBUG - 2026-06-05 08:06:27 --> Session: Class initialized using 'CodeIgniter\Session\Handlers\FileHandler' driver.
DEBUG - 2026-06-05 08:06:27 --> Session: Class initialized using 'CodeIgniter\Session\Handlers\FileHandler' driver.
DEBUG - 2026-06-05 08:06:27 --> Session: Class initialized using 'CodeIgniter\Session\Handlers\FileHandler' driver.
DEBUG - 2026-06-05 08:06:33 --> Session: Class initialized using 'CodeIgniter\Session\Handlers\FileHandler' driver.
DEBUG - 2026-06-05 08:06:36 --> Session: Class initialized using 'CodeIgniter\Session\Handlers\FileHandler' driver.
DEBUG - 2026-06-05 08:06:37 --> Session: Class initialized using 'CodeIgniter\Session\Handlers\FileHandler' driver.
DEBUG - 2026-06-05 08:07:12 --> Session: Class initialized using 'CodeIgniter\Session\Handlers\FileHandler' driver.
DEBUG - 2026-06-05 08:07:12 --> Session: Class initialized using 'CodeIgniter\Session\Handlers\FileHandler' driver.
DEBUG - 2026-06-05 08:07:22 --> Session: Class initialized using 'CodeIgniter\Session\Handlers\FileHandler' driver.
DEBUG - 2026-06-05 08:07:25 --> Session: Class initialized using 'CodeIgniter\Session\Handlers\FileHandler' driver.
DEBUG - 2026-06-05 08:07:26 --> Session: Class initialized using 'CodeIgniter\Session\Handlers\FileHandler' driver.
DEBUG - 2026-06-05 08:07:26 --> Session: Class initialized using 'CodeIgniter\Session\Handlers\FileHandler' driver.
DEBUG - 2026-06-05 08:07:34 --> Session: Class initialized using 'CodeIgniter\Session\Handlers\FileHandler' driver.
DEBUG - 2026-06-05 08:07:37 --> Session: Class initialized using 'CodeIgniter\Session\Handlers\FileHandler' driver.
DEBUG - 2026-06-05 08:07:37 --> Session: Class initialized using 'CodeIgniter\Session\Handlers\FileHandler' driver.
DEBUG - 2026-06-05 08:07:37 --> Session: Class initialized using 'CodeIgniter\Session\Handlers\FileHandler' driver.
DEBUG - 2026-06-05 08:07:37 --> Session: Class initialized using 'CodeIgniter\Session\Handlers\FileHandler' driver.
DEBUG - 2026-06-05 08:07:46 --> Session: Class initialized using 'CodeIgniter\Session\Handlers\FileHandler' driver.
DEBUG - 2026-06-05 08:07:49 --> Session: Class initialized using 'CodeIgniter\Session\Handlers\FileHandler' driver.
DEBUG - 2026-06-05 08:07:49 --> Session: Class initialized using 'CodeIgniter\Session\Handlers\FileHandler' driver.
DEBUG - 2026-06-05 08:07:49 --> Session: Class initialized using 'CodeIgniter\Session\Handlers\FileHandler' driver.
DEBUG - 2026-06-05 08:07:49 --> Session: Class initialized using 'CodeIgniter\Session\Handlers\FileHandler' driver.
DEBUG - 2026-06-05 08:07:49 --> Session: Class initialized using 'CodeIgniter\Session\Handlers\FileHandler' driver.
DEBUG - 2026-06-05 08:08:07 --> Session: Class initialized using 'CodeIgniter\Session\Handlers\FileHandler' driver.
DEBUG - 2026-06-05 08:08:12 --> Session: Class initialized using 'CodeIgniter\Session\Handlers\FileHandler' driver.
DEBUG - 2026-06-05 08:08:12 --> Session: Class initialized using 'CodeIgniter\Session\Handlers\FileHandler' driver.
DEBUG - 2026-06-05 08:08:12 --> Session: Class initialized using 'CodeIgniter\Session\Handlers\FileHandler' driver.
DEBUG - 2026-06-05 08:08:12 --> Session: Class initialized using 'CodeIgniter\Session\Handlers\FileHandler' driver.
DEBUG - 2026-06-05 08:08:25 --> Session: Class initialized using 'CodeIgniter\Session\Handlers\FileHandler' driver.
DEBUG - 2026-06-05 08:08:26 --> Session: Class initialized using 'CodeIgniter\Session\Handlers\FileHandler' driver.
DEBUG - 2026-06-05 08:08:26 --> Session: Class initialized using 'CodeIgniter\Session\Handlers\FileHandler' driver.
DEBUG - 2026-06-05 08:08:26 --> Session: Class initialized using 'CodeIgniter\Session\Handlers\FileHandler' driver.
DEBUG - 2026-06-05 08:08:43 --> Session: Class initialized using 'CodeIgniter\Session\Handlers\FileHandler' driver.
DEBUG - 2026-06-05 08:08:43 --> Session: Class initialized using 'CodeIgniter\Session\Handlers\FileHandler' driver.
DEBUG - 2026-06-05 08:08:43 --> Session: Class initialized using 'CodeIgniter\Session\Handlers\FileHandler' driver.
DEBUG - 2026-06-05 08:08:43 --> Session: Class initialized using 'CodeIgniter\Session\Handlers\FileHandler' driver.
DEBUG - 2026-06-05 08:09:02 --> Session: Class initialized using 'CodeIgniter\Session\Handlers\FileHandler' driver.
DEBUG - 2026-06-05 08:11:19 --> Session: Class initialized using 'CodeIgniter\Session\Handlers\FileHandler' driver.
DEBUG - 2026-06-05 08:11:20 --> Session: Class initialized using 'CodeIgniter\Session\Handlers\FileHandler' driver.
DEBUG - 2026-06-05 08:11:24 --> Session: Class initialized using 'CodeIgniter\Session\Handlers\FileHandler' driver.
DEBUG - 2026-06-05 08:11:24 --> Session: Class initialized using 'CodeIgniter\Session\Handlers\FileHandler' driver.
DEBUG - 2026-06-05 08:11:32 --> Session: Class initialized using 'CodeIgniter\Session\Handlers\FileHandler' driver.
DEBUG - 2026-06-05 08:11:41 --> Session: Class initialized using 'CodeIgniter\Session\Handlers\FileHandler' driver.
DEBUG - 2026-06-05 17:09:50 --> Session: Class initialized using 'CodeIgniter\Session\Handlers\FileHandler' driver.
INFO - 2026-06-05 17:09:56 --> CSRF token verified.
DEBUG - 2026-06-05 17:09:56 --> Session: Class initialized using 'CodeIgniter\Session\Handlers\FileHandler' driver.
DEBUG - 2026-06-05 17:09:57 --> Session: Class initialized using 'CodeIgniter\Session\Handlers\FileHandler' driver.
DEBUG - 2026-06-05 17:10:34 --> Session: Class initialized using 'CodeIgniter\Session\Handlers\FileHandler' driver.
DEBUG - 2026-06-05 17:10:35 --> Session: Class initialized using 'CodeIgniter\Session\Handlers\FileHandler' driver.
DEBUG - 2026-06-05 17:10:40 --> Session: Class initialized using 'CodeIgniter\Session\Handlers\FileHandler' driver.
DEBUG - 2026-06-05 17:11:49 --> Session: Class initialized using 'CodeIgniter\Session\Handlers\FileHandler' driver.
DEBUG - 2026-06-05 17:12:13 --> Session: Class initialized using 'CodeIgniter\Session\Handlers\FileHandler' driver.
DEBUG - 2026-06-05 17:12:57 --> Session: Class initialized using 'CodeIgniter\Session\Handlers\FileHandler' driver.
DEBUG - 2026-06-05 17:13:15 --> Session: Class initialized using 'CodeIgniter\Session\Handlers\FileHandler' driver.
DEBUG - 2026-06-05 17:13:31 --> Session: Class initialized using 'CodeIgniter\Session\Handlers\FileHandler' driver.
DEBUG - 2026-06-05 17:13:48 --> Session: Class initialized using 'CodeIgniter\Session\Handlers\FileHandler' driver.
DEBUG - 2026-06-05 17:14:08 --> Session: Class initialized using 'CodeIgniter\Session\Handlers\FileHandler' driver.
DEBUG - 2026-06-05 17:14:41 --> Session: Class initialized using 'CodeIgniter\Session\Handlers\FileHandler' driver.
DEBUG - 2026-06-05 17:14:58 --> Session: Class initialized using 'CodeIgniter\Session\Handlers\FileHandler' driver.
DEBUG - 2026-06-05 17:15:15 --> Session: Class initialized using 'CodeIgniter\Session\Handlers\FileHandler' driver.
DEBUG - 2026-06-05 17:15:35 --> Session: Class initialized using 'CodeIgniter\Session\Handlers\FileHandler' driver.
DEBUG - 2026-06-05 17:15:54 --> Session: Class initialized using 'CodeIgniter\Session\Handlers\FileHandler' driver.
DEBUG - 2026-06-05 17:16:48 --> Session: Class initialized using 'CodeIgniter\Session\Handlers\FileHandler' driver.
DEBUG - 2026-06-05 17:16:48 --> Session: Class initialized using 'CodeIgniter\Session\Handlers\FileHandler' driver.
DEBUG - 2026-06-05 17:16:48 --> Session: Class initialized using 'CodeIgniter\Session\Handlers\FileHandler' driver.
DEBUG - 2026-06-05 17:16:48 --> Session: Class initialized using 'CodeIgniter\Session\Handlers\FileHandler' driver.
DEBUG - 2026-06-05 17:17:18 --> Session: Class initialized using 'CodeIgniter\Session\Handlers\FileHandler' driver.
DEBUG - 2026-06-05 17:17:36 --> Session: Class initialized using 'CodeIgniter\Session\Handlers\FileHandler' driver.
DEBUG - 2026-06-05 17:17:52 --> Session: Class initialized using 'CodeIgniter\Session\Handlers\FileHandler' driver.
DEBUG - 2026-06-05 17:18:07 --> Session: Class initialized using 'CodeIgniter\Session\Handlers\FileHandler' driver.
DEBUG - 2026-06-05 17:18:23 --> Session: Class initialized using 'CodeIgniter\Session\Handlers\FileHandler' driver.
DEBUG - 2026-06-05 17:18:38 --> Session: Class initialized using 'CodeIgniter\Session\Handlers\FileHandler' driver.
DEBUG - 2026-06-05 17:18:55 --> Session: Class initialized using 'CodeIgniter\Session\Handlers\FileHandler' driver.
DEBUG - 2026-06-05 17:19:10 --> Session: Class initialized using 'CodeIgniter\Session\Handlers\FileHandler' driver.
DEBUG - 2026-06-05 17:19:29 --> Session: Class initialized using 'CodeIgniter\Session\Handlers\FileHandler' driver.
DEBUG - 2026-06-05 17:19:46 --> Session: Class initialized using 'CodeIgniter\Session\Handlers\FileHandler' driver.
DEBUG - 2026-06-05 17:19:51 --> Session: Class initialized using 'CodeIgniter\Session\Handlers\FileHandler' driver.
DEBUG - 2026-06-05 17:19:55 --> Session: Class initialized using 'CodeIgniter\Session\Handlers\FileHandler' driver.
DEBUG - 2026-06-05 17:20:43 --> Session: Class initialized using 'CodeIgniter\Session\Handlers\FileHandler' driver.
DEBUG - 2026-06-05 17:20:54 --> Session: Class initialized using 'CodeIgniter\Session\Handlers\FileHandler' driver.
DEBUG - 2026-06-05 17:21:25 --> Session: Class initialized using 'CodeIgniter\Session\Handlers\FileHandler' driver.
DEBUG - 2026-06-05 17:21:25 --> Session: Class initialized using 'CodeIgniter\Session\Handlers\FileHandler' driver.
DEBUG - 2026-06-05 17:21:25 --> Session: Class initialized using 'CodeIgniter\Session\Handlers\FileHandler' driver.
DEBUG - 2026-06-05 17:21:25 --> Session: Class initialized using 'CodeIgniter\Session\Handlers\FileHandler' driver.
DEBUG - 2026-06-05 17:21:25 --> Session: Class initialized using 'CodeIgniter\Session\Handlers\FileHandler' driver.
DEBUG - 2026-06-05 17:21:26 --> Session: Class initialized using 'CodeIgniter\Session\Handlers\FileHandler' driver.
DEBUG - 2026-06-05 17:22:23 --> Session: Class initialized using 'CodeIgniter\Session\Handlers\FileHandler' driver.
DEBUG - 2026-06-05 17:22:28 --> Session: Class initialized using 'CodeIgniter\Session\Handlers\FileHandler' driver.
DEBUG - 2026-06-05 17:22:28 --> Session: Class initialized using 'CodeIgniter\Session\Handlers\FileHandler' driver.
DEBUG - 2026-06-05 17:22:28 --> Session: Class initialized using 'CodeIgniter\Session\Handlers\FileHandler' driver.
DEBUG - 2026-06-05 17:22:28 --> Session: Class initialized using 'CodeIgniter\Session\Handlers\FileHandler' driver.
DEBUG - 2026-06-05 17:22:28 --> Session: Class initialized using 'CodeIgniter\Session\Handlers\FileHandler' driver.
DEBUG - 2026-06-05 17:22:28 --> Session: Class initialized using 'CodeIgniter\Session\Handlers\FileHandler' driver.
DEBUG - 2026-06-05 17:23:01 --> Session: Class initialized using 'CodeIgniter\Session\Handlers\FileHandler' driver.
DEBUG - 2026-06-05 17:23:05 --> Session: Class initialized using 'CodeIgniter\Session\Handlers\FileHandler' driver.
DEBUG - 2026-06-05 17:23:05 --> Session: Class initialized using 'CodeIgniter\Session\Handlers\FileHandler' driver.
DEBUG - 2026-06-05 17:23:05 --> Session: Class initialized using 'CodeIgniter\Session\Handlers\FileHandler' driver.
DEBUG - 2026-06-05 17:23:05 --> Session: Class initialized using 'CodeIgniter\Session\Handlers\FileHandler' driver.
DEBUG - 2026-06-05 17:23:06 --> Session: Class initialized using 'CodeIgniter\Session\Handlers\FileHandler' driver.
DEBUG - 2026-06-05 17:23:06 --> Session: Class initialized using 'CodeIgniter\Session\Handlers\FileHandler' driver.
DEBUG - 2026-06-05 17:23:06 --> Session: Class initialized using 'CodeIgniter\Session\Handlers\FileHandler' driver.
DEBUG - 2026-06-05 17:27:20 --> Session: Class initialized using 'CodeIgniter\Session\Handlers\FileHandler' driver.
DEBUG - 2026-06-05 17:27:22 --> Session: Class initialized using 'CodeIgniter\Session\Handlers\FileHandler' driver.
DEBUG - 2026-06-05 17:27:27 --> Session: Class initialized using 'CodeIgniter\Session\Handlers\FileHandler' driver.
DEBUG - 2026-06-05 17:27:28 --> Session: Class initialized using 'CodeIgniter\Session\Handlers\FileHandler' driver.
DEBUG - 2026-06-05 17:27:35 --> Session: Class initialized using 'CodeIgniter\Session\Handlers\FileHandler' driver.
DEBUG - 2026-06-05 17:27:39 --> Session: Class initialized using 'CodeIgniter\Session\Handlers\FileHandler' driver.
DEBUG - 2026-06-05 17:27:45 --> Session: Class initialized using 'CodeIgniter\Session\Handlers\FileHandler' driver.
DEBUG - 2026-06-05 17:35:26 --> Session: Class initialized using 'CodeIgniter\Session\Handlers\FileHandler' driver.
INFO - 2026-06-05 17:35:32 --> CSRF token verified.
DEBUG - 2026-06-05 17:35:32 --> Session: Class initialized using 'CodeIgniter\Session\Handlers\FileHandler' driver.
DEBUG - 2026-06-05 17:35:33 --> Session: Class initialized using 'CodeIgniter\Session\Handlers\FileHandler' driver.
DEBUG - 2026-06-05 17:37:08 --> Session: Class initialized using 'CodeIgniter\Session\Handlers\FileHandler' driver.
ERROR - 2026-06-05 17:37:08 --> Unknown column 'portfolio_url' in 'field list'
in SYSTEMPATH\Database\MySQLi\Connection.php on line 300.
 1 SYSTEMPATH\Database\MySQLi\Connection.php(300): mysqli->query('UPDATE `resume_header` SET `name` = \'Evar Sanglitan Jr.\', `position` = \'Junior Web Developer\', `email` = \'evarsanglitanjr.320@gmail.com\', `phone` = \'09082825497\', `location` = \'Tangalan, Aklan, Philippines\', `linkedin` = \'\', `portfolio_url` = \'\', `show_photo` = 0
WHERE `resume_header`.`id` IN (\'1\')', 0)
 2 SYSTEMPATH\Database\BaseConnection.php(769): CodeIgniter\Database\MySQLi\Connection->execute('UPDATE `resume_header` SET `name` = \'Evar Sanglitan Jr.\', `position` = \'Junior Web Developer\', `email` = \'evarsanglitanjr.320@gmail.com\', `phone` = \'09082825497\', `location` = \'Tangalan, Aklan, Philippines\', `linkedin` = \'\', `portfolio_url` = \'\', `show_photo` = 0
WHERE `resume_header`.`id` IN (\'1\')')
 3 SYSTEMPATH\Database\BaseConnection.php(686): CodeIgniter\Database\BaseConnection->simpleQuery('UPDATE `resume_header` SET `name` = \'Evar Sanglitan Jr.\', `position` = \'Junior Web Developer\', `email` = \'evarsanglitanjr.320@gmail.com\', `phone` = \'09082825497\', `location` = \'Tangalan, Aklan, Philippines\', `linkedin` = \'\', `portfolio_url` = \'\', `show_photo` = 0
WHERE `resume_header`.`id` IN (\'1\')')
 4 SYSTEMPATH\Database\BaseBuilder.php(2521): CodeIgniter\Database\BaseConnection->query('UPDATE `resume_header` SET `name` = :name:, `position` = :position:, `email` = :email:, `phone` = :phone:, `location` = :location:, `linkedin` = :linkedin:, `portfolio_url` = :portfolio_url:, `show_photo` = :show_photo:
WHERE `resume_header`.`id` IN :resume_header.id:', [...], false)
 5 SYSTEMPATH\Model.php(407): CodeIgniter\Database\BaseBuilder->update()
 6 SYSTEMPATH\BaseModel.php(1073): CodeIgniter\Model->doUpdate([...], [...])
 7 SYSTEMPATH\Model.php(706): CodeIgniter\BaseModel->update([...], [...])
 8 APPPATH\Models\HeaderModel.php(33): CodeIgniter\Model->update('1', [...])
 9 APPPATH\Controllers\Api\HeaderController.php(12): App\Models\HeaderModel->updateHeader([...])
10 SYSTEMPATH\CodeIgniter.php(951): App\Controllers\Api\HeaderController->update()
11 SYSTEMPATH\CodeIgniter.php(497): CodeIgniter\CodeIgniter->runController(Object(App\Controllers\Api\HeaderController))
12 SYSTEMPATH\CodeIgniter.php(340): CodeIgniter\CodeIgniter->handleRequest(null, Object(Config\Cache), false)
13 SYSTEMPATH\Boot.php(417): CodeIgniter\CodeIgniter->run()
14 SYSTEMPATH\Boot.php(68): CodeIgniter\Boot::runCodeIgniter(Object(CodeIgniter\CodeIgniter))
15 FCPATH\index.php(59): CodeIgniter\Boot::bootWeb(Object(Config\Paths))
CRITICAL - 2026-06-05 17:37:08 --> CodeIgniter\Database\Exceptions\DatabaseException: Unknown column 'portfolio_url' in 'field list'
[Method: POST, Route: api/header/update]
in SYSTEMPATH\Database\BaseConnection.php on line 724.
 1 SYSTEMPATH\Database\BaseBuilder.php(2521): CodeIgniter\Database\BaseConnection->query('UPDATE `resume_header` SET `name` = :name:, `position` = :position:, `email` = :email:, `phone` = :phone:, `location` = :location:, `linkedin` = :linkedin:, `portfolio_url` = :portfolio_url:, `show_photo` = :show_photo:
WHERE `resume_header`.`id` IN :resume_header.id:', [...], false)
 2 SYSTEMPATH\Model.php(407): CodeIgniter\Database\BaseBuilder->update()
 3 SYSTEMPATH\BaseModel.php(1073): CodeIgniter\Model->doUpdate([...], [...])
 4 SYSTEMPATH\Model.php(706): CodeIgniter\BaseModel->update([...], [...])
 5 APPPATH\Models\HeaderModel.php(33): CodeIgniter\Model->update('1', [...])
 6 APPPATH\Controllers\Api\HeaderController.php(12): App\Models\HeaderModel->updateHeader([...])
 7 SYSTEMPATH\CodeIgniter.php(951): App\Controllers\Api\HeaderController->update()
 8 SYSTEMPATH\CodeIgniter.php(497): CodeIgniter\CodeIgniter->runController(Object(App\Controllers\Api\HeaderController))
 9 SYSTEMPATH\CodeIgniter.php(340): CodeIgniter\CodeIgniter->handleRequest(null, Object(Config\Cache), false)
10 SYSTEMPATH\Boot.php(417): CodeIgniter\CodeIgniter->run()
11 SYSTEMPATH\Boot.php(68): CodeIgniter\Boot::runCodeIgniter(Object(CodeIgniter\CodeIgniter))
12 FCPATH\index.php(59): CodeIgniter\Boot::bootWeb(Object(Config\Paths))
CRITICAL - 2026-06-05 17:37:08 --> [Caused by] CodeIgniter\Database\Exceptions\DatabaseException: Unknown column 'portfolio_url' in 'field list'
in SYSTEMPATH\Database\MySQLi\Connection.php on line 310.
 1 SYSTEMPATH\Database\BaseConnection.php(769): CodeIgniter\Database\MySQLi\Connection->execute('UPDATE `resume_header` SET `name` = \'Evar Sanglitan Jr.\', `position` = \'Junior Web Developer\', `email` = \'evarsanglitanjr.320@gmail.com\', `phone` = \'09082825497\', `location` = \'Tangalan, Aklan, Philippines\', `linkedin` = \'\', `portfolio_url` = \'\', `show_photo` = 0
WHERE `resume_header`.`id` IN (\'1\')')
 2 SYSTEMPATH\Database\BaseConnection.php(686): CodeIgniter\Database\BaseConnection->simpleQuery('UPDATE `resume_header` SET `name` = \'Evar Sanglitan Jr.\', `position` = \'Junior Web Developer\', `email` = \'evarsanglitanjr.320@gmail.com\', `phone` = \'09082825497\', `location` = \'Tangalan, Aklan, Philippines\', `linkedin` = \'\', `portfolio_url` = \'\', `show_photo` = 0
WHERE `resume_header`.`id` IN (\'1\')')
 3 SYSTEMPATH\Database\BaseBuilder.php(2521): CodeIgniter\Database\BaseConnection->query('UPDATE `resume_header` SET `name` = :name:, `position` = :position:, `email` = :email:, `phone` = :phone:, `location` = :location:, `linkedin` = :linkedin:, `portfolio_url` = :portfolio_url:, `show_photo` = :show_photo:
WHERE `resume_header`.`id` IN :resume_header.id:', [...], false)
 4 SYSTEMPATH\Model.php(407): CodeIgniter\Database\BaseBuilder->update()
 5 SYSTEMPATH\BaseModel.php(1073): CodeIgniter\Model->doUpdate([...], [...])
 6 SYSTEMPATH\Model.php(706): CodeIgniter\BaseModel->update([...], [...])
 7 APPPATH\Models\HeaderModel.php(33): CodeIgniter\Model->update('1', [...])
 8 APPPATH\Controllers\Api\HeaderController.php(12): App\Models\HeaderModel->updateHeader([...])
 9 SYSTEMPATH\CodeIgniter.php(951): App\Controllers\Api\HeaderController->update()
10 SYSTEMPATH\CodeIgniter.php(497): CodeIgniter\CodeIgniter->runController(Object(App\Controllers\Api\HeaderController))
11 SYSTEMPATH\CodeIgniter.php(340): CodeIgniter\CodeIgniter->handleRequest(null, Object(Config\Cache), false)
12 SYSTEMPATH\Boot.php(417): CodeIgniter\CodeIgniter->run()
13 SYSTEMPATH\Boot.php(68): CodeIgniter\Boot::runCodeIgniter(Object(CodeIgniter\CodeIgniter))
14 FCPATH\index.php(59): CodeIgniter\Boot::bootWeb(Object(Config\Paths))
CRITICAL - 2026-06-05 17:37:08 --> [Caused by] mysqli_sql_exception: Unknown column 'portfolio_url' in 'field list'
in SYSTEMPATH\Database\MySQLi\Connection.php on line 300.
 1 SYSTEMPATH\Database\MySQLi\Connection.php(300): mysqli->query('UPDATE `resume_header` SET `name` = \'Evar Sanglitan Jr.\', `position` = \'Junior Web Developer\', `email` = \'evarsanglitanjr.320@gmail.com\', `phone` = \'09082825497\', `location` = \'Tangalan, Aklan, Philippines\', `linkedin` = \'\', `portfolio_url` = \'\', `show_photo` = 0
WHERE `resume_header`.`id` IN (\'1\')', 0)
 2 SYSTEMPATH\Database\BaseConnection.php(769): CodeIgniter\Database\MySQLi\Connection->execute('UPDATE `resume_header` SET `name` = \'Evar Sanglitan Jr.\', `position` = \'Junior Web Developer\', `email` = \'evarsanglitanjr.320@gmail.com\', `phone` = \'09082825497\', `location` = \'Tangalan, Aklan, Philippines\', `linkedin` = \'\', `portfolio_url` = \'\', `show_photo` = 0
WHERE `resume_header`.`id` IN (\'1\')')
 3 SYSTEMPATH\Database\BaseConnection.php(686): CodeIgniter\Database\BaseConnection->simpleQuery('UPDATE `resume_header` SET `name` = \'Evar Sanglitan Jr.\', `position` = \'Junior Web Developer\', `email` = \'evarsanglitanjr.320@gmail.com\', `phone` = \'09082825497\', `location` = \'Tangalan, Aklan, Philippines\', `linkedin` = \'\', `portfolio_url` = \'\', `show_photo` = 0
WHERE `resume_header`.`id` IN (\'1\')')
 4 SYSTEMPATH\Database\BaseBuilder.php(2521): CodeIgniter\Database\BaseConnection->query('UPDATE `resume_header` SET `name` = :name:, `position` = :position:, `email` = :email:, `phone` = :phone:, `location` = :location:, `linkedin` = :linkedin:, `portfolio_url` = :portfolio_url:, `show_photo` = :show_photo:
WHERE `resume_header`.`id` IN :resume_header.id:', [...], false)
 5 SYSTEMPATH\Model.php(407): CodeIgniter\Database\BaseBuilder->update()
 6 SYSTEMPATH\BaseModel.php(1073): CodeIgniter\Model->doUpdate([...], [...])
 7 SYSTEMPATH\Model.php(706): CodeIgniter\BaseModel->update([...], [...])
 8 APPPATH\Models\HeaderModel.php(33): CodeIgniter\Model->update('1', [...])
 9 APPPATH\Controllers\Api\HeaderController.php(12): App\Models\HeaderModel->updateHeader([...])
10 SYSTEMPATH\CodeIgniter.php(951): App\Controllers\Api\HeaderController->update()
11 SYSTEMPATH\CodeIgniter.php(497): CodeIgniter\CodeIgniter->runController(Object(App\Controllers\Api\HeaderController))
12 SYSTEMPATH\CodeIgniter.php(340): CodeIgniter\CodeIgniter->handleRequest(null, Object(Config\Cache), false)
13 SYSTEMPATH\Boot.php(417): CodeIgniter\CodeIgniter->run()
14 SYSTEMPATH\Boot.php(68): CodeIgniter\Boot::runCodeIgniter(Object(CodeIgniter\CodeIgniter))
15 FCPATH\index.php(59): CodeIgniter\Boot::bootWeb(Object(Config\Paths))
DEBUG - 2026-06-05 17:37:22 --> Session: Class initialized using 'CodeIgniter\Session\Handlers\FileHandler' driver.
ERROR - 2026-06-05 17:37:22 --> Unknown column 'portfolio_url' in 'field list'
in SYSTEMPATH\Database\MySQLi\Connection.php on line 300.
 1 SYSTEMPATH\Database\MySQLi\Connection.php(300): mysqli->query('UPDATE `resume_header` SET `name` = \'Evar Sanglitan Jr.\', `position` = \'Junior Web Developer\', `email` = \'evarsanglitanjr.320@gmail.com\', `phone` = \'09082825497\', `location` = \'Tangalan, Aklan, Philippines\', `linkedin` = \'\', `portfolio_url` = \'\', `show_photo` = 0
WHERE `resume_header`.`id` IN (\'1\')', 0)
 2 SYSTEMPATH\Database\BaseConnection.php(769): CodeIgniter\Database\MySQLi\Connection->execute('UPDATE `resume_header` SET `name` = \'Evar Sanglitan Jr.\', `position` = \'Junior Web Developer\', `email` = \'evarsanglitanjr.320@gmail.com\', `phone` = \'09082825497\', `location` = \'Tangalan, Aklan, Philippines\', `linkedin` = \'\', `portfolio_url` = \'\', `show_photo` = 0
WHERE `resume_header`.`id` IN (\'1\')')
 3 SYSTEMPATH\Database\BaseConnection.php(686): CodeIgniter\Database\BaseConnection->simpleQuery('UPDATE `resume_header` SET `name` = \'Evar Sanglitan Jr.\', `position` = \'Junior Web Developer\', `email` = \'evarsanglitanjr.320@gmail.com\', `phone` = \'09082825497\', `location` = \'Tangalan, Aklan, Philippines\', `linkedin` = \'\', `portfolio_url` = \'\', `show_photo` = 0
WHERE `resume_header`.`id` IN (\'1\')')
 4 SYSTEMPATH\Database\BaseBuilder.php(2521): CodeIgniter\Database\BaseConnection->query('UPDATE `resume_header` SET `name` = :name:, `position` = :position:, `email` = :email:, `phone` = :phone:, `location` = :location:, `linkedin` = :linkedin:, `portfolio_url` = :portfolio_url:, `show_photo` = :show_photo:
WHERE `resume_header`.`id` IN :resume_header.id:', [...], false)
 5 SYSTEMPATH\Model.php(407): CodeIgniter\Database\BaseBuilder->update()
 6 SYSTEMPATH\BaseModel.php(1073): CodeIgniter\Model->doUpdate([...], [...])
 7 SYSTEMPATH\Model.php(706): CodeIgniter\BaseModel->update([...], [...])
 8 APPPATH\Models\HeaderModel.php(33): CodeIgniter\Model->update('1', [...])
 9 APPPATH\Controllers\Api\HeaderController.php(12): App\Models\HeaderModel->updateHeader([...])
10 SYSTEMPATH\CodeIgniter.php(951): App\Controllers\Api\HeaderController->update()
11 SYSTEMPATH\CodeIgniter.php(497): CodeIgniter\CodeIgniter->runController(Object(App\Controllers\Api\HeaderController))
12 SYSTEMPATH\CodeIgniter.php(340): CodeIgniter\CodeIgniter->handleRequest(null, Object(Config\Cache), false)
13 SYSTEMPATH\Boot.php(417): CodeIgniter\CodeIgniter->run()
14 SYSTEMPATH\Boot.php(68): CodeIgniter\Boot::runCodeIgniter(Object(CodeIgniter\CodeIgniter))
15 FCPATH\index.php(59): CodeIgniter\Boot::bootWeb(Object(Config\Paths))
CRITICAL - 2026-06-05 17:37:22 --> CodeIgniter\Database\Exceptions\DatabaseException: Unknown column 'portfolio_url' in 'field list'
[Method: POST, Route: api/header/update]
in SYSTEMPATH\Database\BaseConnection.php on line 724.
 1 SYSTEMPATH\Database\BaseBuilder.php(2521): CodeIgniter\Database\BaseConnection->query('UPDATE `resume_header` SET `name` = :name:, `position` = :position:, `email` = :email:, `phone` = :phone:, `location` = :location:, `linkedin` = :linkedin:, `portfolio_url` = :portfolio_url:, `show_photo` = :show_photo:
WHERE `resume_header`.`id` IN :resume_header.id:', [...], false)
 2 SYSTEMPATH\Model.php(407): CodeIgniter\Database\BaseBuilder->update()
 3 SYSTEMPATH\BaseModel.php(1073): CodeIgniter\Model->doUpdate([...], [...])
 4 SYSTEMPATH\Model.php(706): CodeIgniter\BaseModel->update([...], [...])
 5 APPPATH\Models\HeaderModel.php(33): CodeIgniter\Model->update('1', [...])
 6 APPPATH\Controllers\Api\HeaderController.php(12): App\Models\HeaderModel->updateHeader([...])
 7 SYSTEMPATH\CodeIgniter.php(951): App\Controllers\Api\HeaderController->update()
 8 SYSTEMPATH\CodeIgniter.php(497): CodeIgniter\CodeIgniter->runController(Object(App\Controllers\Api\HeaderController))
 9 SYSTEMPATH\CodeIgniter.php(340): CodeIgniter\CodeIgniter->handleRequest(null, Object(Config\Cache), false)
10 SYSTEMPATH\Boot.php(417): CodeIgniter\CodeIgniter->run()
11 SYSTEMPATH\Boot.php(68): CodeIgniter\Boot::runCodeIgniter(Object(CodeIgniter\CodeIgniter))
12 FCPATH\index.php(59): CodeIgniter\Boot::bootWeb(Object(Config\Paths))
CRITICAL - 2026-06-05 17:37:22 --> [Caused by] CodeIgniter\Database\Exceptions\DatabaseException: Unknown column 'portfolio_url' in 'field list'
in SYSTEMPATH\Database\MySQLi\Connection.php on line 310.
 1 SYSTEMPATH\Database\BaseConnection.php(769): CodeIgniter\Database\MySQLi\Connection->execute('UPDATE `resume_header` SET `name` = \'Evar Sanglitan Jr.\', `position` = \'Junior Web Developer\', `email` = \'evarsanglitanjr.320@gmail.com\', `phone` = \'09082825497\', `location` = \'Tangalan, Aklan, Philippines\', `linkedin` = \'\', `portfolio_url` = \'\', `show_photo` = 0
WHERE `resume_header`.`id` IN (\'1\')')
 2 SYSTEMPATH\Database\BaseConnection.php(686): CodeIgniter\Database\BaseConnection->simpleQuery('UPDATE `resume_header` SET `name` = \'Evar Sanglitan Jr.\', `position` = \'Junior Web Developer\', `email` = \'evarsanglitanjr.320@gmail.com\', `phone` = \'09082825497\', `location` = \'Tangalan, Aklan, Philippines\', `linkedin` = \'\', `portfolio_url` = \'\', `show_photo` = 0
WHERE `resume_header`.`id` IN (\'1\')')
 3 SYSTEMPATH\Database\BaseBuilder.php(2521): CodeIgniter\Database\BaseConnection->query('UPDATE `resume_header` SET `name` = :name:, `position` = :position:, `email` = :email:, `phone` = :phone:, `location` = :location:, `linkedin` = :linkedin:, `portfolio_url` = :portfolio_url:, `show_photo` = :show_photo:
WHERE `resume_header`.`id` IN :resume_header.id:', [...], false)
 4 SYSTEMPATH\Model.php(407): CodeIgniter\Database\BaseBuilder->update()
 5 SYSTEMPATH\BaseModel.php(1073): CodeIgniter\Model->doUpdate([...], [...])
 6 SYSTEMPATH\Model.php(706): CodeIgniter\BaseModel->update([...], [...])
 7 APPPATH\Models\HeaderModel.php(33): CodeIgniter\Model->update('1', [...])
 8 APPPATH\Controllers\Api\HeaderController.php(12): App\Models\HeaderModel->updateHeader([...])
 9 SYSTEMPATH\CodeIgniter.php(951): App\Controllers\Api\HeaderController->update()
10 SYSTEMPATH\CodeIgniter.php(497): CodeIgniter\CodeIgniter->runController(Object(App\Controllers\Api\HeaderController))
11 SYSTEMPATH\CodeIgniter.php(340): CodeIgniter\CodeIgniter->handleRequest(null, Object(Config\Cache), false)
12 SYSTEMPATH\Boot.php(417): CodeIgniter\CodeIgniter->run()
13 SYSTEMPATH\Boot.php(68): CodeIgniter\Boot::runCodeIgniter(Object(CodeIgniter\CodeIgniter))
14 FCPATH\index.php(59): CodeIgniter\Boot::bootWeb(Object(Config\Paths))
CRITICAL - 2026-06-05 17:37:22 --> [Caused by] mysqli_sql_exception: Unknown column 'portfolio_url' in 'field list'
in SYSTEMPATH\Database\MySQLi\Connection.php on line 300.
 1 SYSTEMPATH\Database\MySQLi\Connection.php(300): mysqli->query('UPDATE `resume_header` SET `name` = \'Evar Sanglitan Jr.\', `position` = \'Junior Web Developer\', `email` = \'evarsanglitanjr.320@gmail.com\', `phone` = \'09082825497\', `location` = \'Tangalan, Aklan, Philippines\', `linkedin` = \'\', `portfolio_url` = \'\', `show_photo` = 0
WHERE `resume_header`.`id` IN (\'1\')', 0)
 2 SYSTEMPATH\Database\BaseConnection.php(769): CodeIgniter\Database\MySQLi\Connection->execute('UPDATE `resume_header` SET `name` = \'Evar Sanglitan Jr.\', `position` = \'Junior Web Developer\', `email` = \'evarsanglitanjr.320@gmail.com\', `phone` = \'09082825497\', `location` = \'Tangalan, Aklan, Philippines\', `linkedin` = \'\', `portfolio_url` = \'\', `show_photo` = 0
WHERE `resume_header`.`id` IN (\'1\')')
 3 SYSTEMPATH\Database\BaseConnection.php(686): CodeIgniter\Database\BaseConnection->simpleQuery('UPDATE `resume_header` SET `name` = \'Evar Sanglitan Jr.\', `position` = \'Junior Web Developer\', `email` = \'evarsanglitanjr.320@gmail.com\', `phone` = \'09082825497\', `location` = \'Tangalan, Aklan, Philippines\', `linkedin` = \'\', `portfolio_url` = \'\', `show_photo` = 0
WHERE `resume_header`.`id` IN (\'1\')')
 4 SYSTEMPATH\Database\BaseBuilder.php(2521): CodeIgniter\Database\BaseConnection->query('UPDATE `resume_header` SET `name` = :name:, `position` = :position:, `email` = :email:, `phone` = :phone:, `location` = :location:, `linkedin` = :linkedin:, `portfolio_url` = :portfolio_url:, `show_photo` = :show_photo:
WHERE `resume_header`.`id` IN :resume_header.id:', [...], false)
 5 SYSTEMPATH\Model.php(407): CodeIgniter\Database\BaseBuilder->update()
 6 SYSTEMPATH\BaseModel.php(1073): CodeIgniter\Model->doUpdate([...], [...])
 7 SYSTEMPATH\Model.php(706): CodeIgniter\BaseModel->update([...], [...])
 8 APPPATH\Models\HeaderModel.php(33): CodeIgniter\Model->update('1', [...])
 9 APPPATH\Controllers\Api\HeaderController.php(12): App\Models\HeaderModel->updateHeader([...])
10 SYSTEMPATH\CodeIgniter.php(951): App\Controllers\Api\HeaderController->update()
11 SYSTEMPATH\CodeIgniter.php(497): CodeIgniter\CodeIgniter->runController(Object(App\Controllers\Api\HeaderController))
12 SYSTEMPATH\CodeIgniter.php(340): CodeIgniter\CodeIgniter->handleRequest(null, Object(Config\Cache), false)
13 SYSTEMPATH\Boot.php(417): CodeIgniter\CodeIgniter->run()
14 SYSTEMPATH\Boot.php(68): CodeIgniter\Boot::runCodeIgniter(Object(CodeIgniter\CodeIgniter))
15 FCPATH\index.php(59): CodeIgniter\Boot::bootWeb(Object(Config\Paths))
DEBUG - 2026-06-05 17:37:35 --> Session: Class initialized using 'CodeIgniter\Session\Handlers\FileHandler' driver.
ERROR - 2026-06-05 17:37:35 --> Unknown column 'portfolio_url' in 'field list'
in SYSTEMPATH\Database\MySQLi\Connection.php on line 300.
 1 SYSTEMPATH\Database\MySQLi\Connection.php(300): mysqli->query('UPDATE `resume_header` SET `name` = \'Evar Sanglitan Jr.\', `position` = \'Junior Web Developer\', `email` = \'evarsanglitanjr.320@gmail.com\', `phone` = \'09082825497\', `location` = \'Tangalan, Aklan, Philippines\', `linkedin` = \'\', `portfolio_url` = \'\', `show_photo` = 0
WHERE `resume_header`.`id` IN (\'1\')', 0)
 2 SYSTEMPATH\Database\BaseConnection.php(769): CodeIgniter\Database\MySQLi\Connection->execute('UPDATE `resume_header` SET `name` = \'Evar Sanglitan Jr.\', `position` = \'Junior Web Developer\', `email` = \'evarsanglitanjr.320@gmail.com\', `phone` = \'09082825497\', `location` = \'Tangalan, Aklan, Philippines\', `linkedin` = \'\', `portfolio_url` = \'\', `show_photo` = 0
WHERE `resume_header`.`id` IN (\'1\')')
 3 SYSTEMPATH\Database\BaseConnection.php(686): CodeIgniter\Database\BaseConnection->simpleQuery('UPDATE `resume_header` SET `name` = \'Evar Sanglitan Jr.\', `position` = \'Junior Web Developer\', `email` = \'evarsanglitanjr.320@gmail.com\', `phone` = \'09082825497\', `location` = \'Tangalan, Aklan, Philippines\', `linkedin` = \'\', `portfolio_url` = \'\', `show_photo` = 0
WHERE `resume_header`.`id` IN (\'1\')')
 4 SYSTEMPATH\Database\BaseBuilder.php(2521): CodeIgniter\Database\BaseConnection->query('UPDATE `resume_header` SET `name` = :name:, `position` = :position:, `email` = :email:, `phone` = :phone:, `location` = :location:, `linkedin` = :linkedin:, `portfolio_url` = :portfolio_url:, `show_photo` = :show_photo:
WHERE `resume_header`.`id` IN :resume_header.id:', [...], false)
 5 SYSTEMPATH\Model.php(407): CodeIgniter\Database\BaseBuilder->update()
 6 SYSTEMPATH\BaseModel.php(1073): CodeIgniter\Model->doUpdate([...], [...])
 7 SYSTEMPATH\Model.php(706): CodeIgniter\BaseModel->update([...], [...])
 8 APPPATH\Models\HeaderModel.php(33): CodeIgniter\Model->update('1', [...])
 9 APPPATH\Controllers\Api\HeaderController.php(12): App\Models\HeaderModel->updateHeader([...])
10 SYSTEMPATH\CodeIgniter.php(951): App\Controllers\Api\HeaderController->update()
11 SYSTEMPATH\CodeIgniter.php(497): CodeIgniter\CodeIgniter->runController(Object(App\Controllers\Api\HeaderController))
12 SYSTEMPATH\CodeIgniter.php(340): CodeIgniter\CodeIgniter->handleRequest(null, Object(Config\Cache), false)
13 SYSTEMPATH\Boot.php(417): CodeIgniter\CodeIgniter->run()
14 SYSTEMPATH\Boot.php(68): CodeIgniter\Boot::runCodeIgniter(Object(CodeIgniter\CodeIgniter))
15 FCPATH\index.php(59): CodeIgniter\Boot::bootWeb(Object(Config\Paths))
CRITICAL - 2026-06-05 17:37:35 --> CodeIgniter\Database\Exceptions\DatabaseException: Unknown column 'portfolio_url' in 'field list'
[Method: POST, Route: api/header/update]
in SYSTEMPATH\Database\BaseConnection.php on line 724.
 1 SYSTEMPATH\Database\BaseBuilder.php(2521): CodeIgniter\Database\BaseConnection->query('UPDATE `resume_header` SET `name` = :name:, `position` = :position:, `email` = :email:, `phone` = :phone:, `location` = :location:, `linkedin` = :linkedin:, `portfolio_url` = :portfolio_url:, `show_photo` = :show_photo:
WHERE `resume_header`.`id` IN :resume_header.id:', [...], false)
 2 SYSTEMPATH\Model.php(407): CodeIgniter\Database\BaseBuilder->update()
 3 SYSTEMPATH\BaseModel.php(1073): CodeIgniter\Model->doUpdate([...], [...])
 4 SYSTEMPATH\Model.php(706): CodeIgniter\BaseModel->update([...], [...])
 5 APPPATH\Models\HeaderModel.php(33): CodeIgniter\Model->update('1', [...])
 6 APPPATH\Controllers\Api\HeaderController.php(12): App\Models\HeaderModel->updateHeader([...])
 7 SYSTEMPATH\CodeIgniter.php(951): App\Controllers\Api\HeaderController->update()
 8 SYSTEMPATH\CodeIgniter.php(497): CodeIgniter\CodeIgniter->runController(Object(App\Controllers\Api\HeaderController))
 9 SYSTEMPATH\CodeIgniter.php(340): CodeIgniter\CodeIgniter->handleRequest(null, Object(Config\Cache), false)
10 SYSTEMPATH\Boot.php(417): CodeIgniter\CodeIgniter->run()
11 SYSTEMPATH\Boot.php(68): CodeIgniter\Boot::runCodeIgniter(Object(CodeIgniter\CodeIgniter))
12 FCPATH\index.php(59): CodeIgniter\Boot::bootWeb(Object(Config\Paths))
CRITICAL - 2026-06-05 17:37:35 --> [Caused by] CodeIgniter\Database\Exceptions\DatabaseException: Unknown column 'portfolio_url' in 'field list'
in SYSTEMPATH\Database\MySQLi\Connection.php on line 310.
 1 SYSTEMPATH\Database\BaseConnection.php(769): CodeIgniter\Database\MySQLi\Connection->execute('UPDATE `resume_header` SET `name` = \'Evar Sanglitan Jr.\', `position` = \'Junior Web Developer\', `email` = \'evarsanglitanjr.320@gmail.com\', `phone` = \'09082825497\', `location` = \'Tangalan, Aklan, Philippines\', `linkedin` = \'\', `portfolio_url` = \'\', `show_photo` = 0
WHERE `resume_header`.`id` IN (\'1\')')
 2 SYSTEMPATH\Database\BaseConnection.php(686): CodeIgniter\Database\BaseConnection->simpleQuery('UPDATE `resume_header` SET `name` = \'Evar Sanglitan Jr.\', `position` = \'Junior Web Developer\', `email` = \'evarsanglitanjr.320@gmail.com\', `phone` = \'09082825497\', `location` = \'Tangalan, Aklan, Philippines\', `linkedin` = \'\', `portfolio_url` = \'\', `show_photo` = 0
WHERE `resume_header`.`id` IN (\'1\')')
 3 SYSTEMPATH\Database\BaseBuilder.php(2521): CodeIgniter\Database\BaseConnection->query('UPDATE `resume_header` SET `name` = :name:, `position` = :position:, `email` = :email:, `phone` = :phone:, `location` = :location:, `linkedin` = :linkedin:, `portfolio_url` = :portfolio_url:, `show_photo` = :show_photo:
WHERE `resume_header`.`id` IN :resume_header.id:', [...], false)
 4 SYSTEMPATH\Model.php(407): CodeIgniter\Database\BaseBuilder->update()
 5 SYSTEMPATH\BaseModel.php(1073): CodeIgniter\Model->doUpdate([...], [...])
 6 SYSTEMPATH\Model.php(706): CodeIgniter\BaseModel->update([...], [...])
 7 APPPATH\Models\HeaderModel.php(33): CodeIgniter\Model->update('1', [...])
 8 APPPATH\Controllers\Api\HeaderController.php(12): App\Models\HeaderModel->updateHeader([...])
 9 SYSTEMPATH\CodeIgniter.php(951): App\Controllers\Api\HeaderController->update()
10 SYSTEMPATH\CodeIgniter.php(497): CodeIgniter\CodeIgniter->runController(Object(App\Controllers\Api\HeaderController))
11 SYSTEMPATH\CodeIgniter.php(340): CodeIgniter\CodeIgniter->handleRequest(null, Object(Config\Cache), false)
12 SYSTEMPATH\Boot.php(417): CodeIgniter\CodeIgniter->run()
13 SYSTEMPATH\Boot.php(68): CodeIgniter\Boot::runCodeIgniter(Object(CodeIgniter\CodeIgniter))
14 FCPATH\index.php(59): CodeIgniter\Boot::bootWeb(Object(Config\Paths))
CRITICAL - 2026-06-05 17:37:35 --> [Caused by] mysqli_sql_exception: Unknown column 'portfolio_url' in 'field list'
in SYSTEMPATH\Database\MySQLi\Connection.php on line 300.
 1 SYSTEMPATH\Database\MySQLi\Connection.php(300): mysqli->query('UPDATE `resume_header` SET `name` = \'Evar Sanglitan Jr.\', `position` = \'Junior Web Developer\', `email` = \'evarsanglitanjr.320@gmail.com\', `phone` = \'09082825497\', `location` = \'Tangalan, Aklan, Philippines\', `linkedin` = \'\', `portfolio_url` = \'\', `show_photo` = 0
WHERE `resume_header`.`id` IN (\'1\')', 0)
 2 SYSTEMPATH\Database\BaseConnection.php(769): CodeIgniter\Database\MySQLi\Connection->execute('UPDATE `resume_header` SET `name` = \'Evar Sanglitan Jr.\', `position` = \'Junior Web Developer\', `email` = \'evarsanglitanjr.320@gmail.com\', `phone` = \'09082825497\', `location` = \'Tangalan, Aklan, Philippines\', `linkedin` = \'\', `portfolio_url` = \'\', `show_photo` = 0
WHERE `resume_header`.`id` IN (\'1\')')
 3 SYSTEMPATH\Database\BaseConnection.php(686): CodeIgniter\Database\BaseConnection->simpleQuery('UPDATE `resume_header` SET `name` = \'Evar Sanglitan Jr.\', `position` = \'Junior Web Developer\', `email` = \'evarsanglitanjr.320@gmail.com\', `phone` = \'09082825497\', `location` = \'Tangalan, Aklan, Philippines\', `linkedin` = \'\', `portfolio_url` = \'\', `show_photo` = 0
WHERE `resume_header`.`id` IN (\'1\')')
 4 SYSTEMPATH\Database\BaseBuilder.php(2521): CodeIgniter\Database\BaseConnection->query('UPDATE `resume_header` SET `name` = :name:, `position` = :position:, `email` = :email:, `phone` = :phone:, `location` = :location:, `linkedin` = :linkedin:, `portfolio_url` = :portfolio_url:, `show_photo` = :show_photo:
WHERE `resume_header`.`id` IN :resume_header.id:', [...], false)
 5 SYSTEMPATH\Model.php(407): CodeIgniter\Database\BaseBuilder->update()
 6 SYSTEMPATH\BaseModel.php(1073): CodeIgniter\Model->doUpdate([...], [...])
 7 SYSTEMPATH\Model.php(706): CodeIgniter\BaseModel->update([...], [...])
 8 APPPATH\Models\HeaderModel.php(33): CodeIgniter\Model->update('1', [...])
 9 APPPATH\Controllers\Api\HeaderController.php(12): App\Models\HeaderModel->updateHeader([...])
10 SYSTEMPATH\CodeIgniter.php(951): App\Controllers\Api\HeaderController->update()
11 SYSTEMPATH\CodeIgniter.php(497): CodeIgniter\CodeIgniter->runController(Object(App\Controllers\Api\HeaderController))
12 SYSTEMPATH\CodeIgniter.php(340): CodeIgniter\CodeIgniter->handleRequest(null, Object(Config\Cache), false)
13 SYSTEMPATH\Boot.php(417): CodeIgniter\CodeIgniter->run()
14 SYSTEMPATH\Boot.php(68): CodeIgniter\Boot::runCodeIgniter(Object(CodeIgniter\CodeIgniter))
15 FCPATH\index.php(59): CodeIgniter\Boot::bootWeb(Object(Config\Paths))
DEBUG - 2026-06-05 17:37:43 --> Session: Class initialized using 'CodeIgniter\Session\Handlers\FileHandler' driver.
DEBUG - 2026-06-05 17:37:44 --> Session: Class initialized using 'CodeIgniter\Session\Handlers\FileHandler' driver.
DEBUG - 2026-06-05 17:37:58 --> Session: Class initialized using 'CodeIgniter\Session\Handlers\FileHandler' driver.
