DEBUG - 2026-05-10 05:34:51 --> Session: Class initialized using 'CodeIgniter\Session\Handlers\FileHandler' driver.
DEBUG - 2026-05-10 05:44:22 --> Session: Class initialized using 'CodeIgniter\Session\Handlers\FileHandler' driver.
DEBUG - 2026-05-10 05:56:09 --> Session: Class initialized using 'CodeIgniter\Session\Handlers\FileHandler' driver.
DEBUG - 2026-05-10 06:05:54 --> Session: Class initialized using 'CodeIgniter\Session\Handlers\FileHandler' driver.
DEBUG - 2026-05-10 06:06:00 --> Session: Class initialized using 'CodeIgniter\Session\Handlers\FileHandler' driver.
INFO - 2026-05-10 06:06:09 --> CSRF token verified.
DEBUG - 2026-05-10 06:06:09 --> Session: Class initialized using 'CodeIgniter\Session\Handlers\FileHandler' driver.
DEBUG - 2026-05-10 06:06:10 --> Session: Class initialized using 'CodeIgniter\Session\Handlers\FileHandler' driver.
DEBUG - 2026-05-10 06:09:08 --> Session: Class initialized using 'CodeIgniter\Session\Handlers\FileHandler' driver.
DEBUG - 2026-05-10 06:09:09 --> Session: Class initialized using 'CodeIgniter\Session\Handlers\FileHandler' driver.
DEBUG - 2026-05-10 06:09:12 --> Session: Class initialized using 'CodeIgniter\Session\Handlers\FileHandler' driver.
DEBUG - 2026-05-10 06:18:03 --> Session: Class initialized using 'CodeIgniter\Session\Handlers\FileHandler' driver.
INFO - 2026-05-10 06:18:17 --> CSRF token verified.
DEBUG - 2026-05-10 06:18:18 --> Session: Class initialized using 'CodeIgniter\Session\Handlers\FileHandler' driver.
DEBUG - 2026-05-10 06:18:18 --> Session: Class initialized using 'CodeIgniter\Session\Handlers\FileHandler' driver.
DEBUG - 2026-05-10 06:18:27 --> Session: Class initialized using 'CodeIgniter\Session\Handlers\FileHandler' driver.
DEBUG - 2026-05-10 06:19:31 --> Session: Class initialized using 'CodeIgniter\Session\Handlers\FileHandler' driver.
DEBUG - 2026-05-10 06:19:39 --> Session: Class initialized using 'CodeIgniter\Session\Handlers\FileHandler' driver.
ERROR - 2026-05-10 06:19:39 --> Unknown column 'photo_position' in 'field list'
in SYSTEMPATH\Database\MySQLi\Connection.php on line 300.
 1 SYSTEMPATH\Database\MySQLi\Connection.php(300): mysqli->query('UPDATE `resume_about` SET `tagline` = \'Full-Stack Web Developer\', `bio` = \'Fusce tempor magna mi, non egestas velit ultricies nec. Aenean convallis, risus non condimentum gravida, odio mauris ullamcorper felis, ut venenatis purus ex eu mi. Quisque imperdiet lacinia urna, a placerat sapien pretium eu.\', `photo_position` = \'50% 13%\', `cv_label` = \'Download CV\', `btn_contact_label` = \'Contact\', `btn_contact_email` = \'info@resumekraft.com\', `github` = \'\', `linkedin_url` = \'\', `twitter` = \'\', `facebook` = \'\'
WHERE `resume_about`.`id` IN (1)', 0)
 2 SYSTEMPATH\Database\BaseConnection.php(769): CodeIgniter\Database\MySQLi\Connection->execute('UPDATE `resume_about` SET `tagline` = \'Full-Stack Web Developer\', `bio` = \'Fusce tempor magna mi, non egestas velit ultricies nec. Aenean convallis, risus non condimentum gravida, odio mauris ullamcorper felis, ut venenatis purus ex eu mi. Quisque imperdiet lacinia urna, a placerat sapien pretium eu.\', `photo_position` = \'50% 13%\', `cv_label` = \'Download CV\', `btn_contact_label` = \'Contact\', `btn_contact_email` = \'info@resumekraft.com\', `github` = \'\', `linkedin_url` = \'\', `twitter` = \'\', `facebook` = \'\'
WHERE `resume_about`.`id` IN (1)')
 3 SYSTEMPATH\Database\BaseConnection.php(686): CodeIgniter\Database\BaseConnection->simpleQuery('UPDATE `resume_about` SET `tagline` = \'Full-Stack Web Developer\', `bio` = \'Fusce tempor magna mi, non egestas velit ultricies nec. Aenean convallis, risus non condimentum gravida, odio mauris ullamcorper felis, ut venenatis purus ex eu mi. Quisque imperdiet lacinia urna, a placerat sapien pretium eu.\', `photo_position` = \'50% 13%\', `cv_label` = \'Download CV\', `btn_contact_label` = \'Contact\', `btn_contact_email` = \'info@resumekraft.com\', `github` = \'\', `linkedin_url` = \'\', `twitter` = \'\', `facebook` = \'\'
WHERE `resume_about`.`id` IN (1)')
 4 SYSTEMPATH\Database\BaseBuilder.php(2521): CodeIgniter\Database\BaseConnection->query('UPDATE `resume_about` SET `tagline` = :tagline:, `bio` = :bio:, `photo_position` = :photo_position:, `cv_label` = :cv_label:, `btn_contact_label` = :btn_contact_label:, `btn_contact_email` = :btn_contact_email:, `github` = :github:, `linkedin_url` = :linkedin_url:, `twitter` = :twitter:, `facebook` = :facebook:
WHERE `resume_about`.`id` IN :resume_about.id:', [...], false)
 5 SYSTEMPATH\Model.php(407): CodeIgniter\Database\BaseBuilder->update()
 6 SYSTEMPATH\BaseModel.php(1073): CodeIgniter\Model->doUpdate([...], [...])
 7 SYSTEMPATH\Model.php(706): CodeIgniter\BaseModel->update([...], [...])
 8 APPPATH\Models\AboutModel.php(31): CodeIgniter\Model->update(1, [...])
 9 APPPATH\Controllers\Api\AboutController.php(15): App\Models\AboutModel->updateAbout([...])
10 SYSTEMPATH\CodeIgniter.php(951): App\Controllers\Api\AboutController->update()
11 SYSTEMPATH\CodeIgniter.php(497): CodeIgniter\CodeIgniter->runController(Object(App\Controllers\Api\AboutController))
12 SYSTEMPATH\CodeIgniter.php(340): CodeIgniter\CodeIgniter->handleRequest(null, Object(Config\Cache), false)
13 SYSTEMPATH\Boot.php(417): CodeIgniter\CodeIgniter->run()
14 SYSTEMPATH\Boot.php(68): CodeIgniter\Boot::runCodeIgniter(Object(CodeIgniter\CodeIgniter))
15 FCPATH\index.php(59): CodeIgniter\Boot::bootWeb(Object(Config\Paths))
CRITICAL - 2026-05-10 06:19:39 --> CodeIgniter\Database\Exceptions\DatabaseException: Unknown column 'photo_position' in 'field list'
[Method: POST, Route: api/about/update]
in SYSTEMPATH\Database\BaseConnection.php on line 724.
 1 SYSTEMPATH\Database\BaseBuilder.php(2521): CodeIgniter\Database\BaseConnection->query('UPDATE `resume_about` SET `tagline` = :tagline:, `bio` = :bio:, `photo_position` = :photo_position:, `cv_label` = :cv_label:, `btn_contact_label` = :btn_contact_label:, `btn_contact_email` = :btn_contact_email:, `github` = :github:, `linkedin_url` = :linkedin_url:, `twitter` = :twitter:, `facebook` = :facebook:
WHERE `resume_about`.`id` IN :resume_about.id:', [...], false)
 2 SYSTEMPATH\Model.php(407): CodeIgniter\Database\BaseBuilder->update()
 3 SYSTEMPATH\BaseModel.php(1073): CodeIgniter\Model->doUpdate([...], [...])
 4 SYSTEMPATH\Model.php(706): CodeIgniter\BaseModel->update([...], [...])
 5 APPPATH\Models\AboutModel.php(31): CodeIgniter\Model->update(1, [...])
 6 APPPATH\Controllers\Api\AboutController.php(15): App\Models\AboutModel->updateAbout([...])
 7 SYSTEMPATH\CodeIgniter.php(951): App\Controllers\Api\AboutController->update()
 8 SYSTEMPATH\CodeIgniter.php(497): CodeIgniter\CodeIgniter->runController(Object(App\Controllers\Api\AboutController))
 9 SYSTEMPATH\CodeIgniter.php(340): CodeIgniter\CodeIgniter->handleRequest(null, Object(Config\Cache), false)
10 SYSTEMPATH\Boot.php(417): CodeIgniter\CodeIgniter->run()
11 SYSTEMPATH\Boot.php(68): CodeIgniter\Boot::runCodeIgniter(Object(CodeIgniter\CodeIgniter))
12 FCPATH\index.php(59): CodeIgniter\Boot::bootWeb(Object(Config\Paths))
CRITICAL - 2026-05-10 06:19:39 --> [Caused by] CodeIgniter\Database\Exceptions\DatabaseException: Unknown column 'photo_position' in 'field list'
in SYSTEMPATH\Database\MySQLi\Connection.php on line 310.
 1 SYSTEMPATH\Database\BaseConnection.php(769): CodeIgniter\Database\MySQLi\Connection->execute('UPDATE `resume_about` SET `tagline` = \'Full-Stack Web Developer\', `bio` = \'Fusce tempor magna mi, non egestas velit ultricies nec. Aenean convallis, risus non condimentum gravida, odio mauris ullamcorper felis, ut venenatis purus ex eu mi. Quisque imperdiet lacinia urna, a placerat sapien pretium eu.\', `photo_position` = \'50% 13%\', `cv_label` = \'Download CV\', `btn_contact_label` = \'Contact\', `btn_contact_email` = \'info@resumekraft.com\', `github` = \'\', `linkedin_url` = \'\', `twitter` = \'\', `facebook` = \'\'
WHERE `resume_about`.`id` IN (1)')
 2 SYSTEMPATH\Database\BaseConnection.php(686): CodeIgniter\Database\BaseConnection->simpleQuery('UPDATE `resume_about` SET `tagline` = \'Full-Stack Web Developer\', `bio` = \'Fusce tempor magna mi, non egestas velit ultricies nec. Aenean convallis, risus non condimentum gravida, odio mauris ullamcorper felis, ut venenatis purus ex eu mi. Quisque imperdiet lacinia urna, a placerat sapien pretium eu.\', `photo_position` = \'50% 13%\', `cv_label` = \'Download CV\', `btn_contact_label` = \'Contact\', `btn_contact_email` = \'info@resumekraft.com\', `github` = \'\', `linkedin_url` = \'\', `twitter` = \'\', `facebook` = \'\'
WHERE `resume_about`.`id` IN (1)')
 3 SYSTEMPATH\Database\BaseBuilder.php(2521): CodeIgniter\Database\BaseConnection->query('UPDATE `resume_about` SET `tagline` = :tagline:, `bio` = :bio:, `photo_position` = :photo_position:, `cv_label` = :cv_label:, `btn_contact_label` = :btn_contact_label:, `btn_contact_email` = :btn_contact_email:, `github` = :github:, `linkedin_url` = :linkedin_url:, `twitter` = :twitter:, `facebook` = :facebook:
WHERE `resume_about`.`id` IN :resume_about.id:', [...], false)
 4 SYSTEMPATH\Model.php(407): CodeIgniter\Database\BaseBuilder->update()
 5 SYSTEMPATH\BaseModel.php(1073): CodeIgniter\Model->doUpdate([...], [...])
 6 SYSTEMPATH\Model.php(706): CodeIgniter\BaseModel->update([...], [...])
 7 APPPATH\Models\AboutModel.php(31): CodeIgniter\Model->update(1, [...])
 8 APPPATH\Controllers\Api\AboutController.php(15): App\Models\AboutModel->updateAbout([...])
 9 SYSTEMPATH\CodeIgniter.php(951): App\Controllers\Api\AboutController->update()
10 SYSTEMPATH\CodeIgniter.php(497): CodeIgniter\CodeIgniter->runController(Object(App\Controllers\Api\AboutController))
11 SYSTEMPATH\CodeIgniter.php(340): CodeIgniter\CodeIgniter->handleRequest(null, Object(Config\Cache), false)
12 SYSTEMPATH\Boot.php(417): CodeIgniter\CodeIgniter->run()
13 SYSTEMPATH\Boot.php(68): CodeIgniter\Boot::runCodeIgniter(Object(CodeIgniter\CodeIgniter))
14 FCPATH\index.php(59): CodeIgniter\Boot::bootWeb(Object(Config\Paths))
CRITICAL - 2026-05-10 06:19:39 --> [Caused by] mysqli_sql_exception: Unknown column 'photo_position' in 'field list'
in SYSTEMPATH\Database\MySQLi\Connection.php on line 300.
 1 SYSTEMPATH\Database\MySQLi\Connection.php(300): mysqli->query('UPDATE `resume_about` SET `tagline` = \'Full-Stack Web Developer\', `bio` = \'Fusce tempor magna mi, non egestas velit ultricies nec. Aenean convallis, risus non condimentum gravida, odio mauris ullamcorper felis, ut venenatis purus ex eu mi. Quisque imperdiet lacinia urna, a placerat sapien pretium eu.\', `photo_position` = \'50% 13%\', `cv_label` = \'Download CV\', `btn_contact_label` = \'Contact\', `btn_contact_email` = \'info@resumekraft.com\', `github` = \'\', `linkedin_url` = \'\', `twitter` = \'\', `facebook` = \'\'
WHERE `resume_about`.`id` IN (1)', 0)
 2 SYSTEMPATH\Database\BaseConnection.php(769): CodeIgniter\Database\MySQLi\Connection->execute('UPDATE `resume_about` SET `tagline` = \'Full-Stack Web Developer\', `bio` = \'Fusce tempor magna mi, non egestas velit ultricies nec. Aenean convallis, risus non condimentum gravida, odio mauris ullamcorper felis, ut venenatis purus ex eu mi. Quisque imperdiet lacinia urna, a placerat sapien pretium eu.\', `photo_position` = \'50% 13%\', `cv_label` = \'Download CV\', `btn_contact_label` = \'Contact\', `btn_contact_email` = \'info@resumekraft.com\', `github` = \'\', `linkedin_url` = \'\', `twitter` = \'\', `facebook` = \'\'
WHERE `resume_about`.`id` IN (1)')
 3 SYSTEMPATH\Database\BaseConnection.php(686): CodeIgniter\Database\BaseConnection->simpleQuery('UPDATE `resume_about` SET `tagline` = \'Full-Stack Web Developer\', `bio` = \'Fusce tempor magna mi, non egestas velit ultricies nec. Aenean convallis, risus non condimentum gravida, odio mauris ullamcorper felis, ut venenatis purus ex eu mi. Quisque imperdiet lacinia urna, a placerat sapien pretium eu.\', `photo_position` = \'50% 13%\', `cv_label` = \'Download CV\', `btn_contact_label` = \'Contact\', `btn_contact_email` = \'info@resumekraft.com\', `github` = \'\', `linkedin_url` = \'\', `twitter` = \'\', `facebook` = \'\'
WHERE `resume_about`.`id` IN (1)')
 4 SYSTEMPATH\Database\BaseBuilder.php(2521): CodeIgniter\Database\BaseConnection->query('UPDATE `resume_about` SET `tagline` = :tagline:, `bio` = :bio:, `photo_position` = :photo_position:, `cv_label` = :cv_label:, `btn_contact_label` = :btn_contact_label:, `btn_contact_email` = :btn_contact_email:, `github` = :github:, `linkedin_url` = :linkedin_url:, `twitter` = :twitter:, `facebook` = :facebook:
WHERE `resume_about`.`id` IN :resume_about.id:', [...], false)
 5 SYSTEMPATH\Model.php(407): CodeIgniter\Database\BaseBuilder->update()
 6 SYSTEMPATH\BaseModel.php(1073): CodeIgniter\Model->doUpdate([...], [...])
 7 SYSTEMPATH\Model.php(706): CodeIgniter\BaseModel->update([...], [...])
 8 APPPATH\Models\AboutModel.php(31): CodeIgniter\Model->update(1, [...])
 9 APPPATH\Controllers\Api\AboutController.php(15): App\Models\AboutModel->updateAbout([...])
10 SYSTEMPATH\CodeIgniter.php(951): App\Controllers\Api\AboutController->update()
11 SYSTEMPATH\CodeIgniter.php(497): CodeIgniter\CodeIgniter->runController(Object(App\Controllers\Api\AboutController))
12 SYSTEMPATH\CodeIgniter.php(340): CodeIgniter\CodeIgniter->handleRequest(null, Object(Config\Cache), false)
13 SYSTEMPATH\Boot.php(417): CodeIgniter\CodeIgniter->run()
14 SYSTEMPATH\Boot.php(68): CodeIgniter\Boot::runCodeIgniter(Object(CodeIgniter\CodeIgniter))
15 FCPATH\index.php(59): CodeIgniter\Boot::bootWeb(Object(Config\Paths))
DEBUG - 2026-05-10 06:22:48 --> Session: Class initialized using 'CodeIgniter\Session\Handlers\FileHandler' driver.
DEBUG - 2026-05-10 06:47:46 --> Session: Class initialized using 'CodeIgniter\Session\Handlers\FileHandler' driver.
DEBUG - 2026-05-10 06:47:46 --> Session: Class initialized using 'CodeIgniter\Session\Handlers\FileHandler' driver.
DEBUG - 2026-05-10 06:47:48 --> Session: Class initialized using 'CodeIgniter\Session\Handlers\FileHandler' driver.
DEBUG - 2026-05-10 06:47:54 --> Session: Class initialized using 'CodeIgniter\Session\Handlers\FileHandler' driver.
INFO - 2026-05-10 06:48:01 --> CSRF token verified.
DEBUG - 2026-05-10 06:48:01 --> Session: Class initialized using 'CodeIgniter\Session\Handlers\FileHandler' driver.
DEBUG - 2026-05-10 06:48:01 --> Session: Class initialized using 'CodeIgniter\Session\Handlers\FileHandler' driver.
DEBUG - 2026-05-10 06:49:19 --> Session: Class initialized using 'CodeIgniter\Session\Handlers\FileHandler' driver.
ERROR - 2026-05-10 06:49:19 --> Unknown column 'photo_position' in 'field list'
in SYSTEMPATH\Database\MySQLi\Connection.php on line 300.
 1 SYSTEMPATH\Database\MySQLi\Connection.php(300): mysqli->query('UPDATE `resume_about` SET `tagline` = \'Full-Stack Web Developer\', `bio` = \'A passionate Full-Stack Web Developer and BS Computer Science student at Aklan State University - Ibajay Campus and a DOST Junior Level Science Scholarship (JLSS) Scholar. Specializing in full-stack web development with hands-on experience in Laravel, React JS, and Python-based machine learning systems. Civil Service Professional eligible developer committed to creating intelligent digital solutions that make a meaningful impact in public service and local communities.\', `photo_position` = \'50% 50%\', `cv_label` = \'Download CV\', `btn_contact_label` = \'Contact\', `btn_contact_email` = \'info@resumekraft.com\', `github` = \'\', `linkedin_url` = \'\', `twitter` = \'\', `facebook` = \'\'
WHERE `resume_about`.`id` IN (1)', 0)
 2 SYSTEMPATH\Database\BaseConnection.php(769): CodeIgniter\Database\MySQLi\Connection->execute('UPDATE `resume_about` SET `tagline` = \'Full-Stack Web Developer\', `bio` = \'A passionate Full-Stack Web Developer and BS Computer Science student at Aklan State University - Ibajay Campus and a DOST Junior Level Science Scholarship (JLSS) Scholar. Specializing in full-stack web development with hands-on experience in Laravel, React JS, and Python-based machine learning systems. Civil Service Professional eligible developer committed to creating intelligent digital solutions that make a meaningful impact in public service and local communities.\', `photo_position` = \'50% 50%\', `cv_label` = \'Download CV\', `btn_contact_label` = \'Contact\', `btn_contact_email` = \'info@resumekraft.com\', `github` = \'\', `linkedin_url` = \'\', `twitter` = \'\', `facebook` = \'\'
WHERE `resume_about`.`id` IN (1)')
 3 SYSTEMPATH\Database\BaseConnection.php(686): CodeIgniter\Database\BaseConnection->simpleQuery('UPDATE `resume_about` SET `tagline` = \'Full-Stack Web Developer\', `bio` = \'A passionate Full-Stack Web Developer and BS Computer Science student at Aklan State University - Ibajay Campus and a DOST Junior Level Science Scholarship (JLSS) Scholar. Specializing in full-stack web development with hands-on experience in Laravel, React JS, and Python-based machine learning systems. Civil Service Professional eligible developer committed to creating intelligent digital solutions that make a meaningful impact in public service and local communities.\', `photo_position` = \'50% 50%\', `cv_label` = \'Download CV\', `btn_contact_label` = \'Contact\', `btn_contact_email` = \'info@resumekraft.com\', `github` = \'\', `linkedin_url` = \'\', `twitter` = \'\', `facebook` = \'\'
WHERE `resume_about`.`id` IN (1)')
 4 SYSTEMPATH\Database\BaseBuilder.php(2521): CodeIgniter\Database\BaseConnection->query('UPDATE `resume_about` SET `tagline` = :tagline:, `bio` = :bio:, `photo_position` = :photo_position:, `cv_label` = :cv_label:, `btn_contact_label` = :btn_contact_label:, `btn_contact_email` = :btn_contact_email:, `github` = :github:, `linkedin_url` = :linkedin_url:, `twitter` = :twitter:, `facebook` = :facebook:
WHERE `resume_about`.`id` IN :resume_about.id:', [...], false)
 5 SYSTEMPATH\Model.php(407): CodeIgniter\Database\BaseBuilder->update()
 6 SYSTEMPATH\BaseModel.php(1073): CodeIgniter\Model->doUpdate([...], [...])
 7 SYSTEMPATH\Model.php(706): CodeIgniter\BaseModel->update([...], [...])
 8 APPPATH\Models\AboutModel.php(31): CodeIgniter\Model->update(1, [...])
 9 APPPATH\Controllers\Api\AboutController.php(15): App\Models\AboutModel->updateAbout([...])
10 SYSTEMPATH\CodeIgniter.php(951): App\Controllers\Api\AboutController->update()
11 SYSTEMPATH\CodeIgniter.php(497): CodeIgniter\CodeIgniter->runController(Object(App\Controllers\Api\AboutController))
12 SYSTEMPATH\CodeIgniter.php(340): CodeIgniter\CodeIgniter->handleRequest(null, Object(Config\Cache), false)
13 SYSTEMPATH\Boot.php(417): CodeIgniter\CodeIgniter->run()
14 SYSTEMPATH\Boot.php(68): CodeIgniter\Boot::runCodeIgniter(Object(CodeIgniter\CodeIgniter))
15 FCPATH\index.php(59): CodeIgniter\Boot::bootWeb(Object(Config\Paths))
CRITICAL - 2026-05-10 06:49:19 --> CodeIgniter\Database\Exceptions\DatabaseException: Unknown column 'photo_position' in 'field list'
[Method: POST, Route: api/about/update]
in SYSTEMPATH\Database\BaseConnection.php on line 724.
 1 SYSTEMPATH\Database\BaseBuilder.php(2521): CodeIgniter\Database\BaseConnection->query('UPDATE `resume_about` SET `tagline` = :tagline:, `bio` = :bio:, `photo_position` = :photo_position:, `cv_label` = :cv_label:, `btn_contact_label` = :btn_contact_label:, `btn_contact_email` = :btn_contact_email:, `github` = :github:, `linkedin_url` = :linkedin_url:, `twitter` = :twitter:, `facebook` = :facebook:
WHERE `resume_about`.`id` IN :resume_about.id:', [...], false)
 2 SYSTEMPATH\Model.php(407): CodeIgniter\Database\BaseBuilder->update()
 3 SYSTEMPATH\BaseModel.php(1073): CodeIgniter\Model->doUpdate([...], [...])
 4 SYSTEMPATH\Model.php(706): CodeIgniter\BaseModel->update([...], [...])
 5 APPPATH\Models\AboutModel.php(31): CodeIgniter\Model->update(1, [...])
 6 APPPATH\Controllers\Api\AboutController.php(15): App\Models\AboutModel->updateAbout([...])
 7 SYSTEMPATH\CodeIgniter.php(951): App\Controllers\Api\AboutController->update()
 8 SYSTEMPATH\CodeIgniter.php(497): CodeIgniter\CodeIgniter->runController(Object(App\Controllers\Api\AboutController))
 9 SYSTEMPATH\CodeIgniter.php(340): CodeIgniter\CodeIgniter->handleRequest(null, Object(Config\Cache), false)
10 SYSTEMPATH\Boot.php(417): CodeIgniter\CodeIgniter->run()
11 SYSTEMPATH\Boot.php(68): CodeIgniter\Boot::runCodeIgniter(Object(CodeIgniter\CodeIgniter))
12 FCPATH\index.php(59): CodeIgniter\Boot::bootWeb(Object(Config\Paths))
CRITICAL - 2026-05-10 06:49:19 --> [Caused by] CodeIgniter\Database\Exceptions\DatabaseException: Unknown column 'photo_position' in 'field list'
in SYSTEMPATH\Database\MySQLi\Connection.php on line 310.
 1 SYSTEMPATH\Database\BaseConnection.php(769): CodeIgniter\Database\MySQLi\Connection->execute('UPDATE `resume_about` SET `tagline` = \'Full-Stack Web Developer\', `bio` = \'A passionate Full-Stack Web Developer and BS Computer Science student at Aklan State University - Ibajay Campus and a DOST Junior Level Science Scholarship (JLSS) Scholar. Specializing in full-stack web development with hands-on experience in Laravel, React JS, and Python-based machine learning systems. Civil Service Professional eligible developer committed to creating intelligent digital solutions that make a meaningful impact in public service and local communities.\', `photo_position` = \'50% 50%\', `cv_label` = \'Download CV\', `btn_contact_label` = \'Contact\', `btn_contact_email` = \'info@resumekraft.com\', `github` = \'\', `linkedin_url` = \'\', `twitter` = \'\', `facebook` = \'\'
WHERE `resume_about`.`id` IN (1)')
 2 SYSTEMPATH\Database\BaseConnection.php(686): CodeIgniter\Database\BaseConnection->simpleQuery('UPDATE `resume_about` SET `tagline` = \'Full-Stack Web Developer\', `bio` = \'A passionate Full-Stack Web Developer and BS Computer Science student at Aklan State University - Ibajay Campus and a DOST Junior Level Science Scholarship (JLSS) Scholar. Specializing in full-stack web development with hands-on experience in Laravel, React JS, and Python-based machine learning systems. Civil Service Professional eligible developer committed to creating intelligent digital solutions that make a meaningful impact in public service and local communities.\', `photo_position` = \'50% 50%\', `cv_label` = \'Download CV\', `btn_contact_label` = \'Contact\', `btn_contact_email` = \'info@resumekraft.com\', `github` = \'\', `linkedin_url` = \'\', `twitter` = \'\', `facebook` = \'\'
WHERE `resume_about`.`id` IN (1)')
 3 SYSTEMPATH\Database\BaseBuilder.php(2521): CodeIgniter\Database\BaseConnection->query('UPDATE `resume_about` SET `tagline` = :tagline:, `bio` = :bio:, `photo_position` = :photo_position:, `cv_label` = :cv_label:, `btn_contact_label` = :btn_contact_label:, `btn_contact_email` = :btn_contact_email:, `github` = :github:, `linkedin_url` = :linkedin_url:, `twitter` = :twitter:, `facebook` = :facebook:
WHERE `resume_about`.`id` IN :resume_about.id:', [...], false)
 4 SYSTEMPATH\Model.php(407): CodeIgniter\Database\BaseBuilder->update()
 5 SYSTEMPATH\BaseModel.php(1073): CodeIgniter\Model->doUpdate([...], [...])
 6 SYSTEMPATH\Model.php(706): CodeIgniter\BaseModel->update([...], [...])
 7 APPPATH\Models\AboutModel.php(31): CodeIgniter\Model->update(1, [...])
 8 APPPATH\Controllers\Api\AboutController.php(15): App\Models\AboutModel->updateAbout([...])
 9 SYSTEMPATH\CodeIgniter.php(951): App\Controllers\Api\AboutController->update()
10 SYSTEMPATH\CodeIgniter.php(497): CodeIgniter\CodeIgniter->runController(Object(App\Controllers\Api\AboutController))
11 SYSTEMPATH\CodeIgniter.php(340): CodeIgniter\CodeIgniter->handleRequest(null, Object(Config\Cache), false)
12 SYSTEMPATH\Boot.php(417): CodeIgniter\CodeIgniter->run()
13 SYSTEMPATH\Boot.php(68): CodeIgniter\Boot::runCodeIgniter(Object(CodeIgniter\CodeIgniter))
14 FCPATH\index.php(59): CodeIgniter\Boot::bootWeb(Object(Config\Paths))
CRITICAL - 2026-05-10 06:49:19 --> [Caused by] mysqli_sql_exception: Unknown column 'photo_position' in 'field list'
in SYSTEMPATH\Database\MySQLi\Connection.php on line 300.
 1 SYSTEMPATH\Database\MySQLi\Connection.php(300): mysqli->query('UPDATE `resume_about` SET `tagline` = \'Full-Stack Web Developer\', `bio` = \'A passionate Full-Stack Web Developer and BS Computer Science student at Aklan State University - Ibajay Campus and a DOST Junior Level Science Scholarship (JLSS) Scholar. Specializing in full-stack web development with hands-on experience in Laravel, React JS, and Python-based machine learning systems. Civil Service Professional eligible developer committed to creating intelligent digital solutions that make a meaningful impact in public service and local communities.\', `photo_position` = \'50% 50%\', `cv_label` = \'Download CV\', `btn_contact_label` = \'Contact\', `btn_contact_email` = \'info@resumekraft.com\', `github` = \'\', `linkedin_url` = \'\', `twitter` = \'\', `facebook` = \'\'
WHERE `resume_about`.`id` IN (1)', 0)
 2 SYSTEMPATH\Database\BaseConnection.php(769): CodeIgniter\Database\MySQLi\Connection->execute('UPDATE `resume_about` SET `tagline` = \'Full-Stack Web Developer\', `bio` = \'A passionate Full-Stack Web Developer and BS Computer Science student at Aklan State University - Ibajay Campus and a DOST Junior Level Science Scholarship (JLSS) Scholar. Specializing in full-stack web development with hands-on experience in Laravel, React JS, and Python-based machine learning systems. Civil Service Professional eligible developer committed to creating intelligent digital solutions that make a meaningful impact in public service and local communities.\', `photo_position` = \'50% 50%\', `cv_label` = \'Download CV\', `btn_contact_label` = \'Contact\', `btn_contact_email` = \'info@resumekraft.com\', `github` = \'\', `linkedin_url` = \'\', `twitter` = \'\', `facebook` = \'\'
WHERE `resume_about`.`id` IN (1)')
 3 SYSTEMPATH\Database\BaseConnection.php(686): CodeIgniter\Database\BaseConnection->simpleQuery('UPDATE `resume_about` SET `tagline` = \'Full-Stack Web Developer\', `bio` = \'A passionate Full-Stack Web Developer and BS Computer Science student at Aklan State University - Ibajay Campus and a DOST Junior Level Science Scholarship (JLSS) Scholar. Specializing in full-stack web development with hands-on experience in Laravel, React JS, and Python-based machine learning systems. Civil Service Professional eligible developer committed to creating intelligent digital solutions that make a meaningful impact in public service and local communities.\', `photo_position` = \'50% 50%\', `cv_label` = \'Download CV\', `btn_contact_label` = \'Contact\', `btn_contact_email` = \'info@resumekraft.com\', `github` = \'\', `linkedin_url` = \'\', `twitter` = \'\', `facebook` = \'\'
WHERE `resume_about`.`id` IN (1)')
 4 SYSTEMPATH\Database\BaseBuilder.php(2521): CodeIgniter\Database\BaseConnection->query('UPDATE `resume_about` SET `tagline` = :tagline:, `bio` = :bio:, `photo_position` = :photo_position:, `cv_label` = :cv_label:, `btn_contact_label` = :btn_contact_label:, `btn_contact_email` = :btn_contact_email:, `github` = :github:, `linkedin_url` = :linkedin_url:, `twitter` = :twitter:, `facebook` = :facebook:
WHERE `resume_about`.`id` IN :resume_about.id:', [...], false)
 5 SYSTEMPATH\Model.php(407): CodeIgniter\Database\BaseBuilder->update()
 6 SYSTEMPATH\BaseModel.php(1073): CodeIgniter\Model->doUpdate([...], [...])
 7 SYSTEMPATH\Model.php(706): CodeIgniter\BaseModel->update([...], [...])
 8 APPPATH\Models\AboutModel.php(31): CodeIgniter\Model->update(1, [...])
 9 APPPATH\Controllers\Api\AboutController.php(15): App\Models\AboutModel->updateAbout([...])
10 SYSTEMPATH\CodeIgniter.php(951): App\Controllers\Api\AboutController->update()
11 SYSTEMPATH\CodeIgniter.php(497): CodeIgniter\CodeIgniter->runController(Object(App\Controllers\Api\AboutController))
12 SYSTEMPATH\CodeIgniter.php(340): CodeIgniter\CodeIgniter->handleRequest(null, Object(Config\Cache), false)
13 SYSTEMPATH\Boot.php(417): CodeIgniter\CodeIgniter->run()
14 SYSTEMPATH\Boot.php(68): CodeIgniter\Boot::runCodeIgniter(Object(CodeIgniter\CodeIgniter))
15 FCPATH\index.php(59): CodeIgniter\Boot::bootWeb(Object(Config\Paths))
DEBUG - 2026-05-10 06:49:46 --> Session: Class initialized using 'CodeIgniter\Session\Handlers\FileHandler' driver.
DEBUG - 2026-05-10 06:51:24 --> Session: Class initialized using 'CodeIgniter\Session\Handlers\FileHandler' driver.
DEBUG - 2026-05-10 06:52:21 --> Session: Class initialized using 'CodeIgniter\Session\Handlers\FileHandler' driver.
DEBUG - 2026-05-10 06:52:31 --> Session: Class initialized using 'CodeIgniter\Session\Handlers\FileHandler' driver.
DEBUG - 2026-05-10 07:57:15 --> Session: Class initialized using 'CodeIgniter\Session\Handlers\FileHandler' driver.
DEBUG - 2026-05-10 07:59:29 --> Session: Class initialized using 'CodeIgniter\Session\Handlers\FileHandler' driver.
DEBUG - 2026-05-10 08:33:37 --> Session: Class initialized using 'CodeIgniter\Session\Handlers\FileHandler' driver.
DEBUG - 2026-05-10 08:33:46 --> Session: Class initialized using 'CodeIgniter\Session\Handlers\FileHandler' driver.
DEBUG - 2026-05-10 08:33:49 --> Session: Class initialized using 'CodeIgniter\Session\Handlers\FileHandler' driver.
INFO - 2026-05-10 08:33:59 --> CSRF token verified.
DEBUG - 2026-05-10 08:33:59 --> Session: Class initialized using 'CodeIgniter\Session\Handlers\FileHandler' driver.
DEBUG - 2026-05-10 08:34:00 --> Session: Class initialized using 'CodeIgniter\Session\Handlers\FileHandler' driver.
DEBUG - 2026-05-10 08:34:41 --> Session: Class initialized using 'CodeIgniter\Session\Handlers\FileHandler' driver.
DEBUG - 2026-05-10 08:34:42 --> Session: Class initialized using 'CodeIgniter\Session\Handlers\FileHandler' driver.
DEBUG - 2026-05-10 08:34:45 --> Session: Class initialized using 'CodeIgniter\Session\Handlers\FileHandler' driver.
DEBUG - 2026-05-10 08:35:04 --> Session: Class initialized using 'CodeIgniter\Session\Handlers\FileHandler' driver.
DEBUG - 2026-05-10 08:44:06 --> Session: Class initialized using 'CodeIgniter\Session\Handlers\FileHandler' driver.
DEBUG - 2026-05-10 08:44:09 --> Session: Class initialized using 'CodeIgniter\Session\Handlers\FileHandler' driver.
INFO - 2026-05-10 08:44:22 --> CSRF token verified.
DEBUG - 2026-05-10 08:44:23 --> Session: Class initialized using 'CodeIgniter\Session\Handlers\FileHandler' driver.
DEBUG - 2026-05-10 08:44:23 --> Session: Class initialized using 'CodeIgniter\Session\Handlers\FileHandler' driver.
DEBUG - 2026-05-10 08:45:30 --> Session: Class initialized using 'CodeIgniter\Session\Handlers\FileHandler' driver.
DEBUG - 2026-05-10 08:45:37 --> Session: Class initialized using 'CodeIgniter\Session\Handlers\FileHandler' driver.
DEBUG - 2026-05-10 08:45:38 --> Session: Class initialized using 'CodeIgniter\Session\Handlers\FileHandler' driver.
DEBUG - 2026-05-10 08:45:51 --> Session: Class initialized using 'CodeIgniter\Session\Handlers\FileHandler' driver.
DEBUG - 2026-05-10 08:46:07 --> Session: Class initialized using 'CodeIgniter\Session\Handlers\FileHandler' driver.
DEBUG - 2026-05-10 08:46:12 --> Session: Class initialized using 'CodeIgniter\Session\Handlers\FileHandler' driver.
DEBUG - 2026-05-10 08:46:18 --> Session: Class initialized using 'CodeIgniter\Session\Handlers\FileHandler' driver.
INFO - 2026-05-10 08:46:27 --> CSRF token verified.
DEBUG - 2026-05-10 08:46:28 --> Session: Class initialized using 'CodeIgniter\Session\Handlers\FileHandler' driver.
DEBUG - 2026-05-10 08:46:28 --> Session: Class initialized using 'CodeIgniter\Session\Handlers\FileHandler' driver.
DEBUG - 2026-05-10 08:46:42 --> Session: Class initialized using 'CodeIgniter\Session\Handlers\FileHandler' driver.
ERROR - 2026-05-10 08:46:43 --> Unknown column 'photo_position' in 'field list'
in SYSTEMPATH\Database\MySQLi\Connection.php on line 300.
 1 SYSTEMPATH\Database\MySQLi\Connection.php(300): mysqli->query('UPDATE `resume_about` SET `tagline` = \'Full-Stack Web Developer\', `bio` = \'Fusce tempor magna mi, non egestas velit ultricies nec. Aenean convallis, risus non condimentum gravida, odio mauris ullamcorper felis, ut venenatis purus ex eu mi. Quisque imperdiet lacinia urna, a placerat sapien pretium eu.\', `photo_position` = \'50% 13%\', `cv_label` = \'Download CV\', `btn_contact_label` = \'Contact\', `btn_contact_email` = \'info@resumekraft.com\', `github` = \'\', `linkedin_url` = \'\', `twitter` = \'\', `facebook` = \'\'
WHERE `resume_about`.`id` IN (1)', 0)
 2 SYSTEMPATH\Database\BaseConnection.php(769): CodeIgniter\Database\MySQLi\Connection->execute('UPDATE `resume_about` SET `tagline` = \'Full-Stack Web Developer\', `bio` = \'Fusce tempor magna mi, non egestas velit ultricies nec. Aenean convallis, risus non condimentum gravida, odio mauris ullamcorper felis, ut venenatis purus ex eu mi. Quisque imperdiet lacinia urna, a placerat sapien pretium eu.\', `photo_position` = \'50% 13%\', `cv_label` = \'Download CV\', `btn_contact_label` = \'Contact\', `btn_contact_email` = \'info@resumekraft.com\', `github` = \'\', `linkedin_url` = \'\', `twitter` = \'\', `facebook` = \'\'
WHERE `resume_about`.`id` IN (1)')
 3 SYSTEMPATH\Database\BaseConnection.php(686): CodeIgniter\Database\BaseConnection->simpleQuery('UPDATE `resume_about` SET `tagline` = \'Full-Stack Web Developer\', `bio` = \'Fusce tempor magna mi, non egestas velit ultricies nec. Aenean convallis, risus non condimentum gravida, odio mauris ullamcorper felis, ut venenatis purus ex eu mi. Quisque imperdiet lacinia urna, a placerat sapien pretium eu.\', `photo_position` = \'50% 13%\', `cv_label` = \'Download CV\', `btn_contact_label` = \'Contact\', `btn_contact_email` = \'info@resumekraft.com\', `github` = \'\', `linkedin_url` = \'\', `twitter` = \'\', `facebook` = \'\'
WHERE `resume_about`.`id` IN (1)')
 4 SYSTEMPATH\Database\BaseBuilder.php(2521): CodeIgniter\Database\BaseConnection->query('UPDATE `resume_about` SET `tagline` = :tagline:, `bio` = :bio:, `photo_position` = :photo_position:, `cv_label` = :cv_label:, `btn_contact_label` = :btn_contact_label:, `btn_contact_email` = :btn_contact_email:, `github` = :github:, `linkedin_url` = :linkedin_url:, `twitter` = :twitter:, `facebook` = :facebook:
WHERE `resume_about`.`id` IN :resume_about.id:', [...], false)
 5 SYSTEMPATH\Model.php(407): CodeIgniter\Database\BaseBuilder->update()
 6 SYSTEMPATH\BaseModel.php(1073): CodeIgniter\Model->doUpdate([...], [...])
 7 SYSTEMPATH\Model.php(706): CodeIgniter\BaseModel->update([...], [...])
 8 APPPATH\Models\AboutModel.php(31): CodeIgniter\Model->update(1, [...])
 9 APPPATH\Controllers\Api\AboutController.php(15): App\Models\AboutModel->updateAbout([...])
10 SYSTEMPATH\CodeIgniter.php(951): App\Controllers\Api\AboutController->update()
11 SYSTEMPATH\CodeIgniter.php(497): CodeIgniter\CodeIgniter->runController(Object(App\Controllers\Api\AboutController))
12 SYSTEMPATH\CodeIgniter.php(340): CodeIgniter\CodeIgniter->handleRequest(null, Object(Config\Cache), false)
13 SYSTEMPATH\Boot.php(417): CodeIgniter\CodeIgniter->run()
14 SYSTEMPATH\Boot.php(68): CodeIgniter\Boot::runCodeIgniter(Object(CodeIgniter\CodeIgniter))
15 FCPATH\index.php(59): CodeIgniter\Boot::bootWeb(Object(Config\Paths))
CRITICAL - 2026-05-10 08:46:43 --> CodeIgniter\Database\Exceptions\DatabaseException: Unknown column 'photo_position' in 'field list'
[Method: POST, Route: api/about/update]
in SYSTEMPATH\Database\BaseConnection.php on line 724.
 1 SYSTEMPATH\Database\BaseBuilder.php(2521): CodeIgniter\Database\BaseConnection->query('UPDATE `resume_about` SET `tagline` = :tagline:, `bio` = :bio:, `photo_position` = :photo_position:, `cv_label` = :cv_label:, `btn_contact_label` = :btn_contact_label:, `btn_contact_email` = :btn_contact_email:, `github` = :github:, `linkedin_url` = :linkedin_url:, `twitter` = :twitter:, `facebook` = :facebook:
WHERE `resume_about`.`id` IN :resume_about.id:', [...], false)
 2 SYSTEMPATH\Model.php(407): CodeIgniter\Database\BaseBuilder->update()
 3 SYSTEMPATH\BaseModel.php(1073): CodeIgniter\Model->doUpdate([...], [...])
 4 SYSTEMPATH\Model.php(706): CodeIgniter\BaseModel->update([...], [...])
 5 APPPATH\Models\AboutModel.php(31): CodeIgniter\Model->update(1, [...])
 6 APPPATH\Controllers\Api\AboutController.php(15): App\Models\AboutModel->updateAbout([...])
 7 SYSTEMPATH\CodeIgniter.php(951): App\Controllers\Api\AboutController->update()
 8 SYSTEMPATH\CodeIgniter.php(497): CodeIgniter\CodeIgniter->runController(Object(App\Controllers\Api\AboutController))
 9 SYSTEMPATH\CodeIgniter.php(340): CodeIgniter\CodeIgniter->handleRequest(null, Object(Config\Cache), false)
10 SYSTEMPATH\Boot.php(417): CodeIgniter\CodeIgniter->run()
11 SYSTEMPATH\Boot.php(68): CodeIgniter\Boot::runCodeIgniter(Object(CodeIgniter\CodeIgniter))
12 FCPATH\index.php(59): CodeIgniter\Boot::bootWeb(Object(Config\Paths))
CRITICAL - 2026-05-10 08:46:43 --> [Caused by] CodeIgniter\Database\Exceptions\DatabaseException: Unknown column 'photo_position' in 'field list'
in SYSTEMPATH\Database\MySQLi\Connection.php on line 310.
 1 SYSTEMPATH\Database\BaseConnection.php(769): CodeIgniter\Database\MySQLi\Connection->execute('UPDATE `resume_about` SET `tagline` = \'Full-Stack Web Developer\', `bio` = \'Fusce tempor magna mi, non egestas velit ultricies nec. Aenean convallis, risus non condimentum gravida, odio mauris ullamcorper felis, ut venenatis purus ex eu mi. Quisque imperdiet lacinia urna, a placerat sapien pretium eu.\', `photo_position` = \'50% 13%\', `cv_label` = \'Download CV\', `btn_contact_label` = \'Contact\', `btn_contact_email` = \'info@resumekraft.com\', `github` = \'\', `linkedin_url` = \'\', `twitter` = \'\', `facebook` = \'\'
WHERE `resume_about`.`id` IN (1)')
 2 SYSTEMPATH\Database\BaseConnection.php(686): CodeIgniter\Database\BaseConnection->simpleQuery('UPDATE `resume_about` SET `tagline` = \'Full-Stack Web Developer\', `bio` = \'Fusce tempor magna mi, non egestas velit ultricies nec. Aenean convallis, risus non condimentum gravida, odio mauris ullamcorper felis, ut venenatis purus ex eu mi. Quisque imperdiet lacinia urna, a placerat sapien pretium eu.\', `photo_position` = \'50% 13%\', `cv_label` = \'Download CV\', `btn_contact_label` = \'Contact\', `btn_contact_email` = \'info@resumekraft.com\', `github` = \'\', `linkedin_url` = \'\', `twitter` = \'\', `facebook` = \'\'
WHERE `resume_about`.`id` IN (1)')
 3 SYSTEMPATH\Database\BaseBuilder.php(2521): CodeIgniter\Database\BaseConnection->query('UPDATE `resume_about` SET `tagline` = :tagline:, `bio` = :bio:, `photo_position` = :photo_position:, `cv_label` = :cv_label:, `btn_contact_label` = :btn_contact_label:, `btn_contact_email` = :btn_contact_email:, `github` = :github:, `linkedin_url` = :linkedin_url:, `twitter` = :twitter:, `facebook` = :facebook:
WHERE `resume_about`.`id` IN :resume_about.id:', [...], false)
 4 SYSTEMPATH\Model.php(407): CodeIgniter\Database\BaseBuilder->update()
 5 SYSTEMPATH\BaseModel.php(1073): CodeIgniter\Model->doUpdate([...], [...])
 6 SYSTEMPATH\Model.php(706): CodeIgniter\BaseModel->update([...], [...])
 7 APPPATH\Models\AboutModel.php(31): CodeIgniter\Model->update(1, [...])
 8 APPPATH\Controllers\Api\AboutController.php(15): App\Models\AboutModel->updateAbout([...])
 9 SYSTEMPATH\CodeIgniter.php(951): App\Controllers\Api\AboutController->update()
10 SYSTEMPATH\CodeIgniter.php(497): CodeIgniter\CodeIgniter->runController(Object(App\Controllers\Api\AboutController))
11 SYSTEMPATH\CodeIgniter.php(340): CodeIgniter\CodeIgniter->handleRequest(null, Object(Config\Cache), false)
12 SYSTEMPATH\Boot.php(417): CodeIgniter\CodeIgniter->run()
13 SYSTEMPATH\Boot.php(68): CodeIgniter\Boot::runCodeIgniter(Object(CodeIgniter\CodeIgniter))
14 FCPATH\index.php(59): CodeIgniter\Boot::bootWeb(Object(Config\Paths))
CRITICAL - 2026-05-10 08:46:43 --> [Caused by] mysqli_sql_exception: Unknown column 'photo_position' in 'field list'
in SYSTEMPATH\Database\MySQLi\Connection.php on line 300.
 1 SYSTEMPATH\Database\MySQLi\Connection.php(300): mysqli->query('UPDATE `resume_about` SET `tagline` = \'Full-Stack Web Developer\', `bio` = \'Fusce tempor magna mi, non egestas velit ultricies nec. Aenean convallis, risus non condimentum gravida, odio mauris ullamcorper felis, ut venenatis purus ex eu mi. Quisque imperdiet lacinia urna, a placerat sapien pretium eu.\', `photo_position` = \'50% 13%\', `cv_label` = \'Download CV\', `btn_contact_label` = \'Contact\', `btn_contact_email` = \'info@resumekraft.com\', `github` = \'\', `linkedin_url` = \'\', `twitter` = \'\', `facebook` = \'\'
WHERE `resume_about`.`id` IN (1)', 0)
 2 SYSTEMPATH\Database\BaseConnection.php(769): CodeIgniter\Database\MySQLi\Connection->execute('UPDATE `resume_about` SET `tagline` = \'Full-Stack Web Developer\', `bio` = \'Fusce tempor magna mi, non egestas velit ultricies nec. Aenean convallis, risus non condimentum gravida, odio mauris ullamcorper felis, ut venenatis purus ex eu mi. Quisque imperdiet lacinia urna, a placerat sapien pretium eu.\', `photo_position` = \'50% 13%\', `cv_label` = \'Download CV\', `btn_contact_label` = \'Contact\', `btn_contact_email` = \'info@resumekraft.com\', `github` = \'\', `linkedin_url` = \'\', `twitter` = \'\', `facebook` = \'\'
WHERE `resume_about`.`id` IN (1)')
 3 SYSTEMPATH\Database\BaseConnection.php(686): CodeIgniter\Database\BaseConnection->simpleQuery('UPDATE `resume_about` SET `tagline` = \'Full-Stack Web Developer\', `bio` = \'Fusce tempor magna mi, non egestas velit ultricies nec. Aenean convallis, risus non condimentum gravida, odio mauris ullamcorper felis, ut venenatis purus ex eu mi. Quisque imperdiet lacinia urna, a placerat sapien pretium eu.\', `photo_position` = \'50% 13%\', `cv_label` = \'Download CV\', `btn_contact_label` = \'Contact\', `btn_contact_email` = \'info@resumekraft.com\', `github` = \'\', `linkedin_url` = \'\', `twitter` = \'\', `facebook` = \'\'
WHERE `resume_about`.`id` IN (1)')
 4 SYSTEMPATH\Database\BaseBuilder.php(2521): CodeIgniter\Database\BaseConnection->query('UPDATE `resume_about` SET `tagline` = :tagline:, `bio` = :bio:, `photo_position` = :photo_position:, `cv_label` = :cv_label:, `btn_contact_label` = :btn_contact_label:, `btn_contact_email` = :btn_contact_email:, `github` = :github:, `linkedin_url` = :linkedin_url:, `twitter` = :twitter:, `facebook` = :facebook:
WHERE `resume_about`.`id` IN :resume_about.id:', [...], false)
 5 SYSTEMPATH\Model.php(407): CodeIgniter\Database\BaseBuilder->update()
 6 SYSTEMPATH\BaseModel.php(1073): CodeIgniter\Model->doUpdate([...], [...])
 7 SYSTEMPATH\Model.php(706): CodeIgniter\BaseModel->update([...], [...])
 8 APPPATH\Models\AboutModel.php(31): CodeIgniter\Model->update(1, [...])
 9 APPPATH\Controllers\Api\AboutController.php(15): App\Models\AboutModel->updateAbout([...])
10 SYSTEMPATH\CodeIgniter.php(951): App\Controllers\Api\AboutController->update()
11 SYSTEMPATH\CodeIgniter.php(497): CodeIgniter\CodeIgniter->runController(Object(App\Controllers\Api\AboutController))
12 SYSTEMPATH\CodeIgniter.php(340): CodeIgniter\CodeIgniter->handleRequest(null, Object(Config\Cache), false)
13 SYSTEMPATH\Boot.php(417): CodeIgniter\CodeIgniter->run()
14 SYSTEMPATH\Boot.php(68): CodeIgniter\Boot::runCodeIgniter(Object(CodeIgniter\CodeIgniter))
15 FCPATH\index.php(59): CodeIgniter\Boot::bootWeb(Object(Config\Paths))
DEBUG - 2026-05-10 08:46:48 --> Session: Class initialized using 'CodeIgniter\Session\Handlers\FileHandler' driver.
DEBUG - 2026-05-10 08:47:19 --> Session: Class initialized using 'CodeIgniter\Session\Handlers\FileHandler' driver.
DEBUG - 2026-05-10 08:47:34 --> Session: Class initialized using 'CodeIgniter\Session\Handlers\FileHandler' driver.
DEBUG - 2026-05-10 08:47:52 --> Session: Class initialized using 'CodeIgniter\Session\Handlers\FileHandler' driver.
DEBUG - 2026-05-10 09:44:38 --> Session: Class initialized using 'CodeIgniter\Session\Handlers\FileHandler' driver.
DEBUG - 2026-05-10 09:50:51 --> Session: Class initialized using 'CodeIgniter\Session\Handlers\FileHandler' driver.
DEBUG - 2026-05-10 09:51:00 --> Session: Class initialized using 'CodeIgniter\Session\Handlers\FileHandler' driver.
DEBUG - 2026-05-10 09:51:08 --> Session: Class initialized using 'CodeIgniter\Session\Handlers\FileHandler' driver.
DEBUG - 2026-05-10 10:01:02 --> Session: Class initialized using 'CodeIgniter\Session\Handlers\FileHandler' driver.
DEBUG - 2026-05-10 10:44:49 --> Session: Class initialized using 'CodeIgniter\Session\Handlers\FileHandler' driver.
DEBUG - 2026-05-10 10:44:50 --> Session: Class initialized using 'CodeIgniter\Session\Handlers\FileHandler' driver.
DEBUG - 2026-05-10 10:44:50 --> Session: Class initialized using 'CodeIgniter\Session\Handlers\FileHandler' driver.
